Customizing shell for Lassen.
Customizing shell for Lassen.
Activating 'timing.fusion' environment for '/g/g17/mtcampbe/ceesd-timing/emirge.fusion/miniforge3/bin/conda'.
python -m mpi4py ./combozzle.py -i ./run_config/case2d_p1s1.yaml --lazy
./combozzle.py:1133: UserWarning: Automatically turning off DV logging. MIRGE-Com Issue(578)
  warn("Automatically turning off DV logging. MIRGE-Com Issue(578)")
/p/gpfs1/mtcampbe/CEESD/AutomatedTesting/MIRGE-Timing/timing/emirge.fusion/grudge/grudge/array_context.py:59: UserWarning: Your loopy and meshmode branches are mismatched. Please make sure that you have the https://github.com/kaushikcfd/loopy/tree/pytato-array-context-transforms branch of loopy.
  warn("Your loopy and meshmode branches are mismatched. "
--------------------------------------------------------------------------
By default, for Open MPI 4.0 and later, infiniband ports on a device
are not used by default.  The intent is to use UCX for these devices.
You can override this policy by setting the btl_openib_allow_ib MCA parameter
to true.

  Local host:              lassen204
  Local adapter:           mlx5_1
  Local port:              1

--------------------------------------------------------------------------
--------------------------------------------------------------------------
WARNING: There was an error initializing an OpenFabrics device.

  Local host:   lassen204
  Local device: mlx5_1
--------------------------------------------------------------------------
[lassen204:78915] mca_base_component_repository_open: unable to open mca_pml_pami: libpami.so.3: cannot open shared object file: No such file or directory (ignored)
[1649106575.955817] [lassen204:78915:0]         mxm.c:196  MXM  WARN  The 'ulimit -s' on the system is set to 'unlimited'. This may have negative performance implications. Please set the stack size to the default value (10240) 
[lassen204:78915] mca_base_component_repository_open: unable to open mca_coll_ibm: libcollectives.so.3: cannot open shared object file: No such file or directory (ignored)
[lassen204:78915] mca_base_component_repository_open: unable to open mca_osc_pami: libpami.so.3: cannot open shared object file: No such file or directory (ignored)
rank 0: sent all mesh partitions
./combozzle.py:586: DeprecationWarning: EagerDGDiscretization is deprecated and will go away in 2022. Use the base DiscretizationCollection with grudge.op instead.
  discr = EagerDGDiscretization(
Unification converged after 1 iterations.
Array Contraction: Contracting 0 temps
preprocess_program on '_pt_kernel': completed (6.92s wall 0.02x CPU)
_pt_kernel: generate code: completed (0.40s wall 0.27x CPU)
build program: kernel '_pt_kernel' was part of a lengthy source build resulting from a binary cache miss (0.95 s)
Unification converged after 3 iterations.
fuse_same_discretization_entity_loops on '_pt_kernel': completed (0.37s wall 1.00x CPU)
Loop Fusion: completed (0.40s wall 1.00x CPU)
Array Contraction: Contracting 1 temps
build program: kernel '_pt_kernel' was part of a lengthy source build resulting from a binary cache miss (0.76 s)
build program: kernel '_pt_kernel_0' was part of a lengthy source build resulting from a binary cache miss (0.76 s)
build program: kernel '_pt_kernel_1' was part of a lengthy source build resulting from a binary cache miss (0.76 s)
building face restriction: start
building face restriction: done
Unification converged after 3 iterations.
Array Contraction: Contracting 2 temps
build program: kernel '_pt_kernel' was part of a lengthy source build resulting from a binary cache miss (0.75 s)
build program: kernel '_pt_kernel_0' was part of a lengthy source build resulting from a binary cache miss (0.75 s)
build program: kernel '_pt_kernel_1' was part of a lengthy source build resulting from a binary cache miss (0.75 s)
Unification converged after 1 iterations.
Array Contraction: Contracting 1 temps
_pt_kernel: generate code: completed (0.44s wall 1.00x CPU)
build program: kernel '_pt_kernel' was part of a lengthy source build resulting from a binary cache miss (1.14 s)
build program: kernel '_pt_kernel_0' was part of a lengthy source build resulting from a binary cache miss (1.14 s)
build program: kernel '_pt_kernel_1' was part of a lengthy source build resulting from a binary cache miss (1.14 s)
build program: kernel '_pt_kernel_2' was part of a lengthy source build resulting from a binary cache miss (1.14 s)
build program: kernel '_pt_kernel_3' was part of a lengthy source build resulting from a binary cache miss (1.14 s)
build program: kernel '_pt_kernel_4' was part of a lengthy source build resulting from a binary cache miss (1.14 s)
Unification converged after 1 iterations.
Array Contraction: Contracting 0 temps
build program: kernel '_pt_kernel' was part of a lengthy source build resulting from a binary cache miss (0.46 s)
build program: kernel 'reduce_kernel_stage1' was part of a lengthy source build resulting from a binary cache miss (0.60 s)
build program: kernel 'reduce_kernel_stage2' was part of a lengthy source build resulting from a binary cache miss (0.60 s)
Unification converged after 0 iterations.
Array Contraction: Contracting 0 temps
/p/gpfs1/mtcampbe/CEESD/AutomatedTesting/MIRGE-Timing/timing/emirge.fusion/meshmode/meshmode/array_context.py:1559: UserWarning: FusionContractorArrayContext.transform_loopy_program not broad enough (yet). Falling back to a possibly slower transformation strategy.
  warn("FusionContractorArrayContext.transform_loopy_program not"
build program: kernel '_pt_kernel' was part of a lengthy source build resulting from a binary cache miss (0.46 s)
build program: kernel 'reduce_kernel_stage1' was part of a lengthy source build resulting from a binary cache miss (0.60 s)
build program: kernel 'reduce_kernel_stage2' was part of a lengthy source build resulting from a binary cache miss (0.60 s)
Unification converged after 0 iterations.
Array Contraction: Contracting 0 temps
build program: kernel '_pt_kernel' was part of a lengthy source build resulting from a binary cache miss (0.46 s)
Unification converged after 1 iterations.
Unification converged after 1 iterations.
Unification converged after 1 iterations.
Unification converged after 1 iterations.
Unification converged after 1 iterations.
Unification converged after 1 iterations.
Unification converged after 1 iterations.
Unification converged after 1 iterations.
Unification converged after 1 iterations.
Unification converged after 1 iterations.
Unification converged after 1 iterations.
Unification converged after 1 iterations.
Unification converged after 1 iterations.
find_partition: Split 29 nodes into 1 parts, with [29] nodes in each partition.
Unification converged after 1 iterations.
fuse_same_discretization_entity_loops on '_pt_kernel': completed (0.54s wall 1.00x CPU)
Loop Fusion: completed (0.59s wall 1.00x CPU)
Array Contraction: Contracting 1 temps
_pt_kernel: schedule: completed (0.59s wall 1.00x CPU)
transform_loopy_program: completed (1.65s wall 1.00x CPU)
Unification converged after 1 iterations.
Array Contraction: Contracting 0 temps
build program: kernel '_pt_kernel' was part of a lengthy source build resulting from a binary cache miss (0.46 s)
Unification converged after 1 iterations.
Array Contraction: Contracting 0 temps
build program: kernel '_pt_kernel' was part of a lengthy source build resulting from a binary cache miss (0.45 s)
Unification converged after 1 iterations.
Array Contraction: Contracting 0 temps
build program: kernel '_pt_kernel' was part of a lengthy source build resulting from a binary cache miss (0.45 s)
Unification converged after 1 iterations.
Array Contraction: Contracting 0 temps
build program: kernel '_pt_kernel' was part of a lengthy source build resulting from a binary cache miss (0.45 s)
build program: kernel '_pt_kernel' was part of a lengthy source build resulting from a binary cache miss (0.49 s)
Unification converged after 1 iterations.
Unification converged after 1 iterations.
Unification converged after 1 iterations.
Unification converged after 1 iterations.
Unification converged after 1 iterations.
Unification converged after 1 iterations.
Unification converged after 1 iterations.
Unification converged after 1 iterations.
Unification converged after 1 iterations.
Unification converged after 1 iterations.
Unification converged after 1 iterations.
Unification converged after 1 iterations.
building face restriction: start
building face restriction: done
Unification converged after 3 iterations.
Array Contraction: Contracting 0 temps
build program: kernel '_pt_kernel' was part of a lengthy source build resulting from a binary cache miss (0.74 s)
build program: kernel '_pt_kernel_0' was part of a lengthy source build resulting from a binary cache miss (0.74 s)
build program: kernel '_pt_kernel_1' was part of a lengthy source build resulting from a binary cache miss (0.74 s)
Unification converged after 3 iterations.
Array Contraction: Contracting 0 temps
build program: kernel '_pt_kernel' was part of a lengthy source build resulting from a binary cache miss (0.74 s)
build program: kernel '_pt_kernel_0' was part of a lengthy source build resulting from a binary cache miss (0.74 s)
build program: kernel '_pt_kernel_1' was part of a lengthy source build resulting from a binary cache miss (0.74 s)
Unification converged after 1 iterations.
Array Contraction: Contracting 0 temps
build program: kernel '_pt_kernel' was part of a lengthy source build resulting from a binary cache miss (0.45 s)
Unification converged after 1 iterations.
Array Contraction: Contracting 0 temps
build program: kernel '_pt_kernel' was part of a lengthy source build resulting from a binary cache miss (0.45 s)
Unification converged after 1 iterations.
Array Contraction: Contracting 0 temps
build program: kernel '_pt_kernel' was part of a lengthy source build resulting from a binary cache miss (0.46 s)
Unification converged after 3 iterations.
fuse_same_discretization_entity_loops on '_pt_kernel': completed (2.04s wall 1.00x CPU)
Loop Fusion: completed (2.19s wall 1.00x CPU)
Array Contraction: Contracting 0 temps
preprocess_program on '_pt_kernel': completed (0.52s wall 1.00x CPU)
_pt_kernel: check array access within bounds: completed (0.66s wall 1.00x CPU)
_pt_kernel: generate code: completed (0.62s wall 1.00x CPU)
build program: kernel '_pt_kernel' was part of a lengthy source build resulting from a binary cache miss (1.08 s)
build program: kernel '_pt_kernel_0' was part of a lengthy source build resulting from a binary cache miss (1.08 s)
build program: kernel '_pt_kernel_1' was part of a lengthy source build resulting from a binary cache miss (1.08 s)
build program: kernel '_pt_kernel_2' was part of a lengthy source build resulting from a binary cache miss (1.08 s)
data wrapper de-duplication: 2194 encountered, 38 kept, 2156 eliminated
Unification converged after 11 iterations.
transform_dag.infer_axes_tags[pre-partition]: completed (10.20s wall 1.00x CPU)
find_partition: Split 4212 nodes into 1 parts, with [4212] nodes in each partition.
transform_dag.materialize_all_einsums_or_reduces: completed (0.63s wall 1.00x CPU)
Unification converged after 1 iterations.
transform_dag.infer_axes_tags: completed (8.67s wall 1.00x CPU)
Unification converged after 1 iterations.
Array Contraction: Contracting 0 temps
build program: kernel '_pt_kernel' was part of a lengthy source build resulting from a binary cache miss (0.46 s)
Unification converged after 1 iterations.
Array Contraction: Contracting 0 temps
build program: kernel '_pt_kernel' was part of a lengthy source build resulting from a binary cache miss (0.46 s)
Unification converged after 1 iterations.
Array Contraction: Contracting 0 temps
build program: kernel '_pt_kernel' was part of a lengthy source build resulting from a binary cache miss (0.46 s)
Unification converged after 1 iterations.
Array Contraction: Contracting 0 temps
build program: kernel '_pt_kernel' was part of a lengthy source build resulting from a binary cache miss (0.46 s)
Unification converged after 1 iterations.
Array Contraction: Contracting 0 temps
build program: kernel '_pt_kernel' was part of a lengthy source build resulting from a binary cache miss (0.46 s)
transform_dag: completed (14.76s wall 1.00x CPU)
generate_loopy: completed (28.97s wall 1.00x CPU)
fuse_same_discretization_entity_loops on '_pt_kernel': completed (79.40s wall 1.00x CPU)
Loop Fusion: completed (82.00s wall 1.00x CPU)
Array Contraction: Contracting 429 temps
contract_arrays on '_pt_kernel': completed (97.60s wall 1.00x CPU)
Array Contraction: completed (99.44s wall 1.00x CPU)
preprocess_program on '_pt_kernel': completed (9.71s wall 1.00x CPU)
_pt_kernel: check array access within bounds: completed (12.95s wall 1.00x CPU)
_pt_kernel: schedule: completed (6.37s wall 1.00x CPU)
transform_loopy_program: completed (224.33s wall 1.00x CPU)
_pt_kernel: generate code: completed (6.30s wall 1.00x CPU)
build program: kernel '_pt_kernel' was part of a lengthy source build resulting from a binary cache miss (7.37 s)
build program: kernel '_pt_kernel_0' was part of a lengthy source build resulting from a binary cache miss (7.37 s)
build program: kernel '_pt_kernel_1' was part of a lengthy source build resulting from a binary cache miss (7.37 s)
build program: kernel '_pt_kernel_2' was part of a lengthy source build resulting from a binary cache miss (7.37 s)
build program: kernel '_pt_kernel_3' was part of a lengthy source build resulting from a binary cache miss (7.37 s)
build program: kernel '_pt_kernel_4' was part of a lengthy source build resulting from a binary cache miss (7.37 s)
build program: kernel '_pt_kernel_5' was part of a lengthy source build resulting from a binary cache miss (7.37 s)
build program: kernel '_pt_kernel_6' was part of a lengthy source build resulting from a binary cache miss (7.37 s)
build program: kernel '_pt_kernel_7' was part of a lengthy source build resulting from a binary cache miss (7.37 s)
build program: kernel '_pt_kernel_8' was part of a lengthy source build resulting from a binary cache miss (7.37 s)
build program: kernel '_pt_kernel_9' was part of a lengthy source build resulting from a binary cache miss (7.37 s)
build program: kernel '_pt_kernel_10' was part of a lengthy source build resulting from a binary cache miss (7.37 s)
build program: kernel '_pt_kernel_11' was part of a lengthy source build resulting from a binary cache miss (7.37 s)
build program: kernel '_pt_kernel_12' was part of a lengthy source build resulting from a binary cache miss (7.37 s)
build program: kernel '_pt_kernel_13' was part of a lengthy source build resulting from a binary cache miss (7.37 s)
build program: kernel '_pt_kernel_14' was part of a lengthy source build resulting from a binary cache miss (7.37 s)
build program: kernel '_pt_kernel_15' was part of a lengthy source build resulting from a binary cache miss (7.37 s)
build program: kernel '_pt_kernel_16' was part of a lengthy source build resulting from a binary cache miss (7.37 s)
build program: kernel '_pt_kernel_17' was part of a lengthy source build resulting from a binary cache miss (7.37 s)
build program: kernel '_pt_kernel_18' was part of a lengthy source build resulting from a binary cache miss (7.37 s)
build program: kernel '_pt_kernel_19' was part of a lengthy source build resulting from a binary cache miss (7.37 s)
build program: kernel '_pt_kernel_20' was part of a lengthy source build resulting from a binary cache miss (7.37 s)
build program: kernel '_pt_kernel_21' was part of a lengthy source build resulting from a binary cache miss (7.37 s)
build program: kernel '_pt_kernel_22' was part of a lengthy source build resulting from a binary cache miss (7.37 s)
build program: kernel '_pt_kernel_23' was part of a lengthy source build resulting from a binary cache miss (7.37 s)
Unification converged after 1 iterations.
Array Contraction: Contracting 0 temps
build program: kernel '_pt_kernel' was part of a lengthy source build resulting from a binary cache miss (0.46 s)
Unification converged after 1 iterations.
Array Contraction: Contracting 0 temps
Reading user input from file: ./run_config/case2d_p1s1.yaml
#### Simluation control data: ####
----- run control ------
	grid_only=0,discr_only=0,inert_only=1
	single_gas_only=0,dummy_rhs_only=0
	periodic_boundary=1,adiabatic_boundary=0
	timestepping_on=1, inviscid_only=0
	av_on=1, sponge_on=1
	nspecies=0
---- timestepping ------
	current_dt = 1e-08
	t_final = 2e-07
	constant_cfl = False
	Time integration euler
---- i/o frequencies -----
	nviz = 1000
	nrestart = 10000
	nhealth = 100
	nstatus = 10000
----- domain ------
	spatial dimension: 2
	domain_xlen = 1.0
	x_scale = 1.0
	domain_ylen = 1.0
	y_scale = 1.0
	----- discretization ----
	char_len = 0.25
	order = 1
	Shock capturing parameters: alpha_sc=0.5,  s0_sc=-5.0, kappa_sc=0.5
Sponge parameters: sponge_amp=999999.9999999999, sponge_thickness=0.09, sponge_x0=0.9
	Dependent variable logging is OFF.
#### Simluation control data: ####
---- Mesh generator inputs -----
	Domain: [(0.0, 0.0), (1.0, 1.0)], periodic=(True, True)
	Npts/axis: (5, 5)
rank=0,local_nelements=32,global_nelements=32
----- Discretization info ----
Discr: nodes.shape=(2,), h_min=0.14644660940672585, h_max=0.1464466094067263
rank=0,local_nelements=32,global_nelements=32
Input state (T,P,X) = (1500.0, 101325.0, [0.06542056 0.19626168 0.         0.         0.         0.
 0.73831776]
Cantera state (rho,T,P,Y) = (0.23397065362031969, 1500.0, 101325.0, [0.06372925 0.21806609 0.         0.         0.         0.
 0.71820466]
Timestepping: current_step=0, current_t=0, t_final=2e-07, current_dt=1e-08
step = 0, sim time: 0.000000e+00 s
------- step walltime: 311.68 s, log walltime: 0.000190258 s
step = 1, sim time: 1.000000e-08 s
------- step walltime: 0.0275316 s, log walltime: 0.000170708 s
step = 2, sim time: 2.000000e-08 s
------- step walltime: 0.0281875 s, log walltime: 9.84669e-05 s
step = 3, sim time: 3.000000e-08 s
------- step walltime: 0.0264368 s, log walltime: 9.56059e-05 s
step = 4, sim time: 4.000000e-08 s
------- step walltime: 0.026454 s, log walltime: 9.75132e-05 s
step = 5, sim time: 5.000000e-08 s
------- step walltime: 0.0264015 s, log walltime: 0.000101089 s
step = 6, sim time: 6.000000e-08 s
------- step walltime: 0.0264857 s, log walltime: 9.44138e-05 s
step = 7, sim time: 7.000000e-08 s
------- step walltime: 0.0278864 s, log walltime: 9.44138e-05 s
step = 8, sim time: 8.000000e-08 s
------- step walltime: 0.0264356 s, log walltime: 0.000101566 s
step = 9, sim time: 9.000000e-08 s
------- step walltime: 0.0263741 s, log walltime: 9.32217e-05 s
step = 10, sim time: 1.000000e-07 s
------- step walltime: 0.0263369 s, log walltime: 0.000111818 s
step = 11, sim time: 1.100000e-07 s
------- step walltime: 0.026418 s, log walltime: 9.17912e-05 s
step = 12, sim time: 1.200000e-07 s
------- step walltime: 0.0274 s, log walltime: 0.000100613 s
step = 13, sim time: 1.300000e-07 s
------- step walltime: 0.0264046 s, log walltime: 9.27448e-05 s
step = 14, sim time: 1.400000e-07 s
------- step walltime: 0.0263796 s, log walltime: 9.27448e-05 s
step = 15, sim time: 1.500000e-07 s
------- step walltime: 0.0264354 s, log walltime: 9.34601e-05 s
step = 16, sim time: 1.600000e-07 s
------- step walltime: 0.0263944 s, log walltime: 9.41753e-05 s
step = 17, sim time: 1.700000e-07 s
------- step walltime: 0.0272779 s, log walltime: 9.25064e-05 s
step = 18, sim time: 1.800000e-07 s
------- step walltime: 0.0263994 s, log walltime: 9.39369e-05 s
Unification converged after 1 iterations.
Array Contraction: Contracting 0 temps
build program: kernel '_pt_kernel' was part of a lengthy source build resulting from a binary cache miss (0.46 s)
Unification converged after 1 iterations.
Array Contraction: Contracting 0 temps
step = 19, sim time: 1.900000e-07 s
------- step walltime: 0.972823 s, log walltime: 9.46522e-05 s
Checkpointing final state ...
Unification converged after 1 iterations.
Array Contraction: Contracting 0 temps
build program: kernel '_pt_kernel' was part of a lengthy source build resulting from a binary cache miss (0.47 s)
Unification converged after 1 iterations.
Array Contraction: Contracting 0 temps
build program: kernel '_pt_kernel' was part of a lengthy source build resulting from a binary cache miss (0.47 s)
Unification converged after 1 iterations.
Array Contraction: Contracting 0 temps
----- cfl=0.05
P(101325.0, 101325.0), T(1508.4191301832177, 1508.4191301832177)
build program: kernel 'reduce_kernel_stage1' was part of a lengthy source build resulting from a binary cache miss (0.60 s)
build program: kernel 'reduce_kernel_stage2' was part of a lengthy source build resulting from a binary cache miss (0.60 s)
Unification converged after 0 iterations.
Array Contraction: Contracting 0 temps
build program: kernel '_pt_kernel' was part of a lengthy source build resulting from a binary cache miss (0.46 s)
python -m mpi4py ./combozzle.py -i ./run_config/case2d_p1s1024.yaml --lazy
./combozzle.py:1133: UserWarning: Automatically turning off DV logging. MIRGE-Com Issue(578)
  warn("Automatically turning off DV logging. MIRGE-Com Issue(578)")
/p/gpfs1/mtcampbe/CEESD/AutomatedTesting/MIRGE-Timing/timing/emirge.fusion/grudge/grudge/array_context.py:59: UserWarning: Your loopy and meshmode branches are mismatched. Please make sure that you have the https://github.com/kaushikcfd/loopy/tree/pytato-array-context-transforms branch of loopy.
  warn("Your loopy and meshmode branches are mismatched. "
--------------------------------------------------------------------------
By default, for Open MPI 4.0 and later, infiniband ports on a device
are not used by default.  The intent is to use UCX for these devices.
You can override this policy by setting the btl_openib_allow_ib MCA parameter
to true.

  Local host:              lassen204
  Local adapter:           mlx5_1
  Local port:              1

--------------------------------------------------------------------------
--------------------------------------------------------------------------
WARNING: There was an error initializing an OpenFabrics device.

  Local host:   lassen204
  Local device: mlx5_1
--------------------------------------------------------------------------
[lassen204:84050] mca_base_component_repository_open: unable to open mca_pml_pami: libpami.so.3: cannot open shared object file: No such file or directory (ignored)
[lassen204:84050] mca_base_component_repository_open: unable to open mca_coll_ibm: libcollectives.so.3: cannot open shared object file: No such file or directory (ignored)
[lassen204:84050] mca_base_component_repository_open: unable to open mca_osc_pami: libpami.so.3: cannot open shared object file: No such file or directory (ignored)
[1649106972.837872] [lassen204:84050:0]         mxm.c:196  MXM  WARN  The 'ulimit -s' on the system is set to 'unlimited'. This may have negative performance implications. Please set the stack size to the default value (10240) 
rank 0: sent all mesh partitions
./combozzle.py:586: DeprecationWarning: EagerDGDiscretization is deprecated and will go away in 2022. Use the base DiscretizationCollection with grudge.op instead.
  discr = EagerDGDiscretization(
Unification converged after 1 iterations.
Array Contraction: Contracting 0 temps
build program: kernel '_pt_kernel' was part of a lengthy source build resulting from a binary cache miss (0.77 s)
Unification converged after 3 iterations.
fuse_same_discretization_entity_loops on '_pt_kernel': completed (0.36s wall 1.00x CPU)
Loop Fusion: completed (0.40s wall 1.00x CPU)
Array Contraction: Contracting 1 temps
build program: kernel '_pt_kernel' was part of a lengthy source build resulting from a binary cache miss (0.77 s)
build program: kernel '_pt_kernel_0' was part of a lengthy source build resulting from a binary cache miss (0.77 s)
build program: kernel '_pt_kernel_1' was part of a lengthy source build resulting from a binary cache miss (0.77 s)
building face restriction: start
building face restriction: done
Unification converged after 3 iterations.
Array Contraction: Contracting 2 temps
Unification converged after 1 iterations.
Array Contraction: Contracting 1 temps
_pt_kernel: generate code: completed (0.44s wall 1.00x CPU)
build program: kernel '_pt_kernel' was part of a lengthy source build resulting from a binary cache miss (1.14 s)
build program: kernel '_pt_kernel_0' was part of a lengthy source build resulting from a binary cache miss (1.14 s)
build program: kernel '_pt_kernel_1' was part of a lengthy source build resulting from a binary cache miss (1.14 s)
build program: kernel '_pt_kernel_2' was part of a lengthy source build resulting from a binary cache miss (1.14 s)
build program: kernel '_pt_kernel_3' was part of a lengthy source build resulting from a binary cache miss (1.14 s)
build program: kernel '_pt_kernel_4' was part of a lengthy source build resulting from a binary cache miss (1.14 s)
Unification converged after 1 iterations.
Array Contraction: Contracting 0 temps
build program: kernel '_pt_kernel' was part of a lengthy source build resulting from a binary cache miss (0.45 s)
Unification converged after 0 iterations.
/p/gpfs1/mtcampbe/CEESD/AutomatedTesting/MIRGE-Timing/timing/emirge.fusion/meshmode/meshmode/array_context.py:1559: UserWarning: FusionContractorArrayContext.transform_loopy_program not broad enough (yet). Falling back to a possibly slower transformation strategy.
  warn("FusionContractorArrayContext.transform_loopy_program not"
Unification converged after 0 iterations.
Unification converged after 1 iterations.
Unification converged after 1 iterations.
Unification converged after 1 iterations.
Unification converged after 1 iterations.
Unification converged after 1 iterations.
Unification converged after 1 iterations.
Unification converged after 1 iterations.
Unification converged after 1 iterations.
Unification converged after 1 iterations.
Unification converged after 1 iterations.
Unification converged after 1 iterations.
Unification converged after 1 iterations.
Unification converged after 1 iterations.
find_partition: Split 29 nodes into 1 parts, with [29] nodes in each partition.
Unification converged after 1 iterations.
fuse_same_discretization_entity_loops on '_pt_kernel': completed (0.54s wall 1.00x CPU)
Loop Fusion: completed (0.59s wall 1.00x CPU)
Array Contraction: Contracting 1 temps
_pt_kernel: schedule: completed (0.59s wall 1.00x CPU)
transform_loopy_program: completed (1.67s wall 1.00x CPU)
Unification converged after 1 iterations.
Array Contraction: Contracting 0 temps
build program: kernel '_pt_kernel' was part of a lengthy source build resulting from a binary cache miss (0.46 s)
Unification converged after 1 iterations.
Array Contraction: Contracting 0 temps
build program: kernel '_pt_kernel' was part of a lengthy source build resulting from a binary cache miss (0.46 s)
Unification converged after 1 iterations.
Array Contraction: Contracting 0 temps
build program: kernel '_pt_kernel' was part of a lengthy source build resulting from a binary cache miss (0.45 s)
Unification converged after 1 iterations.
Array Contraction: Contracting 0 temps
build program: kernel '_pt_kernel' was part of a lengthy source build resulting from a binary cache miss (0.45 s)
build program: kernel '_pt_kernel' was part of a lengthy source build resulting from a binary cache miss (0.49 s)
Unification converged after 1 iterations.
Unification converged after 1 iterations.
Unification converged after 1 iterations.
Unification converged after 1 iterations.
Unification converged after 1 iterations.
Unification converged after 1 iterations.
Unification converged after 1 iterations.
Unification converged after 1 iterations.
Unification converged after 1 iterations.
Unification converged after 1 iterations.
Unification converged after 1 iterations.
Unification converged after 1 iterations.
building face restriction: start
building face restriction: done
Unification converged after 3 iterations.
Array Contraction: Contracting 0 temps
Unification converged after 3 iterations.
Array Contraction: Contracting 0 temps
Unification converged after 1 iterations.
Array Contraction: Contracting 0 temps
build program: kernel '_pt_kernel' was part of a lengthy source build resulting from a binary cache miss (0.46 s)
Unification converged after 1 iterations.
Array Contraction: Contracting 0 temps
build program: kernel '_pt_kernel' was part of a lengthy source build resulting from a binary cache miss (0.45 s)
Unification converged after 1 iterations.
Array Contraction: Contracting 0 temps
build program: kernel '_pt_kernel' was part of a lengthy source build resulting from a binary cache miss (0.45 s)
Unification converged after 3 iterations.
fuse_same_discretization_entity_loops on '_pt_kernel': completed (2.04s wall 1.00x CPU)
Loop Fusion: completed (2.19s wall 1.00x CPU)
Array Contraction: Contracting 0 temps
preprocess_program on '_pt_kernel': completed (0.48s wall 1.00x CPU)
_pt_kernel: check array access within bounds: completed (0.66s wall 1.00x CPU)
_pt_kernel: generate code: completed (0.65s wall 1.00x CPU)
build program: kernel '_pt_kernel' was part of a lengthy source build resulting from a binary cache miss (1.09 s)
build program: kernel '_pt_kernel_0' was part of a lengthy source build resulting from a binary cache miss (1.09 s)
build program: kernel '_pt_kernel_1' was part of a lengthy source build resulting from a binary cache miss (1.09 s)
build program: kernel '_pt_kernel_2' was part of a lengthy source build resulting from a binary cache miss (1.09 s)
data wrapper de-duplication: 2194 encountered, 38 kept, 2156 eliminated
Unification converged after 11 iterations.
transform_dag.infer_axes_tags[pre-partition]: completed (10.14s wall 1.00x CPU)
find_partition: Split 4212 nodes into 1 parts, with [4212] nodes in each partition.
transform_dag.materialize_all_einsums_or_reduces: completed (0.63s wall 1.00x CPU)
Unification converged after 1 iterations.
transform_dag.infer_axes_tags: completed (8.82s wall 1.00x CPU)
Unification converged after 1 iterations.
Array Contraction: Contracting 0 temps
build program: kernel '_pt_kernel' was part of a lengthy source build resulting from a binary cache miss (0.46 s)
Unification converged after 1 iterations.
Array Contraction: Contracting 0 temps
build program: kernel '_pt_kernel' was part of a lengthy source build resulting from a binary cache miss (0.51 s)
Unification converged after 1 iterations.
Array Contraction: Contracting 0 temps
build program: kernel '_pt_kernel' was part of a lengthy source build resulting from a binary cache miss (0.57 s)
Unification converged after 1 iterations.
Array Contraction: Contracting 0 temps
build program: kernel '_pt_kernel' was part of a lengthy source build resulting from a binary cache miss (0.52 s)
Unification converged after 1 iterations.
Array Contraction: Contracting 0 temps
build program: kernel '_pt_kernel' was part of a lengthy source build resulting from a binary cache miss (0.52 s)
transform_dag: completed (15.24s wall 1.00x CPU)
generate_loopy: completed (28.98s wall 1.00x CPU)
fuse_same_discretization_entity_loops on '_pt_kernel': completed (79.12s wall 1.00x CPU)
Loop Fusion: completed (81.54s wall 1.00x CPU)
Array Contraction: Contracting 429 temps
contract_arrays on '_pt_kernel': completed (96.29s wall 1.00x CPU)
Array Contraction: completed (98.12s wall 1.00x CPU)
preprocess_program on '_pt_kernel': completed (9.65s wall 1.00x CPU)
_pt_kernel: check array access within bounds: completed (12.92s wall 1.00x CPU)
_pt_kernel: schedule: completed (6.33s wall 1.00x CPU)
transform_loopy_program: completed (222.77s wall 1.00x CPU)
_pt_kernel: generate code: completed (6.51s wall 1.00x CPU)
build program: kernel '_pt_kernel' was part of a lengthy source build resulting from a binary cache miss (7.44 s)
build program: kernel '_pt_kernel_0' was part of a lengthy source build resulting from a binary cache miss (7.44 s)
build program: kernel '_pt_kernel_1' was part of a lengthy source build resulting from a binary cache miss (7.44 s)
build program: kernel '_pt_kernel_2' was part of a lengthy source build resulting from a binary cache miss (7.44 s)
build program: kernel '_pt_kernel_3' was part of a lengthy source build resulting from a binary cache miss (7.44 s)
build program: kernel '_pt_kernel_4' was part of a lengthy source build resulting from a binary cache miss (7.44 s)
build program: kernel '_pt_kernel_5' was part of a lengthy source build resulting from a binary cache miss (7.44 s)
build program: kernel '_pt_kernel_6' was part of a lengthy source build resulting from a binary cache miss (7.44 s)
build program: kernel '_pt_kernel_7' was part of a lengthy source build resulting from a binary cache miss (7.44 s)
build program: kernel '_pt_kernel_8' was part of a lengthy source build resulting from a binary cache miss (7.44 s)
build program: kernel '_pt_kernel_9' was part of a lengthy source build resulting from a binary cache miss (7.44 s)
build program: kernel '_pt_kernel_10' was part of a lengthy source build resulting from a binary cache miss (7.44 s)
build program: kernel '_pt_kernel_11' was part of a lengthy source build resulting from a binary cache miss (7.44 s)
build program: kernel '_pt_kernel_12' was part of a lengthy source build resulting from a binary cache miss (7.44 s)
build program: kernel '_pt_kernel_13' was part of a lengthy source build resulting from a binary cache miss (7.44 s)
build program: kernel '_pt_kernel_14' was part of a lengthy source build resulting from a binary cache miss (7.44 s)
build program: kernel '_pt_kernel_15' was part of a lengthy source build resulting from a binary cache miss (7.44 s)
build program: kernel '_pt_kernel_16' was part of a lengthy source build resulting from a binary cache miss (7.44 s)
build program: kernel '_pt_kernel_17' was part of a lengthy source build resulting from a binary cache miss (7.44 s)
build program: kernel '_pt_kernel_18' was part of a lengthy source build resulting from a binary cache miss (7.44 s)
build program: kernel '_pt_kernel_19' was part of a lengthy source build resulting from a binary cache miss (7.44 s)
build program: kernel '_pt_kernel_20' was part of a lengthy source build resulting from a binary cache miss (7.44 s)
build program: kernel '_pt_kernel_21' was part of a lengthy source build resulting from a binary cache miss (7.44 s)
build program: kernel '_pt_kernel_22' was part of a lengthy source build resulting from a binary cache miss (7.44 s)
build program: kernel '_pt_kernel_23' was part of a lengthy source build resulting from a binary cache miss (7.44 s)
Unification converged after 1 iterations.
Array Contraction: Contracting 0 temps
build program: kernel '_pt_kernel' was part of a lengthy source build resulting from a binary cache miss (0.46 s)
Unification converged after 1 iterations.
Array Contraction: Contracting 0 temps
Reading user input from file: ./run_config/case2d_p1s1024.yaml
#### Simluation control data: ####
----- run control ------
	grid_only=0,discr_only=0,inert_only=1
	single_gas_only=0,dummy_rhs_only=0
	periodic_boundary=1,adiabatic_boundary=0
	timestepping_on=1, inviscid_only=0
	av_on=1, sponge_on=1
	nspecies=0
---- timestepping ------
	current_dt = 1e-08
	t_final = 2e-07
	constant_cfl = False
	Time integration euler
---- i/o frequencies -----
	nviz = 1000
	nrestart = 10000
	nhealth = 100
	nstatus = 10000
----- domain ------
	spatial dimension: 2
	domain_xlen = 1.0
	x_scale = 1.0
	domain_ylen = 1.0
	y_scale = 1.0
	----- discretization ----
	char_len = 0.25
	order = 1
	Shock capturing parameters: alpha_sc=0.5,  s0_sc=-5.0, kappa_sc=0.5
Sponge parameters: sponge_amp=999999.9999999999, sponge_thickness=0.09, sponge_x0=0.9
	Dependent variable logging is OFF.
#### Simluation control data: ####
---- Mesh generator inputs -----
	Domain: [(0.0, 0.0), (32.0, 32.0)], periodic=(True, True)
	Npts/axis: (129, 129)
rank=0,local_nelements=32768,global_nelements=32768
----- Discretization info ----
Discr: nodes.shape=(2,), h_min=0.14644660940671292, h_max=0.14644660940673754
rank=0,local_nelements=32768,global_nelements=32768
Input state (T,P,X) = (1500.0, 101325.0, [0.06542056 0.19626168 0.         0.         0.         0.
 0.73831776]
Cantera state (rho,T,P,Y) = (0.23397065362031969, 1500.0, 101325.0, [0.06372925 0.21806609 0.         0.         0.         0.
 0.71820466]
Timestepping: current_step=0, current_t=0, t_final=2e-07, current_dt=1e-08
step = 0, sim time: 0.000000e+00 s
------- step walltime: 311.614 s, log walltime: 0.000200033 s
step = 1, sim time: 1.000000e-08 s
------- step walltime: 0.0354378 s, log walltime: 0.000177383 s
step = 2, sim time: 2.000000e-08 s
------- step walltime: 0.031693 s, log walltime: 0.000100136 s
step = 3, sim time: 3.000000e-08 s
------- step walltime: 0.0383253 s, log walltime: 9.91821e-05 s
step = 4, sim time: 4.000000e-08 s
------- step walltime: 0.0278642 s, log walltime: 0.000101805 s
step = 5, sim time: 5.000000e-08 s
------- step walltime: 0.02757 s, log walltime: 9.72748e-05 s
step = 6, sim time: 6.000000e-08 s
------- step walltime: 0.037699 s, log walltime: 0.000100613 s
step = 7, sim time: 7.000000e-08 s
------- step walltime: 0.027148 s, log walltime: 9.70364e-05 s
step = 8, sim time: 8.000000e-08 s
------- step walltime: 0.0275435 s, log walltime: 0.000104189 s
step = 9, sim time: 9.000000e-08 s
------- step walltime: 0.0271244 s, log walltime: 0.000103712 s
step = 10, sim time: 1.000000e-07 s
------- step walltime: 0.0270517 s, log walltime: 0.000102282 s
step = 11, sim time: 1.100000e-07 s
------- step walltime: 0.0335124 s, log walltime: 9.58443e-05 s
step = 12, sim time: 1.200000e-07 s
------- step walltime: 0.0270393 s, log walltime: 0.000106096 s
step = 13, sim time: 1.300000e-07 s
------- step walltime: 0.0275931 s, log walltime: 9.5129e-05 s
step = 14, sim time: 1.400000e-07 s
------- step walltime: 0.0270817 s, log walltime: 9.72748e-05 s
step = 15, sim time: 1.500000e-07 s
------- step walltime: 0.0275373 s, log walltime: 9.5129e-05 s
step = 16, sim time: 1.600000e-07 s
------- step walltime: 0.0327222 s, log walltime: 9.77516e-05 s
step = 17, sim time: 1.700000e-07 s
------- step walltime: 0.0271392 s, log walltime: 9.46522e-05 s
step = 18, sim time: 1.800000e-07 s
------- step walltime: 0.0275724 s, log walltime: 9.67979e-05 s
Unification converged after 1 iterations.
Array Contraction: Contracting 0 temps
build program: kernel '_pt_kernel' was part of a lengthy source build resulting from a binary cache miss (0.46 s)
Unification converged after 1 iterations.
Array Contraction: Contracting 0 temps
step = 19, sim time: 1.900000e-07 s
------- step walltime: 0.971677 s, log walltime: 9.77516e-05 s
Checkpointing final state ...
Unification converged after 1 iterations.
Array Contraction: Contracting 0 temps
build program: kernel '_pt_kernel' was part of a lengthy source build resulting from a binary cache miss (0.50 s)
Unification converged after 1 iterations.
Array Contraction: Contracting 0 temps
build program: kernel '_pt_kernel' was part of a lengthy source build resulting from a binary cache miss (0.52 s)
Unification converged after 1 iterations.
Array Contraction: Contracting 0 temps
----- cfl=0.05
P(-255414.70241306734, 101335.355723418), T(-3802.2259444300407, 1508.4457491581684)
Unification converged after 0 iterations.
rank=0: Invalid pressure data found.
rank=0: Invalid temperature data found.
Fluid solution failed health check.
Traceback (most recent call last):
  File "/p/gpfs1/mtcampbe/CEESD/AutomatedTesting/MIRGE-Timing/timing/emirge.fusion/miniforge3/envs/timing.fusion/lib/python3.9/runpy.py", line 197, in _run_module_as_main
    return _run_code(code, main_globals, None,
  File "/p/gpfs1/mtcampbe/CEESD/AutomatedTesting/MIRGE-Timing/timing/emirge.fusion/miniforge3/envs/timing.fusion/lib/python3.9/runpy.py", line 87, in _run_code
    exec(code, run_globals)
  File "/p/gpfs1/mtcampbe/CEESD/AutomatedTesting/MIRGE-Timing/timing/emirge.fusion/miniforge3/envs/timing.fusion/lib/python3.9/site-packages/mpi4py/__main__.py", line 7, in <module>
    main()
  File "/p/gpfs1/mtcampbe/CEESD/AutomatedTesting/MIRGE-Timing/timing/emirge.fusion/miniforge3/envs/timing.fusion/lib/python3.9/site-packages/mpi4py/run.py", line 198, in main
    run_command_line(args)
  File "/p/gpfs1/mtcampbe/CEESD/AutomatedTesting/MIRGE-Timing/timing/emirge.fusion/miniforge3/envs/timing.fusion/lib/python3.9/site-packages/mpi4py/run.py", line 47, in run_command_line
    run_path(sys.argv[0], run_name='__main__')
  File "/p/gpfs1/mtcampbe/CEESD/AutomatedTesting/MIRGE-Timing/timing/emirge.fusion/miniforge3/envs/timing.fusion/lib/python3.9/runpy.py", line 268, in run_path
    return _run_module_code(code, init_globals, run_name,
  File "/p/gpfs1/mtcampbe/CEESD/AutomatedTesting/MIRGE-Timing/timing/emirge.fusion/miniforge3/envs/timing.fusion/lib/python3.9/runpy.py", line 97, in _run_module_code
    _run_code(code, mod_globals, init_globals,
  File "/p/gpfs1/mtcampbe/CEESD/AutomatedTesting/MIRGE-Timing/timing/emirge.fusion/miniforge3/envs/timing.fusion/lib/python3.9/runpy.py", line 87, in _run_code
    exec(code, run_globals)
  File "./combozzle.py", line 1157, in <module>
    main(use_logmgr=args.log, use_leap=args.leap, input_file=input_file,
  File "/p/gpfs1/mtcampbe/CEESD/AutomatedTesting/MIRGE-Timing/timing/emirge.fusion/mirgecom/mirgecom/mpi.py", line 157, in wrapped_func
    func(*args, **kwargs)
  File "./combozzle.py", line 1110, in main
    raise MyRuntimeError("Failed simulation health check.")
__main__.MyRuntimeError: Failed simulation health check.
--------------------------------------------------------------------------
MPI_ABORT was invoked on rank 0 in communicator MPI_COMM_WORLD
with errorcode 1.

NOTE: invoking MPI_ABORT causes Open MPI to kill all MPI processes.
You may or may not see output from other processes, depending on
exactly when Open MPI kills them.
--------------------------------------------------------------------------
python -m mpi4py ./combozzle.py -i ./run_config/case2d_p1s16.yaml --lazy
./combozzle.py:1133: UserWarning: Automatically turning off DV logging. MIRGE-Com Issue(578)
  warn("Automatically turning off DV logging. MIRGE-Com Issue(578)")
/p/gpfs1/mtcampbe/CEESD/AutomatedTesting/MIRGE-Timing/timing/emirge.fusion/grudge/grudge/array_context.py:59: UserWarning: Your loopy and meshmode branches are mismatched. Please make sure that you have the https://github.com/kaushikcfd/loopy/tree/pytato-array-context-transforms branch of loopy.
  warn("Your loopy and meshmode branches are mismatched. "
--------------------------------------------------------------------------
By default, for Open MPI 4.0 and later, infiniband ports on a device
are not used by default.  The intent is to use UCX for these devices.
You can override this policy by setting the btl_openib_allow_ib MCA parameter
to true.

  Local host:              lassen204
  Local adapter:           mlx5_1
  Local port:              1

--------------------------------------------------------------------------
--------------------------------------------------------------------------
WARNING: There was an error initializing an OpenFabrics device.

  Local host:   lassen204
  Local device: mlx5_1
--------------------------------------------------------------------------
[lassen204:88048] mca_base_component_repository_open: unable to open mca_pml_pami: libpami.so.3: cannot open shared object file: No such file or directory (ignored)
[lassen204:88048] mca_base_component_repository_open: unable to open mca_coll_ibm: libcollectives.so.3: cannot open shared object file: No such file or directory (ignored)
[lassen204:88048] mca_base_component_repository_open: unable to open mca_osc_pami: libpami.so.3: cannot open shared object file: No such file or directory (ignored)
[1649107334.417204] [lassen204:88048:0]         mxm.c:196  MXM  WARN  The 'ulimit -s' on the system is set to 'unlimited'. This may have negative performance implications. Please set the stack size to the default value (10240) 
rank 0: sent all mesh partitions
./combozzle.py:586: DeprecationWarning: EagerDGDiscretization is deprecated and will go away in 2022. Use the base DiscretizationCollection with grudge.op instead.
  discr = EagerDGDiscretization(
Unification converged after 1 iterations.
Array Contraction: Contracting 0 temps
Unification converged after 3 iterations.
fuse_same_discretization_entity_loops on '_pt_kernel': completed (0.36s wall 1.00x CPU)
Loop Fusion: completed (0.40s wall 1.00x CPU)
Array Contraction: Contracting 1 temps
building face restriction: start
building face restriction: done
Unification converged after 3 iterations.
Array Contraction: Contracting 2 temps
Unification converged after 1 iterations.
Array Contraction: Contracting 1 temps
_pt_kernel: generate code: completed (0.46s wall 1.00x CPU)
build program: kernel '_pt_kernel' was part of a lengthy source build resulting from a binary cache miss (1.46 s)
build program: kernel '_pt_kernel_0' was part of a lengthy source build resulting from a binary cache miss (1.46 s)
build program: kernel '_pt_kernel_1' was part of a lengthy source build resulting from a binary cache miss (1.46 s)
build program: kernel '_pt_kernel_2' was part of a lengthy source build resulting from a binary cache miss (1.46 s)
build program: kernel '_pt_kernel_3' was part of a lengthy source build resulting from a binary cache miss (1.46 s)
build program: kernel '_pt_kernel_4' was part of a lengthy source build resulting from a binary cache miss (1.46 s)
Unification converged after 1 iterations.
Array Contraction: Contracting 0 temps
Unification converged after 0 iterations.
/p/gpfs1/mtcampbe/CEESD/AutomatedTesting/MIRGE-Timing/timing/emirge.fusion/meshmode/meshmode/array_context.py:1559: UserWarning: FusionContractorArrayContext.transform_loopy_program not broad enough (yet). Falling back to a possibly slower transformation strategy.
  warn("FusionContractorArrayContext.transform_loopy_program not"
Unification converged after 0 iterations.
Unification converged after 1 iterations.
Unification converged after 1 iterations.
Unification converged after 1 iterations.
Unification converged after 1 iterations.
Unification converged after 1 iterations.
Unification converged after 1 iterations.
Unification converged after 1 iterations.
Unification converged after 1 iterations.
Unification converged after 1 iterations.
Unification converged after 1 iterations.
Unification converged after 1 iterations.
Unification converged after 1 iterations.
Unification converged after 1 iterations.
find_partition: Split 29 nodes into 1 parts, with [29] nodes in each partition.
Unification converged after 1 iterations.
fuse_same_discretization_entity_loops on '_pt_kernel': completed (0.56s wall 1.00x CPU)
Loop Fusion: completed (0.62s wall 1.00x CPU)
Array Contraction: Contracting 1 temps
_pt_kernel: schedule: completed (0.58s wall 1.00x CPU)
transform_loopy_program: completed (1.66s wall 1.00x CPU)
Unification converged after 1 iterations.
Array Contraction: Contracting 0 temps
Unification converged after 1 iterations.
Array Contraction: Contracting 0 temps
Unification converged after 1 iterations.
Array Contraction: Contracting 0 temps
Unification converged after 1 iterations.
Array Contraction: Contracting 0 temps
build program: kernel '_pt_kernel' was part of a lengthy source build resulting from a binary cache miss (0.49 s)
Unification converged after 1 iterations.
Unification converged after 1 iterations.
Unification converged after 1 iterations.
Unification converged after 1 iterations.
Unification converged after 1 iterations.
Unification converged after 1 iterations.
Unification converged after 1 iterations.
Unification converged after 1 iterations.
Unification converged after 1 iterations.
Unification converged after 1 iterations.
Unification converged after 1 iterations.
Unification converged after 1 iterations.
building face restriction: start
building face restriction: done
Unification converged after 3 iterations.
Array Contraction: Contracting 0 temps
Unification converged after 3 iterations.
Array Contraction: Contracting 0 temps
Unification converged after 1 iterations.
Array Contraction: Contracting 0 temps
Unification converged after 1 iterations.
Array Contraction: Contracting 0 temps
build program: kernel '_pt_kernel' was part of a lengthy source build resulting from a binary cache miss (0.46 s)
Unification converged after 1 iterations.
Array Contraction: Contracting 0 temps
build program: kernel '_pt_kernel' was part of a lengthy source build resulting from a binary cache miss (0.45 s)
Unification converged after 3 iterations.
fuse_same_discretization_entity_loops on '_pt_kernel': completed (2.03s wall 1.00x CPU)
Loop Fusion: completed (2.18s wall 1.00x CPU)
Array Contraction: Contracting 0 temps
preprocess_program on '_pt_kernel': completed (0.52s wall 1.00x CPU)
_pt_kernel: check array access within bounds: completed (0.65s wall 1.00x CPU)
_pt_kernel: generate code: completed (0.65s wall 1.00x CPU)
build program: kernel '_pt_kernel' was part of a lengthy source build resulting from a binary cache miss (1.09 s)
build program: kernel '_pt_kernel_0' was part of a lengthy source build resulting from a binary cache miss (1.09 s)
build program: kernel '_pt_kernel_1' was part of a lengthy source build resulting from a binary cache miss (1.09 s)
build program: kernel '_pt_kernel_2' was part of a lengthy source build resulting from a binary cache miss (1.09 s)
data wrapper de-duplication: 2194 encountered, 38 kept, 2156 eliminated
Unification converged after 11 iterations.
transform_dag.infer_axes_tags[pre-partition]: completed (10.18s wall 1.00x CPU)
find_partition: Split 4212 nodes into 1 parts, with [4212] nodes in each partition.
transform_dag.materialize_all_einsums_or_reduces: completed (0.63s wall 1.00x CPU)
Unification converged after 1 iterations.
transform_dag.infer_axes_tags: completed (8.68s wall 1.00x CPU)
Unification converged after 1 iterations.
Array Contraction: Contracting 0 temps
Unification converged after 1 iterations.
Array Contraction: Contracting 0 temps
build program: kernel '_pt_kernel' was part of a lengthy source build resulting from a binary cache miss (0.46 s)
Unification converged after 1 iterations.
Array Contraction: Contracting 0 temps
build program: kernel '_pt_kernel' was part of a lengthy source build resulting from a binary cache miss (0.46 s)
Unification converged after 1 iterations.
Array Contraction: Contracting 0 temps
build program: kernel '_pt_kernel' was part of a lengthy source build resulting from a binary cache miss (0.46 s)
Unification converged after 1 iterations.
Array Contraction: Contracting 0 temps
build program: kernel '_pt_kernel' was part of a lengthy source build resulting from a binary cache miss (0.46 s)
transform_dag: completed (14.44s wall 1.00x CPU)
generate_loopy: completed (28.95s wall 1.00x CPU)
fuse_same_discretization_entity_loops on '_pt_kernel': completed (78.77s wall 1.00x CPU)
Loop Fusion: completed (81.36s wall 1.00x CPU)
Array Contraction: Contracting 429 temps
contract_arrays on '_pt_kernel': completed (96.82s wall 1.00x CPU)
Array Contraction: completed (98.92s wall 1.00x CPU)
preprocess_program on '_pt_kernel': completed (9.64s wall 1.00x CPU)
_pt_kernel: check array access within bounds: completed (13.08s wall 1.00x CPU)
_pt_kernel: schedule: completed (6.34s wall 1.00x CPU)
transform_loopy_program: completed (222.92s wall 1.00x CPU)
_pt_kernel: generate code: completed (6.51s wall 1.00x CPU)
build program: kernel '_pt_kernel' was part of a lengthy source build resulting from a binary cache miss (7.43 s)
build program: kernel '_pt_kernel_0' was part of a lengthy source build resulting from a binary cache miss (7.43 s)
build program: kernel '_pt_kernel_1' was part of a lengthy source build resulting from a binary cache miss (7.43 s)
build program: kernel '_pt_kernel_2' was part of a lengthy source build resulting from a binary cache miss (7.43 s)
build program: kernel '_pt_kernel_3' was part of a lengthy source build resulting from a binary cache miss (7.43 s)
build program: kernel '_pt_kernel_4' was part of a lengthy source build resulting from a binary cache miss (7.43 s)
build program: kernel '_pt_kernel_5' was part of a lengthy source build resulting from a binary cache miss (7.43 s)
build program: kernel '_pt_kernel_6' was part of a lengthy source build resulting from a binary cache miss (7.43 s)
build program: kernel '_pt_kernel_7' was part of a lengthy source build resulting from a binary cache miss (7.43 s)
build program: kernel '_pt_kernel_8' was part of a lengthy source build resulting from a binary cache miss (7.43 s)
build program: kernel '_pt_kernel_9' was part of a lengthy source build resulting from a binary cache miss (7.43 s)
build program: kernel '_pt_kernel_10' was part of a lengthy source build resulting from a binary cache miss (7.43 s)
build program: kernel '_pt_kernel_11' was part of a lengthy source build resulting from a binary cache miss (7.43 s)
build program: kernel '_pt_kernel_12' was part of a lengthy source build resulting from a binary cache miss (7.43 s)
build program: kernel '_pt_kernel_13' was part of a lengthy source build resulting from a binary cache miss (7.43 s)
build program: kernel '_pt_kernel_14' was part of a lengthy source build resulting from a binary cache miss (7.43 s)
build program: kernel '_pt_kernel_15' was part of a lengthy source build resulting from a binary cache miss (7.43 s)
build program: kernel '_pt_kernel_16' was part of a lengthy source build resulting from a binary cache miss (7.43 s)
build program: kernel '_pt_kernel_17' was part of a lengthy source build resulting from a binary cache miss (7.43 s)
build program: kernel '_pt_kernel_18' was part of a lengthy source build resulting from a binary cache miss (7.43 s)
build program: kernel '_pt_kernel_19' was part of a lengthy source build resulting from a binary cache miss (7.43 s)
build program: kernel '_pt_kernel_20' was part of a lengthy source build resulting from a binary cache miss (7.43 s)
build program: kernel '_pt_kernel_21' was part of a lengthy source build resulting from a binary cache miss (7.43 s)
build program: kernel '_pt_kernel_22' was part of a lengthy source build resulting from a binary cache miss (7.43 s)
build program: kernel '_pt_kernel_23' was part of a lengthy source build resulting from a binary cache miss (7.43 s)
Unification converged after 1 iterations.
Array Contraction: Contracting 0 temps
Unification converged after 1 iterations.
Array Contraction: Contracting 0 temps
Reading user input from file: ./run_config/case2d_p1s16.yaml
#### Simluation control data: ####
----- run control ------
	grid_only=0,discr_only=0,inert_only=1
	single_gas_only=0,dummy_rhs_only=0
	periodic_boundary=1,adiabatic_boundary=0
	timestepping_on=1, inviscid_only=0
	av_on=1, sponge_on=1
	nspecies=0
---- timestepping ------
	current_dt = 1e-08
	t_final = 2e-07
	constant_cfl = False
	Time integration euler
---- i/o frequencies -----
	nviz = 1000
	nrestart = 10000
	nhealth = 100
	nstatus = 10000
----- domain ------
	spatial dimension: 2
	domain_xlen = 1.0
	x_scale = 1.0
	domain_ylen = 1.0
	y_scale = 1.0
	----- discretization ----
	char_len = 0.25
	order = 1
	Shock capturing parameters: alpha_sc=0.5,  s0_sc=-5.0, kappa_sc=0.5
Sponge parameters: sponge_amp=999999.9999999999, sponge_thickness=0.09, sponge_x0=0.9
	Dependent variable logging is OFF.
#### Simluation control data: ####
---- Mesh generator inputs -----
	Domain: [(0.0, 0.0), (4.0, 4.0)], periodic=(True, True)
	Npts/axis: (17, 17)
rank=0,local_nelements=512,global_nelements=512
----- Discretization info ----
Discr: nodes.shape=(2,), h_min=0.14644660940672447, h_max=0.14644660940672755
rank=0,local_nelements=512,global_nelements=512
Input state (T,P,X) = (1500.0, 101325.0, [0.06542056 0.19626168 0.         0.         0.         0.
 0.73831776]
Cantera state (rho,T,P,Y) = (0.23397065362031969, 1500.0, 101325.0, [0.06372925 0.21806609 0.         0.         0.         0.
 0.71820466]
Timestepping: current_step=0, current_t=0, t_final=2e-07, current_dt=1e-08
step = 0, sim time: 0.000000e+00 s
------- step walltime: 308.205 s, log walltime: 0.000195503 s
step = 1, sim time: 1.000000e-08 s
------- step walltime: 0.0271823 s, log walltime: 0.000169754 s
step = 2, sim time: 2.000000e-08 s
------- step walltime: 0.0268433 s, log walltime: 9.65595e-05 s
step = 3, sim time: 3.000000e-08 s
------- step walltime: 0.0262089 s, log walltime: 9.58443e-05 s
step = 4, sim time: 4.000000e-08 s
------- step walltime: 0.028358 s, log walltime: 9.60827e-05 s
step = 5, sim time: 5.000000e-08 s
------- step walltime: 0.0262544 s, log walltime: 9.5129e-05 s
step = 6, sim time: 6.000000e-08 s
------- step walltime: 0.02672 s, log walltime: 9.27448e-05 s
step = 7, sim time: 7.000000e-08 s
------- step walltime: 0.0266583 s, log walltime: 9.67979e-05 s
step = 8, sim time: 8.000000e-08 s
------- step walltime: 0.026201 s, log walltime: 0.000101805 s
step = 9, sim time: 9.000000e-08 s
------- step walltime: 0.0267272 s, log walltime: 9.10759e-05 s
step = 10, sim time: 1.000000e-07 s
------- step walltime: 0.0261223 s, log walltime: 9.75132e-05 s
step = 11, sim time: 1.100000e-07 s
------- step walltime: 0.0266697 s, log walltime: 9.34601e-05 s
step = 12, sim time: 1.200000e-07 s
------- step walltime: 0.0265622 s, log walltime: 0.000100136 s
step = 13, sim time: 1.300000e-07 s
------- step walltime: 0.0261531 s, log walltime: 9.17912e-05 s
step = 14, sim time: 1.400000e-07 s
------- step walltime: 0.0267487 s, log walltime: 9.10759e-05 s
step = 15, sim time: 1.500000e-07 s
------- step walltime: 0.0261605 s, log walltime: 8.98838e-05 s
step = 16, sim time: 1.600000e-07 s
------- step walltime: 0.0266838 s, log walltime: 9.2268e-05 s
step = 17, sim time: 1.700000e-07 s
------- step walltime: 0.0265806 s, log walltime: 9.10759e-05 s
step = 18, sim time: 1.800000e-07 s
------- step walltime: 0.0260949 s, log walltime: 9.41753e-05 s
Unification converged after 1 iterations.
Array Contraction: Contracting 0 temps
Unification converged after 1 iterations.
Array Contraction: Contracting 0 temps
step = 19, sim time: 1.900000e-07 s
------- step walltime: 0.460293 s, log walltime: 9.03606e-05 s
Checkpointing final state ...
Unification converged after 1 iterations.
Array Contraction: Contracting 0 temps
build program: kernel '_pt_kernel' was part of a lengthy source build resulting from a binary cache miss (0.46 s)
Unification converged after 1 iterations.
Array Contraction: Contracting 0 temps
build program: kernel '_pt_kernel' was part of a lengthy source build resulting from a binary cache miss (0.47 s)
Unification converged after 1 iterations.
Array Contraction: Contracting 0 temps
----- cfl=0.05
P(56290.65452753474, 101326.50831193806), T(837.9633589318904, 1508.4198058288089)
Unification converged after 0 iterations.
rank=0: Invalid pressure data found.
rank=0: Invalid temperature data found.
Fluid solution failed health check.
Traceback (most recent call last):
  File "/p/gpfs1/mtcampbe/CEESD/AutomatedTesting/MIRGE-Timing/timing/emirge.fusion/miniforge3/envs/timing.fusion/lib/python3.9/runpy.py", line 197, in _run_module_as_main
    return _run_code(code, main_globals, None,
  File "/p/gpfs1/mtcampbe/CEESD/AutomatedTesting/MIRGE-Timing/timing/emirge.fusion/miniforge3/envs/timing.fusion/lib/python3.9/runpy.py", line 87, in _run_code
    exec(code, run_globals)
  File "/p/gpfs1/mtcampbe/CEESD/AutomatedTesting/MIRGE-Timing/timing/emirge.fusion/miniforge3/envs/timing.fusion/lib/python3.9/site-packages/mpi4py/__main__.py", line 7, in <module>
    main()
  File "/p/gpfs1/mtcampbe/CEESD/AutomatedTesting/MIRGE-Timing/timing/emirge.fusion/miniforge3/envs/timing.fusion/lib/python3.9/site-packages/mpi4py/run.py", line 198, in main
    run_command_line(args)
  File "/p/gpfs1/mtcampbe/CEESD/AutomatedTesting/MIRGE-Timing/timing/emirge.fusion/miniforge3/envs/timing.fusion/lib/python3.9/site-packages/mpi4py/run.py", line 47, in run_command_line
    run_path(sys.argv[0], run_name='__main__')
  File "/p/gpfs1/mtcampbe/CEESD/AutomatedTesting/MIRGE-Timing/timing/emirge.fusion/miniforge3/envs/timing.fusion/lib/python3.9/runpy.py", line 268, in run_path
    return _run_module_code(code, init_globals, run_name,
  File "/p/gpfs1/mtcampbe/CEESD/AutomatedTesting/MIRGE-Timing/timing/emirge.fusion/miniforge3/envs/timing.fusion/lib/python3.9/runpy.py", line 97, in _run_module_code
    _run_code(code, mod_globals, init_globals,
  File "/p/gpfs1/mtcampbe/CEESD/AutomatedTesting/MIRGE-Timing/timing/emirge.fusion/miniforge3/envs/timing.fusion/lib/python3.9/runpy.py", line 87, in _run_code
    exec(code, run_globals)
  File "./combozzle.py", line 1157, in <module>
    main(use_logmgr=args.log, use_leap=args.leap, input_file=input_file,
  File "/p/gpfs1/mtcampbe/CEESD/AutomatedTesting/MIRGE-Timing/timing/emirge.fusion/mirgecom/mirgecom/mpi.py", line 157, in wrapped_func
    func(*args, **kwargs)
  File "./combozzle.py", line 1110, in main
    raise MyRuntimeError("Failed simulation health check.")
__main__.MyRuntimeError: Failed simulation health check.
--------------------------------------------------------------------------
MPI_ABORT was invoked on rank 0 in communicator MPI_COMM_WORLD
with errorcode 1.

NOTE: invoking MPI_ABORT causes Open MPI to kill all MPI processes.
You may or may not see output from other processes, depending on
exactly when Open MPI kills them.
--------------------------------------------------------------------------
python -m mpi4py ./combozzle.py -i ./run_config/case2d_p1s16384.yaml --lazy
./combozzle.py:1133: UserWarning: Automatically turning off DV logging. MIRGE-Com Issue(578)
  warn("Automatically turning off DV logging. MIRGE-Com Issue(578)")
/p/gpfs1/mtcampbe/CEESD/AutomatedTesting/MIRGE-Timing/timing/emirge.fusion/grudge/grudge/array_context.py:59: UserWarning: Your loopy and meshmode branches are mismatched. Please make sure that you have the https://github.com/kaushikcfd/loopy/tree/pytato-array-context-transforms branch of loopy.
  warn("Your loopy and meshmode branches are mismatched. "
--------------------------------------------------------------------------
By default, for Open MPI 4.0 and later, infiniband ports on a device
are not used by default.  The intent is to use UCX for these devices.
You can override this policy by setting the btl_openib_allow_ib MCA parameter
to true.

  Local host:              lassen204
  Local adapter:           mlx5_1
  Local port:              1

--------------------------------------------------------------------------
--------------------------------------------------------------------------
WARNING: There was an error initializing an OpenFabrics device.

  Local host:   lassen204
  Local device: mlx5_1
--------------------------------------------------------------------------
[lassen204:91836] mca_base_component_repository_open: unable to open mca_pml_pami: libpami.so.3: cannot open shared object file: No such file or directory (ignored)
[lassen204:91836] mca_base_component_repository_open: unable to open mca_coll_ibm: libcollectives.so.3: cannot open shared object file: No such file or directory (ignored)
[lassen204:91836] mca_base_component_repository_open: unable to open mca_osc_pami: libpami.so.3: cannot open shared object file: No such file or directory (ignored)
[1649107676.017225] [lassen204:91836:0]         mxm.c:196  MXM  WARN  The 'ulimit -s' on the system is set to 'unlimited'. This may have negative performance implications. Please set the stack size to the default value (10240) 
rank 0: sent all mesh partitions
./combozzle.py:586: DeprecationWarning: EagerDGDiscretization is deprecated and will go away in 2022. Use the base DiscretizationCollection with grudge.op instead.
  discr = EagerDGDiscretization(
Unification converged after 1 iterations.
Array Contraction: Contracting 0 temps
Unification converged after 3 iterations.
fuse_same_discretization_entity_loops on '_pt_kernel': completed (0.36s wall 1.00x CPU)
Loop Fusion: completed (0.40s wall 1.00x CPU)
Array Contraction: Contracting 1 temps
building face restriction: start
building face restriction: done
Unification converged after 3 iterations.
Array Contraction: Contracting 2 temps
Unification converged after 1 iterations.
Array Contraction: Contracting 1 temps
_pt_kernel: generate code: completed (0.44s wall 1.00x CPU)
build program: kernel '_pt_kernel' was part of a lengthy source build resulting from a binary cache miss (1.44 s)
build program: kernel '_pt_kernel_0' was part of a lengthy source build resulting from a binary cache miss (1.44 s)
build program: kernel '_pt_kernel_1' was part of a lengthy source build resulting from a binary cache miss (1.44 s)
build program: kernel '_pt_kernel_2' was part of a lengthy source build resulting from a binary cache miss (1.44 s)
build program: kernel '_pt_kernel_3' was part of a lengthy source build resulting from a binary cache miss (1.44 s)
build program: kernel '_pt_kernel_4' was part of a lengthy source build resulting from a binary cache miss (1.44 s)
Unification converged after 1 iterations.
Array Contraction: Contracting 0 temps
Unification converged after 0 iterations.
/p/gpfs1/mtcampbe/CEESD/AutomatedTesting/MIRGE-Timing/timing/emirge.fusion/meshmode/meshmode/array_context.py:1559: UserWarning: FusionContractorArrayContext.transform_loopy_program not broad enough (yet). Falling back to a possibly slower transformation strategy.
  warn("FusionContractorArrayContext.transform_loopy_program not"
Unification converged after 0 iterations.
Unification converged after 1 iterations.
Unification converged after 1 iterations.
Unification converged after 1 iterations.
Unification converged after 1 iterations.
Unification converged after 1 iterations.
Unification converged after 1 iterations.
Unification converged after 1 iterations.
Unification converged after 1 iterations.
Unification converged after 1 iterations.
Unification converged after 1 iterations.
Unification converged after 1 iterations.
Unification converged after 1 iterations.
Unification converged after 1 iterations.
find_partition: Split 29 nodes into 1 parts, with [29] nodes in each partition.
Unification converged after 1 iterations.
fuse_same_discretization_entity_loops on '_pt_kernel': completed (0.53s wall 1.00x CPU)
Loop Fusion: completed (0.59s wall 1.00x CPU)
Array Contraction: Contracting 1 temps
_pt_kernel: schedule: completed (0.58s wall 1.00x CPU)
transform_loopy_program: completed (1.64s wall 1.00x CPU)
Unification converged after 1 iterations.
Array Contraction: Contracting 0 temps
Unification converged after 1 iterations.
Array Contraction: Contracting 0 temps
Unification converged after 1 iterations.
Array Contraction: Contracting 0 temps
Unification converged after 1 iterations.
Array Contraction: Contracting 0 temps
build program: kernel '_pt_kernel' was part of a lengthy source build resulting from a binary cache miss (0.49 s)
Unification converged after 1 iterations.
Unification converged after 1 iterations.
Unification converged after 1 iterations.
Unification converged after 1 iterations.
Unification converged after 1 iterations.
Unification converged after 1 iterations.
Unification converged after 1 iterations.
Unification converged after 1 iterations.
Unification converged after 1 iterations.
Unification converged after 1 iterations.
Unification converged after 1 iterations.
Unification converged after 1 iterations.
building face restriction: start
building face restriction: done
Unification converged after 3 iterations.
Array Contraction: Contracting 0 temps
Unification converged after 3 iterations.
Array Contraction: Contracting 0 temps
Unification converged after 1 iterations.
Array Contraction: Contracting 0 temps
Unification converged after 1 iterations.
Array Contraction: Contracting 0 temps
build program: kernel '_pt_kernel' was part of a lengthy source build resulting from a binary cache miss (0.45 s)
Unification converged after 1 iterations.
Array Contraction: Contracting 0 temps
build program: kernel '_pt_kernel' was part of a lengthy source build resulting from a binary cache miss (0.46 s)
Unification converged after 3 iterations.
fuse_same_discretization_entity_loops on '_pt_kernel': completed (2.07s wall 1.00x CPU)
Loop Fusion: completed (2.22s wall 1.00x CPU)
Array Contraction: Contracting 0 temps
preprocess_program on '_pt_kernel': completed (0.49s wall 1.00x CPU)
_pt_kernel: check array access within bounds: completed (0.65s wall 1.00x CPU)
_pt_kernel: generate code: completed (0.65s wall 1.00x CPU)
build program: kernel '_pt_kernel' was part of a lengthy source build resulting from a binary cache miss (1.09 s)
build program: kernel '_pt_kernel_0' was part of a lengthy source build resulting from a binary cache miss (1.09 s)
build program: kernel '_pt_kernel_1' was part of a lengthy source build resulting from a binary cache miss (1.09 s)
build program: kernel '_pt_kernel_2' was part of a lengthy source build resulting from a binary cache miss (1.09 s)
data wrapper de-duplication: 2194 encountered, 38 kept, 2156 eliminated
Unification converged after 11 iterations.
transform_dag.infer_axes_tags[pre-partition]: completed (10.11s wall 1.00x CPU)
find_partition: Split 4212 nodes into 1 parts, with [4212] nodes in each partition.
transform_dag.materialize_all_einsums_or_reduces: completed (0.77s wall 1.00x CPU)
Unification converged after 1 iterations.
transform_dag.infer_axes_tags: completed (8.72s wall 1.00x CPU)
Unification converged after 1 iterations.
Array Contraction: Contracting 0 temps
Unification converged after 1 iterations.
Array Contraction: Contracting 0 temps
build program: kernel '_pt_kernel' was part of a lengthy source build resulting from a binary cache miss (0.50 s)
Unification converged after 1 iterations.
Array Contraction: Contracting 0 temps
build program: kernel '_pt_kernel' was part of a lengthy source build resulting from a binary cache miss (0.57 s)
Unification converged after 1 iterations.
Array Contraction: Contracting 0 temps
build program: kernel '_pt_kernel' was part of a lengthy source build resulting from a binary cache miss (0.50 s)
Unification converged after 1 iterations.
Array Contraction: Contracting 0 temps
build program: kernel '_pt_kernel' was part of a lengthy source build resulting from a binary cache miss (0.50 s)
transform_dag: completed (14.90s wall 1.00x CPU)
generate_loopy: completed (28.88s wall 1.00x CPU)
fuse_same_discretization_entity_loops on '_pt_kernel': completed (79.79s wall 1.00x CPU)
Loop Fusion: completed (82.34s wall 1.00x CPU)
Array Contraction: Contracting 429 temps
contract_arrays on '_pt_kernel': completed (96.21s wall 1.00x CPU)
Array Contraction: completed (98.21s wall 1.00x CPU)
preprocess_program on '_pt_kernel': completed (9.85s wall 1.00x CPU)
_pt_kernel: check array access within bounds: completed (12.89s wall 1.00x CPU)
_pt_kernel: schedule: completed (6.32s wall 1.00x CPU)
transform_loopy_program: completed (223.15s wall 1.00x CPU)
_pt_kernel: generate code: completed (6.79s wall 1.00x CPU)
build program: kernel '_pt_kernel' was part of a lengthy source build resulting from a binary cache miss (7.45 s)
build program: kernel '_pt_kernel_0' was part of a lengthy source build resulting from a binary cache miss (7.45 s)
build program: kernel '_pt_kernel_1' was part of a lengthy source build resulting from a binary cache miss (7.45 s)
build program: kernel '_pt_kernel_2' was part of a lengthy source build resulting from a binary cache miss (7.45 s)
build program: kernel '_pt_kernel_3' was part of a lengthy source build resulting from a binary cache miss (7.45 s)
build program: kernel '_pt_kernel_4' was part of a lengthy source build resulting from a binary cache miss (7.45 s)
build program: kernel '_pt_kernel_5' was part of a lengthy source build resulting from a binary cache miss (7.45 s)
build program: kernel '_pt_kernel_6' was part of a lengthy source build resulting from a binary cache miss (7.45 s)
build program: kernel '_pt_kernel_7' was part of a lengthy source build resulting from a binary cache miss (7.45 s)
build program: kernel '_pt_kernel_8' was part of a lengthy source build resulting from a binary cache miss (7.45 s)
build program: kernel '_pt_kernel_9' was part of a lengthy source build resulting from a binary cache miss (7.45 s)
build program: kernel '_pt_kernel_10' was part of a lengthy source build resulting from a binary cache miss (7.45 s)
build program: kernel '_pt_kernel_11' was part of a lengthy source build resulting from a binary cache miss (7.45 s)
build program: kernel '_pt_kernel_12' was part of a lengthy source build resulting from a binary cache miss (7.45 s)
build program: kernel '_pt_kernel_13' was part of a lengthy source build resulting from a binary cache miss (7.45 s)
build program: kernel '_pt_kernel_14' was part of a lengthy source build resulting from a binary cache miss (7.45 s)
build program: kernel '_pt_kernel_15' was part of a lengthy source build resulting from a binary cache miss (7.45 s)
build program: kernel '_pt_kernel_16' was part of a lengthy source build resulting from a binary cache miss (7.45 s)
build program: kernel '_pt_kernel_17' was part of a lengthy source build resulting from a binary cache miss (7.45 s)
build program: kernel '_pt_kernel_18' was part of a lengthy source build resulting from a binary cache miss (7.45 s)
build program: kernel '_pt_kernel_19' was part of a lengthy source build resulting from a binary cache miss (7.45 s)
build program: kernel '_pt_kernel_20' was part of a lengthy source build resulting from a binary cache miss (7.45 s)
build program: kernel '_pt_kernel_21' was part of a lengthy source build resulting from a binary cache miss (7.45 s)
build program: kernel '_pt_kernel_22' was part of a lengthy source build resulting from a binary cache miss (7.45 s)
build program: kernel '_pt_kernel_23' was part of a lengthy source build resulting from a binary cache miss (7.45 s)
Unification converged after 1 iterations.
Array Contraction: Contracting 0 temps
Unification converged after 1 iterations.
Array Contraction: Contracting 0 temps
Reading user input from file: ./run_config/case2d_p1s16384.yaml
#### Simluation control data: ####
----- run control ------
	grid_only=0,discr_only=0,inert_only=1
	single_gas_only=0,dummy_rhs_only=0
	periodic_boundary=1,adiabatic_boundary=0
	timestepping_on=1, inviscid_only=0
	av_on=1, sponge_on=1
	nspecies=0
---- timestepping ------
	current_dt = 1e-08
	t_final = 2e-07
	constant_cfl = False
	Time integration euler
---- i/o frequencies -----
	nviz = 1000
	nrestart = 10000
	nhealth = 100
	nstatus = 10000
----- domain ------
	spatial dimension: 2
	domain_xlen = 1.0
	x_scale = 1.0
	domain_ylen = 1.0
	y_scale = 1.0
	----- discretization ----
	char_len = 0.25
	order = 1
	Shock capturing parameters: alpha_sc=0.5,  s0_sc=-5.0, kappa_sc=0.5
Sponge parameters: sponge_amp=999999.9999999999, sponge_thickness=0.09, sponge_x0=0.9
	Dependent variable logging is OFF.
#### Simluation control data: ####
---- Mesh generator inputs -----
	Domain: [(0.0, 0.0), (128.0, 128.0)], periodic=(True, True)
	Npts/axis: (513, 513)
rank=0,local_nelements=524288,global_nelements=524288
----- Discretization info ----
Discr: nodes.shape=(2,), h_min=0.1464466094066732, h_max=0.14644660940677168
rank=0,local_nelements=524288,global_nelements=524288
Input state (T,P,X) = (1500.0, 101325.0, [0.06542056 0.19626168 0.         0.         0.         0.
 0.73831776]
Cantera state (rho,T,P,Y) = (0.23397065362031969, 1500.0, 101325.0, [0.06372925 0.21806609 0.         0.         0.         0.
 0.71820466]
Timestepping: current_step=0, current_t=0, t_final=2e-07, current_dt=1e-08
step = 0, sim time: 0.000000e+00 s
------- step walltime: 330.962 s, log walltime: 0.000194073 s
step = 1, sim time: 1.000000e-08 s
------- step walltime: 0.082144 s, log walltime: 0.000178576 s
step = 2, sim time: 2.000000e-08 s
------- step walltime: 0.0965908 s, log walltime: 0.000102758 s
step = 3, sim time: 3.000000e-08 s
------- step walltime: 0.0673187 s, log walltime: 0.00010252 s
step = 4, sim time: 4.000000e-08 s
------- step walltime: 0.0662403 s, log walltime: 0.000101805 s
step = 5, sim time: 5.000000e-08 s
------- step walltime: 0.0683343 s, log walltime: 0.000100374 s
step = 6, sim time: 6.000000e-08 s
------- step walltime: 0.0661643 s, log walltime: 0.000102282 s
step = 7, sim time: 7.000000e-08 s
------- step walltime: 0.0796335 s, log walltime: 0.000101566 s
step = 8, sim time: 8.000000e-08 s
------- step walltime: 0.0675254 s, log walltime: 0.000111818 s
step = 9, sim time: 9.000000e-08 s
------- step walltime: 0.0661826 s, log walltime: 0.000101089 s
step = 10, sim time: 1.000000e-07 s
------- step walltime: 0.0681107 s, log walltime: 0.000107527 s
step = 11, sim time: 1.100000e-07 s
------- step walltime: 0.0662315 s, log walltime: 0.000101089 s
step = 12, sim time: 1.200000e-07 s
------- step walltime: 0.0796719 s, log walltime: 0.000108004 s
step = 13, sim time: 1.300000e-07 s
------- step walltime: 0.0673728 s, log walltime: 9.91821e-05 s
step = 14, sim time: 1.400000e-07 s
------- step walltime: 0.0686986 s, log walltime: 9.799e-05 s
step = 15, sim time: 1.500000e-07 s
------- step walltime: 0.0682607 s, log walltime: 0.000102282 s
step = 16, sim time: 1.600000e-07 s
------- step walltime: 0.0670354 s, log walltime: 0.000103235 s
step = 17, sim time: 1.700000e-07 s
------- step walltime: 0.0798151 s, log walltime: 0.000101089 s
step = 18, sim time: 1.800000e-07 s
------- step walltime: 0.0677259 s, log walltime: 9.94205e-05 s
Unification converged after 1 iterations.
Array Contraction: Contracting 0 temps
Unification converged after 1 iterations.
Array Contraction: Contracting 0 temps
step = 19, sim time: 1.900000e-07 s
------- step walltime: 0.501618 s, log walltime: 9.72748e-05 s
Checkpointing final state ...
Unification converged after 1 iterations.
Array Contraction: Contracting 0 temps
build program: kernel '_pt_kernel' was part of a lengthy source build resulting from a binary cache miss (0.50 s)
Unification converged after 1 iterations.
Array Contraction: Contracting 0 temps
build program: kernel '_pt_kernel' was part of a lengthy source build resulting from a binary cache miss (0.52 s)
Unification converged after 1 iterations.
Array Contraction: Contracting 0 temps
----- cfl=0.05
P(-506542.49103221303, 101327.25188875044), T(-7540.466069468156, 1508.3701876978193)
Unification converged after 0 iterations.
rank=0: Invalid pressure data found.
rank=0: Invalid temperature data found.
Fluid solution failed health check.
Traceback (most recent call last):
  File "/p/gpfs1/mtcampbe/CEESD/AutomatedTesting/MIRGE-Timing/timing/emirge.fusion/miniforge3/envs/timing.fusion/lib/python3.9/runpy.py", line 197, in _run_module_as_main
    return _run_code(code, main_globals, None,
  File "/p/gpfs1/mtcampbe/CEESD/AutomatedTesting/MIRGE-Timing/timing/emirge.fusion/miniforge3/envs/timing.fusion/lib/python3.9/runpy.py", line 87, in _run_code
    exec(code, run_globals)
  File "/p/gpfs1/mtcampbe/CEESD/AutomatedTesting/MIRGE-Timing/timing/emirge.fusion/miniforge3/envs/timing.fusion/lib/python3.9/site-packages/mpi4py/__main__.py", line 7, in <module>
    main()
  File "/p/gpfs1/mtcampbe/CEESD/AutomatedTesting/MIRGE-Timing/timing/emirge.fusion/miniforge3/envs/timing.fusion/lib/python3.9/site-packages/mpi4py/run.py", line 198, in main
    run_command_line(args)
  File "/p/gpfs1/mtcampbe/CEESD/AutomatedTesting/MIRGE-Timing/timing/emirge.fusion/miniforge3/envs/timing.fusion/lib/python3.9/site-packages/mpi4py/run.py", line 47, in run_command_line
    run_path(sys.argv[0], run_name='__main__')
  File "/p/gpfs1/mtcampbe/CEESD/AutomatedTesting/MIRGE-Timing/timing/emirge.fusion/miniforge3/envs/timing.fusion/lib/python3.9/runpy.py", line 268, in run_path
    return _run_module_code(code, init_globals, run_name,
  File "/p/gpfs1/mtcampbe/CEESD/AutomatedTesting/MIRGE-Timing/timing/emirge.fusion/miniforge3/envs/timing.fusion/lib/python3.9/runpy.py", line 97, in _run_module_code
    _run_code(code, mod_globals, init_globals,
  File "/p/gpfs1/mtcampbe/CEESD/AutomatedTesting/MIRGE-Timing/timing/emirge.fusion/miniforge3/envs/timing.fusion/lib/python3.9/runpy.py", line 87, in _run_code
    exec(code, run_globals)
  File "./combozzle.py", line 1157, in <module>
    main(use_logmgr=args.log, use_leap=args.leap, input_file=input_file,
  File "/p/gpfs1/mtcampbe/CEESD/AutomatedTesting/MIRGE-Timing/timing/emirge.fusion/mirgecom/mirgecom/mpi.py", line 157, in wrapped_func
    func(*args, **kwargs)
  File "./combozzle.py", line 1110, in main
    raise MyRuntimeError("Failed simulation health check.")
__main__.MyRuntimeError: Failed simulation health check.
--------------------------------------------------------------------------
MPI_ABORT was invoked on rank 0 in communicator MPI_COMM_WORLD
with errorcode 1.

NOTE: invoking MPI_ABORT causes Open MPI to kill all MPI processes.
You may or may not see output from other processes, depending on
exactly when Open MPI kills them.
--------------------------------------------------------------------------
python -m mpi4py ./combozzle.py -i ./run_config/case2d_p1s2048.yaml --lazy
./combozzle.py:1133: UserWarning: Automatically turning off DV logging. MIRGE-Com Issue(578)
  warn("Automatically turning off DV logging. MIRGE-Com Issue(578)")
/p/gpfs1/mtcampbe/CEESD/AutomatedTesting/MIRGE-Timing/timing/emirge.fusion/grudge/grudge/array_context.py:59: UserWarning: Your loopy and meshmode branches are mismatched. Please make sure that you have the https://github.com/kaushikcfd/loopy/tree/pytato-array-context-transforms branch of loopy.
  warn("Your loopy and meshmode branches are mismatched. "
--------------------------------------------------------------------------
By default, for Open MPI 4.0 and later, infiniband ports on a device
are not used by default.  The intent is to use UCX for these devices.
You can override this policy by setting the btl_openib_allow_ib MCA parameter
to true.

  Local host:              lassen204
  Local adapter:           mlx5_1
  Local port:              1

--------------------------------------------------------------------------
--------------------------------------------------------------------------
WARNING: There was an error initializing an OpenFabrics device.

  Local host:   lassen204
  Local device: mlx5_1
--------------------------------------------------------------------------
[lassen204:97634] mca_base_component_repository_open: unable to open mca_pml_pami: libpami.so.3: cannot open shared object file: No such file or directory (ignored)
[lassen204:97634] mca_base_component_repository_open: unable to open mca_coll_ibm: libcollectives.so.3: cannot open shared object file: No such file or directory (ignored)
[lassen204:97634] mca_base_component_repository_open: unable to open mca_osc_pami: libpami.so.3: cannot open shared object file: No such file or directory (ignored)
[1649108221.103393] [lassen204:97634:0]         mxm.c:196  MXM  WARN  The 'ulimit -s' on the system is set to 'unlimited'. This may have negative performance implications. Please set the stack size to the default value (10240) 
rank 0: sent all mesh partitions
./combozzle.py:586: DeprecationWarning: EagerDGDiscretization is deprecated and will go away in 2022. Use the base DiscretizationCollection with grudge.op instead.
  discr = EagerDGDiscretization(
Unification converged after 1 iterations.
Array Contraction: Contracting 0 temps
Unification converged after 3 iterations.
fuse_same_discretization_entity_loops on '_pt_kernel': completed (0.37s wall 1.00x CPU)
Loop Fusion: completed (0.40s wall 1.00x CPU)
Array Contraction: Contracting 1 temps
building face restriction: start
building face restriction: done
Unification converged after 3 iterations.
Array Contraction: Contracting 2 temps
Unification converged after 1 iterations.
Array Contraction: Contracting 1 temps
_pt_kernel: generate code: completed (0.44s wall 1.00x CPU)
build program: kernel '_pt_kernel' was part of a lengthy source build resulting from a binary cache miss (1.44 s)
build program: kernel '_pt_kernel_0' was part of a lengthy source build resulting from a binary cache miss (1.44 s)
build program: kernel '_pt_kernel_1' was part of a lengthy source build resulting from a binary cache miss (1.44 s)
build program: kernel '_pt_kernel_2' was part of a lengthy source build resulting from a binary cache miss (1.44 s)
build program: kernel '_pt_kernel_3' was part of a lengthy source build resulting from a binary cache miss (1.44 s)
build program: kernel '_pt_kernel_4' was part of a lengthy source build resulting from a binary cache miss (1.44 s)
Unification converged after 1 iterations.
Array Contraction: Contracting 0 temps
Unification converged after 0 iterations.
/p/gpfs1/mtcampbe/CEESD/AutomatedTesting/MIRGE-Timing/timing/emirge.fusion/meshmode/meshmode/array_context.py:1559: UserWarning: FusionContractorArrayContext.transform_loopy_program not broad enough (yet). Falling back to a possibly slower transformation strategy.
  warn("FusionContractorArrayContext.transform_loopy_program not"
Unification converged after 0 iterations.
Unification converged after 1 iterations.
Unification converged after 1 iterations.
Unification converged after 1 iterations.
Unification converged after 1 iterations.
Unification converged after 1 iterations.
Unification converged after 1 iterations.
Unification converged after 1 iterations.
Unification converged after 1 iterations.
Unification converged after 1 iterations.
Unification converged after 1 iterations.
Unification converged after 1 iterations.
Unification converged after 1 iterations.
Unification converged after 1 iterations.
find_partition: Split 29 nodes into 1 parts, with [29] nodes in each partition.
Unification converged after 1 iterations.
fuse_same_discretization_entity_loops on '_pt_kernel': completed (0.54s wall 1.00x CPU)
Loop Fusion: completed (0.59s wall 1.00x CPU)
Array Contraction: Contracting 1 temps
_pt_kernel: schedule: completed (0.59s wall 1.00x CPU)
transform_loopy_program: completed (1.64s wall 1.00x CPU)
Unification converged after 1 iterations.
Array Contraction: Contracting 0 temps
Unification converged after 1 iterations.
Array Contraction: Contracting 0 temps
Unification converged after 1 iterations.
Array Contraction: Contracting 0 temps
Unification converged after 1 iterations.
Array Contraction: Contracting 0 temps
build program: kernel '_pt_kernel' was part of a lengthy source build resulting from a binary cache miss (0.49 s)
Unification converged after 1 iterations.
Unification converged after 1 iterations.
Unification converged after 1 iterations.
Unification converged after 1 iterations.
Unification converged after 1 iterations.
Unification converged after 1 iterations.
Unification converged after 1 iterations.
Unification converged after 1 iterations.
Unification converged after 1 iterations.
Unification converged after 1 iterations.
Unification converged after 1 iterations.
Unification converged after 1 iterations.
building face restriction: start
building face restriction: done
Unification converged after 3 iterations.
Array Contraction: Contracting 0 temps
Unification converged after 3 iterations.
Array Contraction: Contracting 0 temps
Unification converged after 1 iterations.
Array Contraction: Contracting 0 temps
Unification converged after 1 iterations.
Array Contraction: Contracting 0 temps
Unification converged after 1 iterations.
Array Contraction: Contracting 0 temps
build program: kernel '_pt_kernel' was part of a lengthy source build resulting from a binary cache miss (0.46 s)
Unification converged after 3 iterations.
fuse_same_discretization_entity_loops on '_pt_kernel': completed (2.09s wall 1.00x CPU)
Loop Fusion: completed (2.24s wall 1.00x CPU)
Array Contraction: Contracting 0 temps
preprocess_program on '_pt_kernel': completed (0.49s wall 1.00x CPU)
_pt_kernel: check array access within bounds: completed (0.66s wall 1.00x CPU)
_pt_kernel: generate code: completed (0.65s wall 1.00x CPU)
build program: kernel '_pt_kernel' was part of a lengthy source build resulting from a binary cache miss (1.09 s)
build program: kernel '_pt_kernel_0' was part of a lengthy source build resulting from a binary cache miss (1.09 s)
build program: kernel '_pt_kernel_1' was part of a lengthy source build resulting from a binary cache miss (1.09 s)
build program: kernel '_pt_kernel_2' was part of a lengthy source build resulting from a binary cache miss (1.09 s)
data wrapper de-duplication: 2194 encountered, 38 kept, 2156 eliminated
Unification converged after 11 iterations.
transform_dag.infer_axes_tags[pre-partition]: completed (10.27s wall 1.00x CPU)
find_partition: Split 4212 nodes into 1 parts, with [4212] nodes in each partition.
transform_dag.materialize_all_einsums_or_reduces: completed (0.77s wall 1.00x CPU)
Unification converged after 1 iterations.
transform_dag.infer_axes_tags: completed (8.77s wall 1.00x CPU)
Unification converged after 1 iterations.
Array Contraction: Contracting 0 temps
Unification converged after 1 iterations.
Array Contraction: Contracting 0 temps
build program: kernel '_pt_kernel' was part of a lengthy source build resulting from a binary cache miss (0.51 s)
Unification converged after 1 iterations.
Array Contraction: Contracting 0 temps
build program: kernel '_pt_kernel' was part of a lengthy source build resulting from a binary cache miss (0.57 s)
Unification converged after 1 iterations.
Array Contraction: Contracting 0 temps
build program: kernel '_pt_kernel' was part of a lengthy source build resulting from a binary cache miss (0.51 s)
Unification converged after 1 iterations.
Array Contraction: Contracting 0 temps
build program: kernel '_pt_kernel' was part of a lengthy source build resulting from a binary cache miss (0.52 s)
transform_dag: completed (14.91s wall 1.00x CPU)
generate_loopy: completed (29.04s wall 1.00x CPU)
fuse_same_discretization_entity_loops on '_pt_kernel': completed (79.59s wall 1.00x CPU)
Loop Fusion: completed (82.01s wall 1.00x CPU)
Array Contraction: Contracting 429 temps
contract_arrays on '_pt_kernel': completed (96.92s wall 1.00x CPU)
Array Contraction: completed (98.76s wall 1.00x CPU)
preprocess_program on '_pt_kernel': completed (9.97s wall 1.00x CPU)
_pt_kernel: check array access within bounds: completed (12.91s wall 1.00x CPU)
_pt_kernel: schedule: completed (6.32s wall 1.00x CPU)
transform_loopy_program: completed (223.58s wall 1.00x CPU)
_pt_kernel: generate code: completed (6.79s wall 1.00x CPU)
build program: kernel '_pt_kernel' was part of a lengthy source build resulting from a binary cache miss (7.45 s)
build program: kernel '_pt_kernel_0' was part of a lengthy source build resulting from a binary cache miss (7.45 s)
build program: kernel '_pt_kernel_1' was part of a lengthy source build resulting from a binary cache miss (7.45 s)
build program: kernel '_pt_kernel_2' was part of a lengthy source build resulting from a binary cache miss (7.45 s)
build program: kernel '_pt_kernel_3' was part of a lengthy source build resulting from a binary cache miss (7.45 s)
build program: kernel '_pt_kernel_4' was part of a lengthy source build resulting from a binary cache miss (7.45 s)
build program: kernel '_pt_kernel_5' was part of a lengthy source build resulting from a binary cache miss (7.45 s)
build program: kernel '_pt_kernel_6' was part of a lengthy source build resulting from a binary cache miss (7.45 s)
build program: kernel '_pt_kernel_7' was part of a lengthy source build resulting from a binary cache miss (7.45 s)
build program: kernel '_pt_kernel_8' was part of a lengthy source build resulting from a binary cache miss (7.45 s)
build program: kernel '_pt_kernel_9' was part of a lengthy source build resulting from a binary cache miss (7.45 s)
build program: kernel '_pt_kernel_10' was part of a lengthy source build resulting from a binary cache miss (7.45 s)
build program: kernel '_pt_kernel_11' was part of a lengthy source build resulting from a binary cache miss (7.45 s)
build program: kernel '_pt_kernel_12' was part of a lengthy source build resulting from a binary cache miss (7.45 s)
build program: kernel '_pt_kernel_13' was part of a lengthy source build resulting from a binary cache miss (7.45 s)
build program: kernel '_pt_kernel_14' was part of a lengthy source build resulting from a binary cache miss (7.45 s)
build program: kernel '_pt_kernel_15' was part of a lengthy source build resulting from a binary cache miss (7.45 s)
build program: kernel '_pt_kernel_16' was part of a lengthy source build resulting from a binary cache miss (7.45 s)
build program: kernel '_pt_kernel_17' was part of a lengthy source build resulting from a binary cache miss (7.45 s)
build program: kernel '_pt_kernel_18' was part of a lengthy source build resulting from a binary cache miss (7.45 s)
build program: kernel '_pt_kernel_19' was part of a lengthy source build resulting from a binary cache miss (7.45 s)
build program: kernel '_pt_kernel_20' was part of a lengthy source build resulting from a binary cache miss (7.45 s)
build program: kernel '_pt_kernel_21' was part of a lengthy source build resulting from a binary cache miss (7.45 s)
build program: kernel '_pt_kernel_22' was part of a lengthy source build resulting from a binary cache miss (7.45 s)
build program: kernel '_pt_kernel_23' was part of a lengthy source build resulting from a binary cache miss (7.45 s)
Unification converged after 1 iterations.
Array Contraction: Contracting 0 temps
Unification converged after 1 iterations.
Array Contraction: Contracting 0 temps
Reading user input from file: ./run_config/case2d_p1s2048.yaml
#### Simluation control data: ####
----- run control ------
	grid_only=0,discr_only=0,inert_only=1
	single_gas_only=0,dummy_rhs_only=0
	periodic_boundary=1,adiabatic_boundary=0
	timestepping_on=1, inviscid_only=0
	av_on=1, sponge_on=1
	nspecies=0
---- timestepping ------
	current_dt = 1e-08
	t_final = 2e-07
	constant_cfl = False
	Time integration euler
---- i/o frequencies -----
	nviz = 1000
	nrestart = 10000
	nhealth = 100
	nstatus = 10000
----- domain ------
	spatial dimension: 2
	domain_xlen = 1.0
	x_scale = 2.0
	domain_ylen = 1.0
	y_scale = 1.0
	----- discretization ----
	char_len = 0.25
	order = 1
	Shock capturing parameters: alpha_sc=0.5,  s0_sc=-5.0, kappa_sc=0.5
Sponge parameters: sponge_amp=999999.9999999999, sponge_thickness=0.09, sponge_x0=0.9
	Dependent variable logging is OFF.
#### Simluation control data: ####
---- Mesh generator inputs -----
	Domain: [(0.0, 0.0), (64.0, 32.0)], periodic=(True, True)
	Npts/axis: (257, 129)
rank=0,local_nelements=65536,global_nelements=65536
----- Discretization info ----
Discr: nodes.shape=(2,), h_min=0.14644660940670806, h_max=0.14644660940674215
rank=0,local_nelements=65536,global_nelements=65536
Input state (T,P,X) = (1500.0, 101325.0, [0.06542056 0.19626168 0.         0.         0.         0.
 0.73831776]
Cantera state (rho,T,P,Y) = (0.23397065362031969, 1500.0, 101325.0, [0.06372925 0.21806609 0.         0.         0.         0.
 0.71820466]
Timestepping: current_step=0, current_t=0, t_final=2e-07, current_dt=1e-08
step = 0, sim time: 0.000000e+00 s
------- step walltime: 312.256 s, log walltime: 0.000204802 s
step = 1, sim time: 1.000000e-08 s
------- step walltime: 0.0410585 s, log walltime: 0.00017643 s
step = 2, sim time: 2.000000e-08 s
------- step walltime: 0.0313048 s, log walltime: 9.72748e-05 s
step = 3, sim time: 3.000000e-08 s
------- step walltime: 0.0513222 s, log walltime: 9.65595e-05 s
step = 4, sim time: 4.000000e-08 s
------- step walltime: 0.0309 s, log walltime: 0.000106096 s
step = 5, sim time: 5.000000e-08 s
------- step walltime: 0.0286908 s, log walltime: 9.63211e-05 s
step = 6, sim time: 6.000000e-08 s
------- step walltime: 0.0531001 s, log walltime: 9.98974e-05 s
step = 7, sim time: 7.000000e-08 s
------- step walltime: 0.0291665 s, log walltime: 9.89437e-05 s
step = 8, sim time: 8.000000e-08 s
------- step walltime: 0.030894 s, log walltime: 0.000108957 s
step = 9, sim time: 9.000000e-08 s
------- step walltime: 0.0287595 s, log walltime: 0.000112534 s
step = 10, sim time: 1.000000e-07 s
------- step walltime: 0.031193 s, log walltime: 0.000107288 s
step = 11, sim time: 1.100000e-07 s
------- step walltime: 0.0404899 s, log walltime: 9.72748e-05 s
step = 12, sim time: 1.200000e-07 s
------- step walltime: 0.0313869 s, log walltime: 0.000108004 s
step = 13, sim time: 1.300000e-07 s
------- step walltime: 0.0287483 s, log walltime: 9.89437e-05 s
step = 14, sim time: 1.400000e-07 s
------- step walltime: 0.0309935 s, log walltime: 0.000102997 s
step = 15, sim time: 1.500000e-07 s
------- step walltime: 0.028784 s, log walltime: 9.5129e-05 s
step = 16, sim time: 1.600000e-07 s
------- step walltime: 0.042815 s, log walltime: 9.84669e-05 s
step = 17, sim time: 1.700000e-07 s
------- step walltime: 0.029572 s, log walltime: 9.60827e-05 s
step = 18, sim time: 1.800000e-07 s
------- step walltime: 0.0315511 s, log walltime: 9.77516e-05 s
Unification converged after 1 iterations.
Array Contraction: Contracting 0 temps
Unification converged after 1 iterations.
Array Contraction: Contracting 0 temps
step = 19, sim time: 1.900000e-07 s
------- step walltime: 0.462646 s, log walltime: 0.000100851 s
Checkpointing final state ...
Unification converged after 1 iterations.
Array Contraction: Contracting 0 temps
build program: kernel '_pt_kernel' was part of a lengthy source build resulting from a binary cache miss (0.50 s)
Unification converged after 1 iterations.
Array Contraction: Contracting 0 temps
build program: kernel '_pt_kernel' was part of a lengthy source build resulting from a binary cache miss (0.52 s)
Unification converged after 1 iterations.
Array Contraction: Contracting 0 temps
----- cfl=0.05
P(-255414.70241306734, 101335.355723418), T(-3802.2259444300407, 1508.4457491581684)
Unification converged after 0 iterations.
rank=0: Invalid pressure data found.
rank=0: Invalid temperature data found.
Fluid solution failed health check.
Traceback (most recent call last):
  File "/p/gpfs1/mtcampbe/CEESD/AutomatedTesting/MIRGE-Timing/timing/emirge.fusion/miniforge3/envs/timing.fusion/lib/python3.9/runpy.py", line 197, in _run_module_as_main
    return _run_code(code, main_globals, None,
  File "/p/gpfs1/mtcampbe/CEESD/AutomatedTesting/MIRGE-Timing/timing/emirge.fusion/miniforge3/envs/timing.fusion/lib/python3.9/runpy.py", line 87, in _run_code
    exec(code, run_globals)
  File "/p/gpfs1/mtcampbe/CEESD/AutomatedTesting/MIRGE-Timing/timing/emirge.fusion/miniforge3/envs/timing.fusion/lib/python3.9/site-packages/mpi4py/__main__.py", line 7, in <module>
    main()
  File "/p/gpfs1/mtcampbe/CEESD/AutomatedTesting/MIRGE-Timing/timing/emirge.fusion/miniforge3/envs/timing.fusion/lib/python3.9/site-packages/mpi4py/run.py", line 198, in main
    run_command_line(args)
  File "/p/gpfs1/mtcampbe/CEESD/AutomatedTesting/MIRGE-Timing/timing/emirge.fusion/miniforge3/envs/timing.fusion/lib/python3.9/site-packages/mpi4py/run.py", line 47, in run_command_line
    run_path(sys.argv[0], run_name='__main__')
  File "/p/gpfs1/mtcampbe/CEESD/AutomatedTesting/MIRGE-Timing/timing/emirge.fusion/miniforge3/envs/timing.fusion/lib/python3.9/runpy.py", line 268, in run_path
    return _run_module_code(code, init_globals, run_name,
  File "/p/gpfs1/mtcampbe/CEESD/AutomatedTesting/MIRGE-Timing/timing/emirge.fusion/miniforge3/envs/timing.fusion/lib/python3.9/runpy.py", line 97, in _run_module_code
    _run_code(code, mod_globals, init_globals,
  File "/p/gpfs1/mtcampbe/CEESD/AutomatedTesting/MIRGE-Timing/timing/emirge.fusion/miniforge3/envs/timing.fusion/lib/python3.9/runpy.py", line 87, in _run_code
    exec(code, run_globals)
  File "./combozzle.py", line 1157, in <module>
    main(use_logmgr=args.log, use_leap=args.leap, input_file=input_file,
  File "/p/gpfs1/mtcampbe/CEESD/AutomatedTesting/MIRGE-Timing/timing/emirge.fusion/mirgecom/mirgecom/mpi.py", line 157, in wrapped_func
    func(*args, **kwargs)
  File "./combozzle.py", line 1110, in main
    raise MyRuntimeError("Failed simulation health check.")
__main__.MyRuntimeError: Failed simulation health check.
--------------------------------------------------------------------------
MPI_ABORT was invoked on rank 0 in communicator MPI_COMM_WORLD
with errorcode 1.

NOTE: invoking MPI_ABORT causes Open MPI to kill all MPI processes.
You may or may not see output from other processes, depending on
exactly when Open MPI kills them.
--------------------------------------------------------------------------
python -m mpi4py ./combozzle.py -i ./run_config/case2d_p1s256.yaml --lazy
./combozzle.py:1133: UserWarning: Automatically turning off DV logging. MIRGE-Com Issue(578)
  warn("Automatically turning off DV logging. MIRGE-Com Issue(578)")
/p/gpfs1/mtcampbe/CEESD/AutomatedTesting/MIRGE-Timing/timing/emirge.fusion/grudge/grudge/array_context.py:59: UserWarning: Your loopy and meshmode branches are mismatched. Please make sure that you have the https://github.com/kaushikcfd/loopy/tree/pytato-array-context-transforms branch of loopy.
  warn("Your loopy and meshmode branches are mismatched. "
--------------------------------------------------------------------------
By default, for Open MPI 4.0 and later, infiniband ports on a device
are not used by default.  The intent is to use UCX for these devices.
You can override this policy by setting the btl_openib_allow_ib MCA parameter
to true.

  Local host:              lassen204
  Local adapter:           mlx5_1
  Local port:              1

--------------------------------------------------------------------------
--------------------------------------------------------------------------
WARNING: There was an error initializing an OpenFabrics device.

  Local host:   lassen204
  Local device: mlx5_1
--------------------------------------------------------------------------
[lassen204:101661] mca_base_component_repository_open: unable to open mca_pml_pami: libpami.so.3: cannot open shared object file: No such file or directory (ignored)
[lassen204:101661] mca_base_component_repository_open: unable to open mca_coll_ibm: libcollectives.so.3: cannot open shared object file: No such file or directory (ignored)
[lassen204:101661] mca_base_component_repository_open: unable to open mca_osc_pami: libpami.so.3: cannot open shared object file: No such file or directory (ignored)
[1649108588.390851] [lassen204:101661:0]         mxm.c:196  MXM  WARN  The 'ulimit -s' on the system is set to 'unlimited'. This may have negative performance implications. Please set the stack size to the default value (10240) 
rank 0: sent all mesh partitions
./combozzle.py:586: DeprecationWarning: EagerDGDiscretization is deprecated and will go away in 2022. Use the base DiscretizationCollection with grudge.op instead.
  discr = EagerDGDiscretization(
Unification converged after 1 iterations.
Array Contraction: Contracting 0 temps
Unification converged after 3 iterations.
fuse_same_discretization_entity_loops on '_pt_kernel': completed (0.36s wall 1.00x CPU)
Loop Fusion: completed (0.40s wall 1.00x CPU)
Array Contraction: Contracting 1 temps
building face restriction: start
building face restriction: done
Unification converged after 3 iterations.
Array Contraction: Contracting 2 temps
Unification converged after 1 iterations.
Array Contraction: Contracting 1 temps
_pt_kernel: generate code: completed (0.47s wall 1.00x CPU)
build program: kernel '_pt_kernel' was part of a lengthy source build resulting from a binary cache miss (1.44 s)
build program: kernel '_pt_kernel_0' was part of a lengthy source build resulting from a binary cache miss (1.44 s)
build program: kernel '_pt_kernel_1' was part of a lengthy source build resulting from a binary cache miss (1.44 s)
build program: kernel '_pt_kernel_2' was part of a lengthy source build resulting from a binary cache miss (1.44 s)
build program: kernel '_pt_kernel_3' was part of a lengthy source build resulting from a binary cache miss (1.44 s)
build program: kernel '_pt_kernel_4' was part of a lengthy source build resulting from a binary cache miss (1.44 s)
Unification converged after 1 iterations.
Array Contraction: Contracting 0 temps
Unification converged after 0 iterations.
/p/gpfs1/mtcampbe/CEESD/AutomatedTesting/MIRGE-Timing/timing/emirge.fusion/meshmode/meshmode/array_context.py:1559: UserWarning: FusionContractorArrayContext.transform_loopy_program not broad enough (yet). Falling back to a possibly slower transformation strategy.
  warn("FusionContractorArrayContext.transform_loopy_program not"
Unification converged after 0 iterations.
Unification converged after 1 iterations.
Unification converged after 1 iterations.
Unification converged after 1 iterations.
Unification converged after 1 iterations.
Unification converged after 1 iterations.
Unification converged after 1 iterations.
Unification converged after 1 iterations.
Unification converged after 1 iterations.
Unification converged after 1 iterations.
Unification converged after 1 iterations.
Unification converged after 1 iterations.
Unification converged after 1 iterations.
Unification converged after 1 iterations.
find_partition: Split 29 nodes into 1 parts, with [29] nodes in each partition.
Unification converged after 1 iterations.
fuse_same_discretization_entity_loops on '_pt_kernel': completed (0.53s wall 1.00x CPU)
Loop Fusion: completed (0.59s wall 1.00x CPU)
Array Contraction: Contracting 1 temps
_pt_kernel: schedule: completed (0.58s wall 1.00x CPU)
transform_loopy_program: completed (1.64s wall 1.00x CPU)
Unification converged after 1 iterations.
Array Contraction: Contracting 0 temps
Unification converged after 1 iterations.
Array Contraction: Contracting 0 temps
Unification converged after 1 iterations.
Array Contraction: Contracting 0 temps
Unification converged after 1 iterations.
Array Contraction: Contracting 0 temps
Unification converged after 1 iterations.
Unification converged after 1 iterations.
Unification converged after 1 iterations.
Unification converged after 1 iterations.
Unification converged after 1 iterations.
Unification converged after 1 iterations.
Unification converged after 1 iterations.
Unification converged after 1 iterations.
Unification converged after 1 iterations.
Unification converged after 1 iterations.
Unification converged after 1 iterations.
Unification converged after 1 iterations.
building face restriction: start
building face restriction: done
Unification converged after 3 iterations.
Array Contraction: Contracting 0 temps
Unification converged after 3 iterations.
Array Contraction: Contracting 0 temps
Unification converged after 1 iterations.
Array Contraction: Contracting 0 temps
Unification converged after 1 iterations.
Array Contraction: Contracting 0 temps
build program: kernel '_pt_kernel' was part of a lengthy source build resulting from a binary cache miss (0.46 s)
Unification converged after 1 iterations.
Array Contraction: Contracting 0 temps
build program: kernel '_pt_kernel' was part of a lengthy source build resulting from a binary cache miss (0.45 s)
Unification converged after 3 iterations.
fuse_same_discretization_entity_loops on '_pt_kernel': completed (2.08s wall 1.00x CPU)
Loop Fusion: completed (2.23s wall 1.00x CPU)
Array Contraction: Contracting 0 temps
preprocess_program on '_pt_kernel': completed (0.48s wall 1.00x CPU)
_pt_kernel: check array access within bounds: completed (0.66s wall 1.00x CPU)
_pt_kernel: generate code: completed (0.65s wall 1.00x CPU)
build program: kernel '_pt_kernel' was part of a lengthy source build resulting from a binary cache miss (1.09 s)
build program: kernel '_pt_kernel_0' was part of a lengthy source build resulting from a binary cache miss (1.09 s)
build program: kernel '_pt_kernel_1' was part of a lengthy source build resulting from a binary cache miss (1.09 s)
build program: kernel '_pt_kernel_2' was part of a lengthy source build resulting from a binary cache miss (1.09 s)
data wrapper de-duplication: 2194 encountered, 38 kept, 2156 eliminated
Unification converged after 11 iterations.
transform_dag.infer_axes_tags[pre-partition]: completed (10.14s wall 1.00x CPU)
find_partition: Split 4212 nodes into 1 parts, with [4212] nodes in each partition.
transform_dag.materialize_all_einsums_or_reduces: completed (0.63s wall 1.00x CPU)
Unification converged after 1 iterations.
transform_dag.infer_axes_tags: completed (8.94s wall 1.00x CPU)
Unification converged after 1 iterations.
Array Contraction: Contracting 0 temps
Unification converged after 1 iterations.
Array Contraction: Contracting 0 temps
build program: kernel '_pt_kernel' was part of a lengthy source build resulting from a binary cache miss (0.52 s)
Unification converged after 1 iterations.
Array Contraction: Contracting 0 temps
build program: kernel '_pt_kernel' was part of a lengthy source build resulting from a binary cache miss (0.57 s)
Unification converged after 1 iterations.
Array Contraction: Contracting 0 temps
build program: kernel '_pt_kernel' was part of a lengthy source build resulting from a binary cache miss (0.51 s)
Unification converged after 1 iterations.
Array Contraction: Contracting 0 temps
build program: kernel '_pt_kernel' was part of a lengthy source build resulting from a binary cache miss (0.52 s)
transform_dag: completed (15.06s wall 1.00x CPU)
generate_loopy: completed (29.08s wall 1.00x CPU)
fuse_same_discretization_entity_loops on '_pt_kernel': completed (79.12s wall 1.00x CPU)
Loop Fusion: completed (81.55s wall 1.00x CPU)
Array Contraction: Contracting 429 temps
contract_arrays on '_pt_kernel': completed (97.00s wall 1.00x CPU)
Array Contraction: completed (98.84s wall 1.00x CPU)
preprocess_program on '_pt_kernel': completed (9.98s wall 1.00x CPU)
_pt_kernel: check array access within bounds: completed (12.87s wall 1.00x CPU)
_pt_kernel: schedule: completed (6.33s wall 1.00x CPU)
transform_loopy_program: completed (223.35s wall 1.00x CPU)
_pt_kernel: generate code: completed (6.81s wall 1.00x CPU)
build program: kernel '_pt_kernel' was part of a lengthy source build resulting from a binary cache miss (7.43 s)
build program: kernel '_pt_kernel_0' was part of a lengthy source build resulting from a binary cache miss (7.43 s)
build program: kernel '_pt_kernel_1' was part of a lengthy source build resulting from a binary cache miss (7.43 s)
build program: kernel '_pt_kernel_2' was part of a lengthy source build resulting from a binary cache miss (7.43 s)
build program: kernel '_pt_kernel_3' was part of a lengthy source build resulting from a binary cache miss (7.43 s)
build program: kernel '_pt_kernel_4' was part of a lengthy source build resulting from a binary cache miss (7.43 s)
build program: kernel '_pt_kernel_5' was part of a lengthy source build resulting from a binary cache miss (7.43 s)
build program: kernel '_pt_kernel_6' was part of a lengthy source build resulting from a binary cache miss (7.43 s)
build program: kernel '_pt_kernel_7' was part of a lengthy source build resulting from a binary cache miss (7.43 s)
build program: kernel '_pt_kernel_8' was part of a lengthy source build resulting from a binary cache miss (7.43 s)
build program: kernel '_pt_kernel_9' was part of a lengthy source build resulting from a binary cache miss (7.43 s)
build program: kernel '_pt_kernel_10' was part of a lengthy source build resulting from a binary cache miss (7.43 s)
build program: kernel '_pt_kernel_11' was part of a lengthy source build resulting from a binary cache miss (7.43 s)
build program: kernel '_pt_kernel_12' was part of a lengthy source build resulting from a binary cache miss (7.43 s)
build program: kernel '_pt_kernel_13' was part of a lengthy source build resulting from a binary cache miss (7.43 s)
build program: kernel '_pt_kernel_14' was part of a lengthy source build resulting from a binary cache miss (7.43 s)
build program: kernel '_pt_kernel_15' was part of a lengthy source build resulting from a binary cache miss (7.43 s)
build program: kernel '_pt_kernel_16' was part of a lengthy source build resulting from a binary cache miss (7.43 s)
build program: kernel '_pt_kernel_17' was part of a lengthy source build resulting from a binary cache miss (7.43 s)
build program: kernel '_pt_kernel_18' was part of a lengthy source build resulting from a binary cache miss (7.43 s)
build program: kernel '_pt_kernel_19' was part of a lengthy source build resulting from a binary cache miss (7.43 s)
build program: kernel '_pt_kernel_20' was part of a lengthy source build resulting from a binary cache miss (7.43 s)
build program: kernel '_pt_kernel_21' was part of a lengthy source build resulting from a binary cache miss (7.43 s)
build program: kernel '_pt_kernel_22' was part of a lengthy source build resulting from a binary cache miss (7.43 s)
build program: kernel '_pt_kernel_23' was part of a lengthy source build resulting from a binary cache miss (7.43 s)
Unification converged after 1 iterations.
Array Contraction: Contracting 0 temps
Unification converged after 1 iterations.
Array Contraction: Contracting 0 temps
Reading user input from file: ./run_config/case2d_p1s256.yaml
#### Simluation control data: ####
----- run control ------
	grid_only=0,discr_only=0,inert_only=1
	single_gas_only=0,dummy_rhs_only=0
	periodic_boundary=1,adiabatic_boundary=0
	timestepping_on=1, inviscid_only=0
	av_on=1, sponge_on=1
	nspecies=0
---- timestepping ------
	current_dt = 1e-08
	t_final = 2e-07
	constant_cfl = False
	Time integration euler
---- i/o frequencies -----
	nviz = 1000
	nrestart = 10000
	nhealth = 100
	nstatus = 10000
----- domain ------
	spatial dimension: 2
	domain_xlen = 1.0
	x_scale = 1.0
	domain_ylen = 1.0
	y_scale = 1.0
	----- discretization ----
	char_len = 0.25
	order = 1
	Shock capturing parameters: alpha_sc=0.5,  s0_sc=-5.0, kappa_sc=0.5
Sponge parameters: sponge_amp=999999.9999999999, sponge_thickness=0.09, sponge_x0=0.9
	Dependent variable logging is OFF.
#### Simluation control data: ####
---- Mesh generator inputs -----
	Domain: [(0.0, 0.0), (16.0, 16.0)], periodic=(True, True)
	Npts/axis: (65, 65)
rank=0,local_nelements=8192,global_nelements=8192
----- Discretization info ----
Discr: nodes.shape=(2,), h_min=0.14644660940671952, h_max=0.14644660940673182
rank=0,local_nelements=8192,global_nelements=8192
Input state (T,P,X) = (1500.0, 101325.0, [0.06542056 0.19626168 0.         0.         0.         0.
 0.73831776]
Cantera state (rho,T,P,Y) = (0.23397065362031969, 1500.0, 101325.0, [0.06372925 0.21806609 0.         0.         0.         0.
 0.71820466]
Timestepping: current_step=0, current_t=0, t_final=2e-07, current_dt=1e-08
step = 0, sim time: 0.000000e+00 s
------- step walltime: 309.958 s, log walltime: 0.000204802 s
step = 1, sim time: 1.000000e-08 s
------- step walltime: 0.0275183 s, log walltime: 0.000170469 s
step = 2, sim time: 2.000000e-08 s
------- step walltime: 0.0282502 s, log walltime: 9.41753e-05 s
step = 3, sim time: 3.000000e-08 s
------- step walltime: 0.0304241 s, log walltime: 9.32217e-05 s
step = 4, sim time: 4.000000e-08 s
------- step walltime: 0.0262265 s, log walltime: 9.39369e-05 s
step = 5, sim time: 5.000000e-08 s
------- step walltime: 0.0282743 s, log walltime: 9.39369e-05 s
step = 6, sim time: 6.000000e-08 s
------- step walltime: 0.0265944 s, log walltime: 9.32217e-05 s
step = 7, sim time: 7.000000e-08 s
------- step walltime: 0.0263765 s, log walltime: 9.32217e-05 s
step = 8, sim time: 8.000000e-08 s
------- step walltime: 0.0268393 s, log walltime: 0.000100136 s
step = 9, sim time: 9.000000e-08 s
------- step walltime: 0.0262165 s, log walltime: 9.29832e-05 s
step = 10, sim time: 1.000000e-07 s
------- step walltime: 0.0276692 s, log walltime: 0.000100136 s
step = 11, sim time: 1.100000e-07 s
------- step walltime: 0.0265934 s, log walltime: 9.65595e-05 s
step = 12, sim time: 1.200000e-07 s
------- step walltime: 0.0262115 s, log walltime: 0.000102758 s
step = 13, sim time: 1.300000e-07 s
------- step walltime: 0.027302 s, log walltime: 9.15527e-05 s
step = 14, sim time: 1.400000e-07 s
------- step walltime: 0.0261896 s, log walltime: 9.32217e-05 s
step = 15, sim time: 1.500000e-07 s
------- step walltime: 0.0275917 s, log walltime: 9.32217e-05 s
step = 16, sim time: 1.600000e-07 s
------- step walltime: 0.0265763 s, log walltime: 9.72748e-05 s
step = 17, sim time: 1.700000e-07 s
------- step walltime: 0.0262644 s, log walltime: 9.25064e-05 s
step = 18, sim time: 1.800000e-07 s
------- step walltime: 0.0268073 s, log walltime: 9.20296e-05 s
Unification converged after 1 iterations.
Array Contraction: Contracting 0 temps
Unification converged after 1 iterations.
Array Contraction: Contracting 0 temps
step = 19, sim time: 1.900000e-07 s
------- step walltime: 0.461185 s, log walltime: 9.27448e-05 s
Checkpointing final state ...
Unification converged after 1 iterations.
Array Contraction: Contracting 0 temps
build program: kernel '_pt_kernel' was part of a lengthy source build resulting from a binary cache miss (0.50 s)
Unification converged after 1 iterations.
Array Contraction: Contracting 0 temps
build program: kernel '_pt_kernel' was part of a lengthy source build resulting from a binary cache miss (0.52 s)
Unification converged after 1 iterations.
Array Contraction: Contracting 0 temps
----- cfl=0.05
P(-128157.38097116875, 101330.81161906823), T(-1908.3179433641296, 1508.4359031774727)
Unification converged after 0 iterations.
rank=0: Invalid pressure data found.
rank=0: Invalid temperature data found.
Fluid solution failed health check.
Traceback (most recent call last):
  File "/p/gpfs1/mtcampbe/CEESD/AutomatedTesting/MIRGE-Timing/timing/emirge.fusion/miniforge3/envs/timing.fusion/lib/python3.9/runpy.py", line 197, in _run_module_as_main
    return _run_code(code, main_globals, None,
  File "/p/gpfs1/mtcampbe/CEESD/AutomatedTesting/MIRGE-Timing/timing/emirge.fusion/miniforge3/envs/timing.fusion/lib/python3.9/runpy.py", line 87, in _run_code
    exec(code, run_globals)
  File "/p/gpfs1/mtcampbe/CEESD/AutomatedTesting/MIRGE-Timing/timing/emirge.fusion/miniforge3/envs/timing.fusion/lib/python3.9/site-packages/mpi4py/__main__.py", line 7, in <module>
    main()
  File "/p/gpfs1/mtcampbe/CEESD/AutomatedTesting/MIRGE-Timing/timing/emirge.fusion/miniforge3/envs/timing.fusion/lib/python3.9/site-packages/mpi4py/run.py", line 198, in main
    run_command_line(args)
  File "/p/gpfs1/mtcampbe/CEESD/AutomatedTesting/MIRGE-Timing/timing/emirge.fusion/miniforge3/envs/timing.fusion/lib/python3.9/site-packages/mpi4py/run.py", line 47, in run_command_line
    run_path(sys.argv[0], run_name='__main__')
  File "/p/gpfs1/mtcampbe/CEESD/AutomatedTesting/MIRGE-Timing/timing/emirge.fusion/miniforge3/envs/timing.fusion/lib/python3.9/runpy.py", line 268, in run_path
    return _run_module_code(code, init_globals, run_name,
  File "/p/gpfs1/mtcampbe/CEESD/AutomatedTesting/MIRGE-Timing/timing/emirge.fusion/miniforge3/envs/timing.fusion/lib/python3.9/runpy.py", line 97, in _run_module_code
    _run_code(code, mod_globals, init_globals,
  File "/p/gpfs1/mtcampbe/CEESD/AutomatedTesting/MIRGE-Timing/timing/emirge.fusion/miniforge3/envs/timing.fusion/lib/python3.9/runpy.py", line 87, in _run_code
    exec(code, run_globals)
  File "./combozzle.py", line 1157, in <module>
    main(use_logmgr=args.log, use_leap=args.leap, input_file=input_file,
  File "/p/gpfs1/mtcampbe/CEESD/AutomatedTesting/MIRGE-Timing/timing/emirge.fusion/mirgecom/mirgecom/mpi.py", line 157, in wrapped_func
    func(*args, **kwargs)
  File "./combozzle.py", line 1110, in main
    raise MyRuntimeError("Failed simulation health check.")
__main__.MyRuntimeError: Failed simulation health check.
--------------------------------------------------------------------------
MPI_ABORT was invoked on rank 0 in communicator MPI_COMM_WORLD
with errorcode 1.

NOTE: invoking MPI_ABORT causes Open MPI to kill all MPI processes.
You may or may not see output from other processes, depending on
exactly when Open MPI kills them.
--------------------------------------------------------------------------
python -m mpi4py ./combozzle.py -i ./run_config/case2d_p1s4.yaml --lazy
./combozzle.py:1133: UserWarning: Automatically turning off DV logging. MIRGE-Com Issue(578)
  warn("Automatically turning off DV logging. MIRGE-Com Issue(578)")
/p/gpfs1/mtcampbe/CEESD/AutomatedTesting/MIRGE-Timing/timing/emirge.fusion/grudge/grudge/array_context.py:59: UserWarning: Your loopy and meshmode branches are mismatched. Please make sure that you have the https://github.com/kaushikcfd/loopy/tree/pytato-array-context-transforms branch of loopy.
  warn("Your loopy and meshmode branches are mismatched. "
--------------------------------------------------------------------------
By default, for Open MPI 4.0 and later, infiniband ports on a device
are not used by default.  The intent is to use UCX for these devices.
You can override this policy by setting the btl_openib_allow_ib MCA parameter
to true.

  Local host:              lassen204
  Local adapter:           mlx5_1
  Local port:              1

--------------------------------------------------------------------------
--------------------------------------------------------------------------
WARNING: There was an error initializing an OpenFabrics device.

  Local host:   lassen204
  Local device: mlx5_1
--------------------------------------------------------------------------
[lassen204:105474] mca_base_component_repository_open: unable to open mca_pml_pami: libpami.so.3: cannot open shared object file: No such file or directory (ignored)
[lassen204:105474] mca_base_component_repository_open: unable to open mca_coll_ibm: libcollectives.so.3: cannot open shared object file: No such file or directory (ignored)
[lassen204:105474] mca_base_component_repository_open: unable to open mca_osc_pami: libpami.so.3: cannot open shared object file: No such file or directory (ignored)
[1649108933.090796] [lassen204:105474:0]         mxm.c:196  MXM  WARN  The 'ulimit -s' on the system is set to 'unlimited'. This may have negative performance implications. Please set the stack size to the default value (10240) 
rank 0: sent all mesh partitions
./combozzle.py:586: DeprecationWarning: EagerDGDiscretization is deprecated and will go away in 2022. Use the base DiscretizationCollection with grudge.op instead.
  discr = EagerDGDiscretization(
Unification converged after 1 iterations.
Array Contraction: Contracting 0 temps
Unification converged after 3 iterations.
fuse_same_discretization_entity_loops on '_pt_kernel': completed (0.36s wall 1.00x CPU)
Loop Fusion: completed (0.40s wall 1.00x CPU)
Array Contraction: Contracting 1 temps
building face restriction: start
building face restriction: done
Unification converged after 3 iterations.
Array Contraction: Contracting 2 temps
Unification converged after 1 iterations.
Array Contraction: Contracting 1 temps
_pt_kernel: generate code: completed (0.44s wall 1.00x CPU)
build program: kernel '_pt_kernel' was part of a lengthy source build resulting from a binary cache miss (1.44 s)
build program: kernel '_pt_kernel_0' was part of a lengthy source build resulting from a binary cache miss (1.44 s)
build program: kernel '_pt_kernel_1' was part of a lengthy source build resulting from a binary cache miss (1.44 s)
build program: kernel '_pt_kernel_2' was part of a lengthy source build resulting from a binary cache miss (1.44 s)
build program: kernel '_pt_kernel_3' was part of a lengthy source build resulting from a binary cache miss (1.44 s)
build program: kernel '_pt_kernel_4' was part of a lengthy source build resulting from a binary cache miss (1.44 s)
Unification converged after 1 iterations.
Array Contraction: Contracting 0 temps
Unification converged after 0 iterations.
/p/gpfs1/mtcampbe/CEESD/AutomatedTesting/MIRGE-Timing/timing/emirge.fusion/meshmode/meshmode/array_context.py:1559: UserWarning: FusionContractorArrayContext.transform_loopy_program not broad enough (yet). Falling back to a possibly slower transformation strategy.
  warn("FusionContractorArrayContext.transform_loopy_program not"
Unification converged after 0 iterations.
Unification converged after 1 iterations.
Unification converged after 1 iterations.
Unification converged after 1 iterations.
Unification converged after 1 iterations.
Unification converged after 1 iterations.
Unification converged after 1 iterations.
Unification converged after 1 iterations.
Unification converged after 1 iterations.
Unification converged after 1 iterations.
Unification converged after 1 iterations.
Unification converged after 1 iterations.
Unification converged after 1 iterations.
Unification converged after 1 iterations.
find_partition: Split 29 nodes into 1 parts, with [29] nodes in each partition.
Unification converged after 1 iterations.
fuse_same_discretization_entity_loops on '_pt_kernel': completed (0.56s wall 1.00x CPU)
Loop Fusion: completed (0.62s wall 1.00x CPU)
Array Contraction: Contracting 1 temps
_pt_kernel: schedule: completed (0.58s wall 1.00x CPU)
transform_loopy_program: completed (1.66s wall 1.00x CPU)
Unification converged after 1 iterations.
Array Contraction: Contracting 0 temps
Unification converged after 1 iterations.
Array Contraction: Contracting 0 temps
Unification converged after 1 iterations.
Array Contraction: Contracting 0 temps
Unification converged after 1 iterations.
Array Contraction: Contracting 0 temps
Unification converged after 1 iterations.
Unification converged after 1 iterations.
Unification converged after 1 iterations.
Unification converged after 1 iterations.
Unification converged after 1 iterations.
Unification converged after 1 iterations.
Unification converged after 1 iterations.
Unification converged after 1 iterations.
Unification converged after 1 iterations.
Unification converged after 1 iterations.
Unification converged after 1 iterations.
Unification converged after 1 iterations.
building face restriction: start
building face restriction: done
Unification converged after 3 iterations.
Array Contraction: Contracting 0 temps
Unification converged after 3 iterations.
Array Contraction: Contracting 0 temps
Unification converged after 1 iterations.
Array Contraction: Contracting 0 temps
Unification converged after 1 iterations.
Array Contraction: Contracting 0 temps
build program: kernel '_pt_kernel' was part of a lengthy source build resulting from a binary cache miss (0.46 s)
Unification converged after 1 iterations.
Array Contraction: Contracting 0 temps
build program: kernel '_pt_kernel' was part of a lengthy source build resulting from a binary cache miss (0.45 s)
Unification converged after 3 iterations.
fuse_same_discretization_entity_loops on '_pt_kernel': completed (2.04s wall 1.00x CPU)
Loop Fusion: completed (2.19s wall 1.00x CPU)
Array Contraction: Contracting 0 temps
preprocess_program on '_pt_kernel': completed (0.53s wall 1.00x CPU)
_pt_kernel: check array access within bounds: completed (0.65s wall 1.00x CPU)
_pt_kernel: generate code: completed (0.65s wall 1.00x CPU)
build program: kernel '_pt_kernel' was part of a lengthy source build resulting from a binary cache miss (1.09 s)
build program: kernel '_pt_kernel_0' was part of a lengthy source build resulting from a binary cache miss (1.09 s)
build program: kernel '_pt_kernel_1' was part of a lengthy source build resulting from a binary cache miss (1.09 s)
build program: kernel '_pt_kernel_2' was part of a lengthy source build resulting from a binary cache miss (1.09 s)
data wrapper de-duplication: 2194 encountered, 38 kept, 2156 eliminated
Unification converged after 11 iterations.
transform_dag.infer_axes_tags[pre-partition]: completed (10.00s wall 1.00x CPU)
find_partition: Split 4212 nodes into 1 parts, with [4212] nodes in each partition.
transform_dag.materialize_all_einsums_or_reduces: completed (0.63s wall 1.00x CPU)
Unification converged after 1 iterations.
transform_dag.infer_axes_tags: completed (8.63s wall 1.00x CPU)
Unification converged after 1 iterations.
Array Contraction: Contracting 0 temps
Unification converged after 1 iterations.
Array Contraction: Contracting 0 temps
build program: kernel '_pt_kernel' was part of a lengthy source build resulting from a binary cache miss (0.46 s)
Unification converged after 1 iterations.
Array Contraction: Contracting 0 temps
build program: kernel '_pt_kernel' was part of a lengthy source build resulting from a binary cache miss (0.46 s)
Unification converged after 1 iterations.
Array Contraction: Contracting 0 temps
build program: kernel '_pt_kernel' was part of a lengthy source build resulting from a binary cache miss (0.46 s)
Unification converged after 1 iterations.
Array Contraction: Contracting 0 temps
build program: kernel '_pt_kernel' was part of a lengthy source build resulting from a binary cache miss (0.46 s)
transform_dag: completed (14.29s wall 1.00x CPU)
generate_loopy: completed (29.00s wall 1.00x CPU)
fuse_same_discretization_entity_loops on '_pt_kernel': completed (79.13s wall 1.00x CPU)
Loop Fusion: completed (81.72s wall 1.00x CPU)
Array Contraction: Contracting 429 temps
contract_arrays on '_pt_kernel': completed (96.29s wall 1.00x CPU)
Array Contraction: completed (98.38s wall 1.00x CPU)
preprocess_program on '_pt_kernel': completed (9.71s wall 1.00x CPU)
_pt_kernel: check array access within bounds: completed (13.01s wall 1.00x CPU)
_pt_kernel: schedule: completed (6.32s wall 1.00x CPU)
transform_loopy_program: completed (222.73s wall 1.00x CPU)
_pt_kernel: generate code: completed (6.50s wall 1.00x CPU)
build program: kernel '_pt_kernel' was part of a lengthy source build resulting from a binary cache miss (7.43 s)
build program: kernel '_pt_kernel_0' was part of a lengthy source build resulting from a binary cache miss (7.43 s)
build program: kernel '_pt_kernel_1' was part of a lengthy source build resulting from a binary cache miss (7.43 s)
build program: kernel '_pt_kernel_2' was part of a lengthy source build resulting from a binary cache miss (7.43 s)
build program: kernel '_pt_kernel_3' was part of a lengthy source build resulting from a binary cache miss (7.43 s)
build program: kernel '_pt_kernel_4' was part of a lengthy source build resulting from a binary cache miss (7.43 s)
build program: kernel '_pt_kernel_5' was part of a lengthy source build resulting from a binary cache miss (7.43 s)
build program: kernel '_pt_kernel_6' was part of a lengthy source build resulting from a binary cache miss (7.43 s)
build program: kernel '_pt_kernel_7' was part of a lengthy source build resulting from a binary cache miss (7.43 s)
build program: kernel '_pt_kernel_8' was part of a lengthy source build resulting from a binary cache miss (7.43 s)
build program: kernel '_pt_kernel_9' was part of a lengthy source build resulting from a binary cache miss (7.43 s)
build program: kernel '_pt_kernel_10' was part of a lengthy source build resulting from a binary cache miss (7.43 s)
build program: kernel '_pt_kernel_11' was part of a lengthy source build resulting from a binary cache miss (7.43 s)
build program: kernel '_pt_kernel_12' was part of a lengthy source build resulting from a binary cache miss (7.43 s)
build program: kernel '_pt_kernel_13' was part of a lengthy source build resulting from a binary cache miss (7.43 s)
build program: kernel '_pt_kernel_14' was part of a lengthy source build resulting from a binary cache miss (7.43 s)
build program: kernel '_pt_kernel_15' was part of a lengthy source build resulting from a binary cache miss (7.43 s)
build program: kernel '_pt_kernel_16' was part of a lengthy source build resulting from a binary cache miss (7.43 s)
build program: kernel '_pt_kernel_17' was part of a lengthy source build resulting from a binary cache miss (7.43 s)
build program: kernel '_pt_kernel_18' was part of a lengthy source build resulting from a binary cache miss (7.43 s)
build program: kernel '_pt_kernel_19' was part of a lengthy source build resulting from a binary cache miss (7.43 s)
build program: kernel '_pt_kernel_20' was part of a lengthy source build resulting from a binary cache miss (7.43 s)
build program: kernel '_pt_kernel_21' was part of a lengthy source build resulting from a binary cache miss (7.43 s)
build program: kernel '_pt_kernel_22' was part of a lengthy source build resulting from a binary cache miss (7.43 s)
build program: kernel '_pt_kernel_23' was part of a lengthy source build resulting from a binary cache miss (7.43 s)
Unification converged after 1 iterations.
Array Contraction: Contracting 0 temps
Unification converged after 1 iterations.
Array Contraction: Contracting 0 temps
Reading user input from file: ./run_config/case2d_p1s4.yaml
#### Simluation control data: ####
----- run control ------
	grid_only=0,discr_only=0,inert_only=1
	single_gas_only=0,dummy_rhs_only=0
	periodic_boundary=1,adiabatic_boundary=0
	timestepping_on=1, inviscid_only=0
	av_on=1, sponge_on=1
	nspecies=0
---- timestepping ------
	current_dt = 1e-08
	t_final = 2e-07
	constant_cfl = False
	Time integration euler
---- i/o frequencies -----
	nviz = 1000
	nrestart = 10000
	nhealth = 100
	nstatus = 10000
----- domain ------
	spatial dimension: 2
	domain_xlen = 1.0
	x_scale = 1.0
	domain_ylen = 1.0
	y_scale = 1.0
	----- discretization ----
	char_len = 0.25
	order = 1
	Shock capturing parameters: alpha_sc=0.5,  s0_sc=-5.0, kappa_sc=0.5
Sponge parameters: sponge_amp=999999.9999999999, sponge_thickness=0.09, sponge_x0=0.9
	Dependent variable logging is OFF.
#### Simluation control data: ####
---- Mesh generator inputs -----
	Domain: [(0.0, 0.0), (2.0, 2.0)], periodic=(True, True)
	Npts/axis: (9, 9)
rank=0,local_nelements=128,global_nelements=128
----- Discretization info ----
Discr: nodes.shape=(2,), h_min=0.1464466094067253, h_max=0.1464466094067268
rank=0,local_nelements=128,global_nelements=128
Input state (T,P,X) = (1500.0, 101325.0, [0.06542056 0.19626168 0.         0.         0.         0.
 0.73831776]
Cantera state (rho,T,P,Y) = (0.23397065362031969, 1500.0, 101325.0, [0.06372925 0.21806609 0.         0.         0.         0.
 0.71820466]
Timestepping: current_step=0, current_t=0, t_final=2e-07, current_dt=1e-08
step = 0, sim time: 0.000000e+00 s
------- step walltime: 307.564 s, log walltime: 0.000201464 s
step = 1, sim time: 1.000000e-08 s
------- step walltime: 0.0278056 s, log walltime: 0.000168562 s
step = 2, sim time: 2.000000e-08 s
------- step walltime: 0.0261147 s, log walltime: 9.44138e-05 s
step = 3, sim time: 3.000000e-08 s
------- step walltime: 0.0270782 s, log walltime: 9.63211e-05 s
step = 4, sim time: 4.000000e-08 s
------- step walltime: 0.0260906 s, log walltime: 9.799e-05 s
step = 5, sim time: 5.000000e-08 s
------- step walltime: 0.0260592 s, log walltime: 9.36985e-05 s
step = 6, sim time: 6.000000e-08 s
------- step walltime: 0.0274429 s, log walltime: 9.65595e-05 s
step = 7, sim time: 7.000000e-08 s
------- step walltime: 0.0260522 s, log walltime: 9.25064e-05 s
step = 8, sim time: 8.000000e-08 s
------- step walltime: 0.0260475 s, log walltime: 9.94205e-05 s
step = 9, sim time: 9.000000e-08 s
------- step walltime: 0.0260787 s, log walltime: 9.87053e-05 s
step = 10, sim time: 1.000000e-07 s
------- step walltime: 0.0260546 s, log walltime: 0.000100136 s
step = 11, sim time: 1.100000e-07 s
------- step walltime: 0.0270019 s, log walltime: 9.25064e-05 s
step = 12, sim time: 1.200000e-07 s
------- step walltime: 0.0260694 s, log walltime: 0.000102282 s
step = 13, sim time: 1.300000e-07 s
------- step walltime: 0.0260096 s, log walltime: 9.10759e-05 s
step = 14, sim time: 1.400000e-07 s
------- step walltime: 0.0260572 s, log walltime: 9.44138e-05 s
step = 15, sim time: 1.500000e-07 s
------- step walltime: 0.0260401 s, log walltime: 9.15527e-05 s
step = 16, sim time: 1.600000e-07 s
------- step walltime: 0.0279291 s, log walltime: 9.29832e-05 s
step = 17, sim time: 1.700000e-07 s
------- step walltime: 0.0260134 s, log walltime: 9.20296e-05 s
step = 18, sim time: 1.800000e-07 s
------- step walltime: 0.0259674 s, log walltime: 9.2268e-05 s
Unification converged after 1 iterations.
Array Contraction: Contracting 0 temps
Unification converged after 1 iterations.
Array Contraction: Contracting 0 temps
step = 19, sim time: 1.900000e-07 s
------- step walltime: 0.458237 s, log walltime: 9.67979e-05 s
Checkpointing final state ...
Unification converged after 1 iterations.
Array Contraction: Contracting 0 temps
Unification converged after 1 iterations.
Array Contraction: Contracting 0 temps
Unification converged after 1 iterations.
Array Contraction: Contracting 0 temps
----- cfl=0.05
P(101325.0, 101325.0), T(1508.4191301832177, 1508.4191301832177)
Unification converged after 0 iterations.
python -m mpi4py ./combozzle.py -i ./run_config/case2d_p1s4096.yaml --lazy
./combozzle.py:1133: UserWarning: Automatically turning off DV logging. MIRGE-Com Issue(578)
  warn("Automatically turning off DV logging. MIRGE-Com Issue(578)")
/p/gpfs1/mtcampbe/CEESD/AutomatedTesting/MIRGE-Timing/timing/emirge.fusion/grudge/grudge/array_context.py:59: UserWarning: Your loopy and meshmode branches are mismatched. Please make sure that you have the https://github.com/kaushikcfd/loopy/tree/pytato-array-context-transforms branch of loopy.
  warn("Your loopy and meshmode branches are mismatched. "
--------------------------------------------------------------------------
By default, for Open MPI 4.0 and later, infiniband ports on a device
are not used by default.  The intent is to use UCX for these devices.
You can override this policy by setting the btl_openib_allow_ib MCA parameter
to true.

  Local host:              lassen204
  Local adapter:           mlx5_1
  Local port:              1

--------------------------------------------------------------------------
--------------------------------------------------------------------------
WARNING: There was an error initializing an OpenFabrics device.

  Local host:   lassen204
  Local device: mlx5_1
--------------------------------------------------------------------------
[lassen204:109368] mca_base_component_repository_open: unable to open mca_pml_pami: libpami.so.3: cannot open shared object file: No such file or directory (ignored)
[lassen204:109368] mca_base_component_repository_open: unable to open mca_coll_ibm: libcollectives.so.3: cannot open shared object file: No such file or directory (ignored)
[lassen204:109368] mca_base_component_repository_open: unable to open mca_osc_pami: libpami.so.3: cannot open shared object file: No such file or directory (ignored)
[1649109271.471097] [lassen204:109368:0]         mxm.c:196  MXM  WARN  The 'ulimit -s' on the system is set to 'unlimited'. This may have negative performance implications. Please set the stack size to the default value (10240) 
rank 0: sent all mesh partitions
./combozzle.py:586: DeprecationWarning: EagerDGDiscretization is deprecated and will go away in 2022. Use the base DiscretizationCollection with grudge.op instead.
  discr = EagerDGDiscretization(
Unification converged after 1 iterations.
Array Contraction: Contracting 0 temps
Unification converged after 3 iterations.
fuse_same_discretization_entity_loops on '_pt_kernel': completed (0.36s wall 1.00x CPU)
Loop Fusion: completed (0.40s wall 1.00x CPU)
Array Contraction: Contracting 1 temps
building face restriction: start
building face restriction: done
Unification converged after 3 iterations.
Array Contraction: Contracting 2 temps
Unification converged after 1 iterations.
Array Contraction: Contracting 1 temps
_pt_kernel: generate code: completed (0.44s wall 1.00x CPU)
build program: kernel '_pt_kernel' was part of a lengthy source build resulting from a binary cache miss (1.45 s)
build program: kernel '_pt_kernel_0' was part of a lengthy source build resulting from a binary cache miss (1.45 s)
build program: kernel '_pt_kernel_1' was part of a lengthy source build resulting from a binary cache miss (1.45 s)
build program: kernel '_pt_kernel_2' was part of a lengthy source build resulting from a binary cache miss (1.45 s)
build program: kernel '_pt_kernel_3' was part of a lengthy source build resulting from a binary cache miss (1.45 s)
build program: kernel '_pt_kernel_4' was part of a lengthy source build resulting from a binary cache miss (1.45 s)
Unification converged after 1 iterations.
Array Contraction: Contracting 0 temps
Unification converged after 0 iterations.
/p/gpfs1/mtcampbe/CEESD/AutomatedTesting/MIRGE-Timing/timing/emirge.fusion/meshmode/meshmode/array_context.py:1559: UserWarning: FusionContractorArrayContext.transform_loopy_program not broad enough (yet). Falling back to a possibly slower transformation strategy.
  warn("FusionContractorArrayContext.transform_loopy_program not"
Unification converged after 0 iterations.
Unification converged after 1 iterations.
Unification converged after 1 iterations.
Unification converged after 1 iterations.
Unification converged after 1 iterations.
Unification converged after 1 iterations.
Unification converged after 1 iterations.
Unification converged after 1 iterations.
Unification converged after 1 iterations.
Unification converged after 1 iterations.
Unification converged after 1 iterations.
Unification converged after 1 iterations.
Unification converged after 1 iterations.
Unification converged after 1 iterations.
find_partition: Split 29 nodes into 1 parts, with [29] nodes in each partition.
Unification converged after 1 iterations.
fuse_same_discretization_entity_loops on '_pt_kernel': completed (0.54s wall 1.00x CPU)
Loop Fusion: completed (0.59s wall 1.00x CPU)
Array Contraction: Contracting 1 temps
_pt_kernel: schedule: completed (0.59s wall 1.00x CPU)
transform_loopy_program: completed (1.64s wall 1.00x CPU)
Unification converged after 1 iterations.
Array Contraction: Contracting 0 temps
Unification converged after 1 iterations.
Array Contraction: Contracting 0 temps
Unification converged after 1 iterations.
Array Contraction: Contracting 0 temps
Unification converged after 1 iterations.
Array Contraction: Contracting 0 temps
Unification converged after 1 iterations.
Unification converged after 1 iterations.
Unification converged after 1 iterations.
Unification converged after 1 iterations.
Unification converged after 1 iterations.
Unification converged after 1 iterations.
Unification converged after 1 iterations.
Unification converged after 1 iterations.
Unification converged after 1 iterations.
Unification converged after 1 iterations.
Unification converged after 1 iterations.
Unification converged after 1 iterations.
building face restriction: start
building face restriction: done
Unification converged after 3 iterations.
Array Contraction: Contracting 0 temps
Unification converged after 3 iterations.
Array Contraction: Contracting 0 temps
Unification converged after 1 iterations.
Array Contraction: Contracting 0 temps
Unification converged after 1 iterations.
Array Contraction: Contracting 0 temps
Unification converged after 1 iterations.
Array Contraction: Contracting 0 temps
build program: kernel '_pt_kernel' was part of a lengthy source build resulting from a binary cache miss (0.46 s)
Unification converged after 3 iterations.
fuse_same_discretization_entity_loops on '_pt_kernel': completed (2.08s wall 1.00x CPU)
Loop Fusion: completed (2.23s wall 1.00x CPU)
Array Contraction: Contracting 0 temps
preprocess_program on '_pt_kernel': completed (0.48s wall 1.00x CPU)
_pt_kernel: check array access within bounds: completed (0.66s wall 1.00x CPU)
_pt_kernel: generate code: completed (0.65s wall 1.00x CPU)
build program: kernel '_pt_kernel' was part of a lengthy source build resulting from a binary cache miss (1.09 s)
build program: kernel '_pt_kernel_0' was part of a lengthy source build resulting from a binary cache miss (1.09 s)
build program: kernel '_pt_kernel_1' was part of a lengthy source build resulting from a binary cache miss (1.09 s)
build program: kernel '_pt_kernel_2' was part of a lengthy source build resulting from a binary cache miss (1.09 s)
data wrapper de-duplication: 2194 encountered, 38 kept, 2156 eliminated
Unification converged after 11 iterations.
transform_dag.infer_axes_tags[pre-partition]: completed (10.07s wall 1.00x CPU)
find_partition: Split 4212 nodes into 1 parts, with [4212] nodes in each partition.
transform_dag.materialize_all_einsums_or_reduces: completed (0.78s wall 1.00x CPU)
Unification converged after 1 iterations.
transform_dag.infer_axes_tags: completed (8.86s wall 1.00x CPU)
Unification converged after 1 iterations.
Array Contraction: Contracting 0 temps
Unification converged after 1 iterations.
Array Contraction: Contracting 0 temps
build program: kernel '_pt_kernel' was part of a lengthy source build resulting from a binary cache miss (0.51 s)
Unification converged after 1 iterations.
Array Contraction: Contracting 0 temps
build program: kernel '_pt_kernel' was part of a lengthy source build resulting from a binary cache miss (0.57 s)
Unification converged after 1 iterations.
Array Contraction: Contracting 0 temps
build program: kernel '_pt_kernel' was part of a lengthy source build resulting from a binary cache miss (0.51 s)
Unification converged after 1 iterations.
Array Contraction: Contracting 0 temps
build program: kernel '_pt_kernel' was part of a lengthy source build resulting from a binary cache miss (0.52 s)
transform_dag: completed (15.00s wall 1.00x CPU)
generate_loopy: completed (29.01s wall 1.00x CPU)
fuse_same_discretization_entity_loops on '_pt_kernel': completed (78.99s wall 1.00x CPU)
Loop Fusion: completed (81.56s wall 1.00x CPU)
Array Contraction: Contracting 429 temps
contract_arrays on '_pt_kernel': completed (96.66s wall 1.00x CPU)
Array Contraction: completed (98.49s wall 1.00x CPU)
preprocess_program on '_pt_kernel': completed (9.83s wall 1.00x CPU)
_pt_kernel: check array access within bounds: completed (12.93s wall 1.00x CPU)
_pt_kernel: schedule: completed (6.33s wall 1.00x CPU)
transform_loopy_program: completed (222.92s wall 1.00x CPU)
_pt_kernel: generate code: completed (6.78s wall 1.00x CPU)
build program: kernel '_pt_kernel' was part of a lengthy source build resulting from a binary cache miss (7.44 s)
build program: kernel '_pt_kernel_0' was part of a lengthy source build resulting from a binary cache miss (7.44 s)
build program: kernel '_pt_kernel_1' was part of a lengthy source build resulting from a binary cache miss (7.44 s)
build program: kernel '_pt_kernel_2' was part of a lengthy source build resulting from a binary cache miss (7.44 s)
build program: kernel '_pt_kernel_3' was part of a lengthy source build resulting from a binary cache miss (7.44 s)
build program: kernel '_pt_kernel_4' was part of a lengthy source build resulting from a binary cache miss (7.44 s)
build program: kernel '_pt_kernel_5' was part of a lengthy source build resulting from a binary cache miss (7.44 s)
build program: kernel '_pt_kernel_6' was part of a lengthy source build resulting from a binary cache miss (7.44 s)
build program: kernel '_pt_kernel_7' was part of a lengthy source build resulting from a binary cache miss (7.44 s)
build program: kernel '_pt_kernel_8' was part of a lengthy source build resulting from a binary cache miss (7.44 s)
build program: kernel '_pt_kernel_9' was part of a lengthy source build resulting from a binary cache miss (7.44 s)
build program: kernel '_pt_kernel_10' was part of a lengthy source build resulting from a binary cache miss (7.44 s)
build program: kernel '_pt_kernel_11' was part of a lengthy source build resulting from a binary cache miss (7.44 s)
build program: kernel '_pt_kernel_12' was part of a lengthy source build resulting from a binary cache miss (7.44 s)
build program: kernel '_pt_kernel_13' was part of a lengthy source build resulting from a binary cache miss (7.44 s)
build program: kernel '_pt_kernel_14' was part of a lengthy source build resulting from a binary cache miss (7.44 s)
build program: kernel '_pt_kernel_15' was part of a lengthy source build resulting from a binary cache miss (7.44 s)
build program: kernel '_pt_kernel_16' was part of a lengthy source build resulting from a binary cache miss (7.44 s)
build program: kernel '_pt_kernel_17' was part of a lengthy source build resulting from a binary cache miss (7.44 s)
build program: kernel '_pt_kernel_18' was part of a lengthy source build resulting from a binary cache miss (7.44 s)
build program: kernel '_pt_kernel_19' was part of a lengthy source build resulting from a binary cache miss (7.44 s)
build program: kernel '_pt_kernel_20' was part of a lengthy source build resulting from a binary cache miss (7.44 s)
build program: kernel '_pt_kernel_21' was part of a lengthy source build resulting from a binary cache miss (7.44 s)
build program: kernel '_pt_kernel_22' was part of a lengthy source build resulting from a binary cache miss (7.44 s)
build program: kernel '_pt_kernel_23' was part of a lengthy source build resulting from a binary cache miss (7.44 s)
Unification converged after 1 iterations.
Array Contraction: Contracting 0 temps
Unification converged after 1 iterations.
Array Contraction: Contracting 0 temps
Reading user input from file: ./run_config/case2d_p1s4096.yaml
#### Simluation control data: ####
----- run control ------
	grid_only=0,discr_only=0,inert_only=1
	single_gas_only=0,dummy_rhs_only=0
	periodic_boundary=1,adiabatic_boundary=0
	timestepping_on=1, inviscid_only=0
	av_on=1, sponge_on=1
	nspecies=0
---- timestepping ------
	current_dt = 1e-08
	t_final = 2e-07
	constant_cfl = False
	Time integration euler
---- i/o frequencies -----
	nviz = 1000
	nrestart = 10000
	nhealth = 100
	nstatus = 10000
----- domain ------
	spatial dimension: 2
	domain_xlen = 1.0
	x_scale = 1.0
	domain_ylen = 1.0
	y_scale = 1.0
	----- discretization ----
	char_len = 0.25
	order = 1
	Shock capturing parameters: alpha_sc=0.5,  s0_sc=-5.0, kappa_sc=0.5
Sponge parameters: sponge_amp=999999.9999999999, sponge_thickness=0.09, sponge_x0=0.9
	Dependent variable logging is OFF.
#### Simluation control data: ####
---- Mesh generator inputs -----
	Domain: [(0.0, 0.0), (64.0, 64.0)], periodic=(True, True)
	Npts/axis: (257, 257)
rank=0,local_nelements=131072,global_nelements=131072
----- Discretization info ----
Discr: nodes.shape=(2,), h_min=0.14644660940669968, h_max=0.1464466094067489
rank=0,local_nelements=131072,global_nelements=131072
Input state (T,P,X) = (1500.0, 101325.0, [0.06542056 0.19626168 0.         0.         0.         0.
 0.73831776]
Cantera state (rho,T,P,Y) = (0.23397065362031969, 1500.0, 101325.0, [0.06372925 0.21806609 0.         0.         0.         0.
 0.71820466]
Timestepping: current_step=0, current_t=0, t_final=2e-07, current_dt=1e-08
step = 0, sim time: 0.000000e+00 s
------- step walltime: 314.101 s, log walltime: 0.000204325 s
step = 1, sim time: 1.000000e-08 s
------- step walltime: 0.0481007 s, log walltime: 0.000181198 s
step = 2, sim time: 2.000000e-08 s
------- step walltime: 0.0601349 s, log walltime: 0.000100136 s
step = 3, sim time: 3.000000e-08 s
------- step walltime: 0.0607245 s, log walltime: 0.000103951 s
step = 4, sim time: 4.000000e-08 s
------- step walltime: 0.0367661 s, log walltime: 9.82285e-05 s
step = 5, sim time: 5.000000e-08 s
------- step walltime: 0.0390849 s, log walltime: 0.000101328 s
step = 6, sim time: 6.000000e-08 s
------- step walltime: 0.0373042 s, log walltime: 0.000103235 s
step = 7, sim time: 7.000000e-08 s
------- step walltime: 0.0368588 s, log walltime: 9.84669e-05 s
step = 8, sim time: 8.000000e-08 s
------- step walltime: 0.0497739 s, log walltime: 0.000110388 s
step = 9, sim time: 9.000000e-08 s
------- step walltime: 0.0367098 s, log walltime: 9.84669e-05 s
step = 10, sim time: 1.000000e-07 s
------- step walltime: 0.0367415 s, log walltime: 0.000108719 s
step = 11, sim time: 1.100000e-07 s
------- step walltime: 0.0367494 s, log walltime: 0.000101566 s
step = 12, sim time: 1.200000e-07 s
------- step walltime: 0.0367534 s, log walltime: 0.00010848 s
step = 13, sim time: 1.300000e-07 s
------- step walltime: 0.049273 s, log walltime: 9.98974e-05 s
step = 14, sim time: 1.400000e-07 s
------- step walltime: 0.036767 s, log walltime: 9.799e-05 s
step = 15, sim time: 1.500000e-07 s
------- step walltime: 0.0367353 s, log walltime: 9.89437e-05 s
step = 16, sim time: 1.600000e-07 s
------- step walltime: 0.0367928 s, log walltime: 0.000109673 s
step = 17, sim time: 1.700000e-07 s
------- step walltime: 0.036696 s, log walltime: 9.77516e-05 s
step = 18, sim time: 1.800000e-07 s
------- step walltime: 0.0523651 s, log walltime: 9.91821e-05 s
Unification converged after 1 iterations.
Array Contraction: Contracting 0 temps
Unification converged after 1 iterations.
Array Contraction: Contracting 0 temps
step = 19, sim time: 1.900000e-07 s
------- step walltime: 0.472682 s, log walltime: 9.82285e-05 s
Checkpointing final state ...
Unification converged after 1 iterations.
Array Contraction: Contracting 0 temps
build program: kernel '_pt_kernel' was part of a lengthy source build resulting from a binary cache miss (0.50 s)
Unification converged after 1 iterations.
Array Contraction: Contracting 0 temps
build program: kernel '_pt_kernel' was part of a lengthy source build resulting from a binary cache miss (0.52 s)
Unification converged after 1 iterations.
Array Contraction: Contracting 0 temps
----- cfl=0.05
P(-494279.18573757826, 101335.69130953291), T(-7358.015657009136, 1508.4457491581684)
Unification converged after 0 iterations.
rank=0: Invalid pressure data found.
rank=0: Invalid temperature data found.
Fluid solution failed health check.
Traceback (most recent call last):
  File "/p/gpfs1/mtcampbe/CEESD/AutomatedTesting/MIRGE-Timing/timing/emirge.fusion/miniforge3/envs/timing.fusion/lib/python3.9/runpy.py", line 197, in _run_module_as_main
    return _run_code(code, main_globals, None,
  File "/p/gpfs1/mtcampbe/CEESD/AutomatedTesting/MIRGE-Timing/timing/emirge.fusion/miniforge3/envs/timing.fusion/lib/python3.9/runpy.py", line 87, in _run_code
    exec(code, run_globals)
  File "/p/gpfs1/mtcampbe/CEESD/AutomatedTesting/MIRGE-Timing/timing/emirge.fusion/miniforge3/envs/timing.fusion/lib/python3.9/site-packages/mpi4py/__main__.py", line 7, in <module>
    main()
  File "/p/gpfs1/mtcampbe/CEESD/AutomatedTesting/MIRGE-Timing/timing/emirge.fusion/miniforge3/envs/timing.fusion/lib/python3.9/site-packages/mpi4py/run.py", line 198, in main
    run_command_line(args)
  File "/p/gpfs1/mtcampbe/CEESD/AutomatedTesting/MIRGE-Timing/timing/emirge.fusion/miniforge3/envs/timing.fusion/lib/python3.9/site-packages/mpi4py/run.py", line 47, in run_command_line
    run_path(sys.argv[0], run_name='__main__')
  File "/p/gpfs1/mtcampbe/CEESD/AutomatedTesting/MIRGE-Timing/timing/emirge.fusion/miniforge3/envs/timing.fusion/lib/python3.9/runpy.py", line 268, in run_path
    return _run_module_code(code, init_globals, run_name,
  File "/p/gpfs1/mtcampbe/CEESD/AutomatedTesting/MIRGE-Timing/timing/emirge.fusion/miniforge3/envs/timing.fusion/lib/python3.9/runpy.py", line 97, in _run_module_code
    _run_code(code, mod_globals, init_globals,
  File "/p/gpfs1/mtcampbe/CEESD/AutomatedTesting/MIRGE-Timing/timing/emirge.fusion/miniforge3/envs/timing.fusion/lib/python3.9/runpy.py", line 87, in _run_code
    exec(code, run_globals)
  File "./combozzle.py", line 1157, in <module>
    main(use_logmgr=args.log, use_leap=args.leap, input_file=input_file,
  File "/p/gpfs1/mtcampbe/CEESD/AutomatedTesting/MIRGE-Timing/timing/emirge.fusion/mirgecom/mirgecom/mpi.py", line 157, in wrapped_func
    func(*args, **kwargs)
  File "./combozzle.py", line 1110, in main
    raise MyRuntimeError("Failed simulation health check.")
__main__.MyRuntimeError: Failed simulation health check.
--------------------------------------------------------------------------
MPI_ABORT was invoked on rank 0 in communicator MPI_COMM_WORLD
with errorcode 1.

NOTE: invoking MPI_ABORT causes Open MPI to kill all MPI processes.
You may or may not see output from other processes, depending on
exactly when Open MPI kills them.
--------------------------------------------------------------------------
python -m mpi4py ./combozzle.py -i ./run_config/case2d_p1s64.yaml --lazy
./combozzle.py:1133: UserWarning: Automatically turning off DV logging. MIRGE-Com Issue(578)
  warn("Automatically turning off DV logging. MIRGE-Com Issue(578)")
/p/gpfs1/mtcampbe/CEESD/AutomatedTesting/MIRGE-Timing/timing/emirge.fusion/grudge/grudge/array_context.py:59: UserWarning: Your loopy and meshmode branches are mismatched. Please make sure that you have the https://github.com/kaushikcfd/loopy/tree/pytato-array-context-transforms branch of loopy.
  warn("Your loopy and meshmode branches are mismatched. "
--------------------------------------------------------------------------
By default, for Open MPI 4.0 and later, infiniband ports on a device
are not used by default.  The intent is to use UCX for these devices.
You can override this policy by setting the btl_openib_allow_ib MCA parameter
to true.

  Local host:              lassen204
  Local adapter:           mlx5_1
  Local port:              1

--------------------------------------------------------------------------
--------------------------------------------------------------------------
WARNING: There was an error initializing an OpenFabrics device.

  Local host:   lassen204
  Local device: mlx5_1
--------------------------------------------------------------------------
[lassen204:113700] mca_base_component_repository_open: unable to open mca_pml_pami: libpami.so.3: cannot open shared object file: No such file or directory (ignored)
[lassen204:113700] mca_base_component_repository_open: unable to open mca_coll_ibm: libcollectives.so.3: cannot open shared object file: No such file or directory (ignored)
[lassen204:113700] mca_base_component_repository_open: unable to open mca_osc_pami: libpami.so.3: cannot open shared object file: No such file or directory (ignored)
[1649109663.426884] [lassen204:113700:0]         mxm.c:196  MXM  WARN  The 'ulimit -s' on the system is set to 'unlimited'. This may have negative performance implications. Please set the stack size to the default value (10240) 
rank 0: sent all mesh partitions
./combozzle.py:586: DeprecationWarning: EagerDGDiscretization is deprecated and will go away in 2022. Use the base DiscretizationCollection with grudge.op instead.
  discr = EagerDGDiscretization(
Unification converged after 1 iterations.
Array Contraction: Contracting 0 temps
Unification converged after 3 iterations.
fuse_same_discretization_entity_loops on '_pt_kernel': completed (0.36s wall 1.00x CPU)
Loop Fusion: completed (0.40s wall 1.00x CPU)
Array Contraction: Contracting 1 temps
building face restriction: start
building face restriction: done
Unification converged after 3 iterations.
Array Contraction: Contracting 2 temps
Unification converged after 1 iterations.
Array Contraction: Contracting 1 temps
_pt_kernel: generate code: completed (0.44s wall 1.00x CPU)
build program: kernel '_pt_kernel' was part of a lengthy source build resulting from a binary cache miss (1.44 s)
build program: kernel '_pt_kernel_0' was part of a lengthy source build resulting from a binary cache miss (1.44 s)
build program: kernel '_pt_kernel_1' was part of a lengthy source build resulting from a binary cache miss (1.44 s)
build program: kernel '_pt_kernel_2' was part of a lengthy source build resulting from a binary cache miss (1.44 s)
build program: kernel '_pt_kernel_3' was part of a lengthy source build resulting from a binary cache miss (1.44 s)
build program: kernel '_pt_kernel_4' was part of a lengthy source build resulting from a binary cache miss (1.44 s)
Unification converged after 1 iterations.
Array Contraction: Contracting 0 temps
Unification converged after 0 iterations.
/p/gpfs1/mtcampbe/CEESD/AutomatedTesting/MIRGE-Timing/timing/emirge.fusion/meshmode/meshmode/array_context.py:1559: UserWarning: FusionContractorArrayContext.transform_loopy_program not broad enough (yet). Falling back to a possibly slower transformation strategy.
  warn("FusionContractorArrayContext.transform_loopy_program not"
Unification converged after 0 iterations.
Unification converged after 1 iterations.
Unification converged after 1 iterations.
Unification converged after 1 iterations.
Unification converged after 1 iterations.
Unification converged after 1 iterations.
Unification converged after 1 iterations.
Unification converged after 1 iterations.
Unification converged after 1 iterations.
Unification converged after 1 iterations.
Unification converged after 1 iterations.
Unification converged after 1 iterations.
Unification converged after 1 iterations.
Unification converged after 1 iterations.
find_partition: Split 29 nodes into 1 parts, with [29] nodes in each partition.
Unification converged after 1 iterations.
fuse_same_discretization_entity_loops on '_pt_kernel': completed (0.54s wall 1.00x CPU)
Loop Fusion: completed (0.59s wall 1.00x CPU)
Array Contraction: Contracting 1 temps
_pt_kernel: schedule: completed (0.59s wall 1.00x CPU)
transform_loopy_program: completed (1.64s wall 1.00x CPU)
Unification converged after 1 iterations.
Array Contraction: Contracting 0 temps
Unification converged after 1 iterations.
Array Contraction: Contracting 0 temps
Unification converged after 1 iterations.
Array Contraction: Contracting 0 temps
Unification converged after 1 iterations.
Array Contraction: Contracting 0 temps
build program: kernel '_pt_kernel' was part of a lengthy source build resulting from a binary cache miss (0.50 s)
Unification converged after 1 iterations.
Unification converged after 1 iterations.
Unification converged after 1 iterations.
Unification converged after 1 iterations.
Unification converged after 1 iterations.
Unification converged after 1 iterations.
Unification converged after 1 iterations.
Unification converged after 1 iterations.
Unification converged after 1 iterations.
Unification converged after 1 iterations.
Unification converged after 1 iterations.
Unification converged after 1 iterations.
building face restriction: start
building face restriction: done
Unification converged after 3 iterations.
Array Contraction: Contracting 0 temps
Unification converged after 3 iterations.
Array Contraction: Contracting 0 temps
Unification converged after 1 iterations.
Array Contraction: Contracting 0 temps
Unification converged after 1 iterations.
Array Contraction: Contracting 0 temps
build program: kernel '_pt_kernel' was part of a lengthy source build resulting from a binary cache miss (0.46 s)
Unification converged after 1 iterations.
Array Contraction: Contracting 0 temps
build program: kernel '_pt_kernel' was part of a lengthy source build resulting from a binary cache miss (0.46 s)
Unification converged after 3 iterations.
fuse_same_discretization_entity_loops on '_pt_kernel': completed (2.04s wall 1.00x CPU)
Loop Fusion: completed (2.19s wall 1.00x CPU)
Array Contraction: Contracting 0 temps
preprocess_program on '_pt_kernel': completed (0.48s wall 1.00x CPU)
_pt_kernel: check array access within bounds: completed (0.66s wall 1.00x CPU)
_pt_kernel: generate code: completed (0.65s wall 1.00x CPU)
build program: kernel '_pt_kernel' was part of a lengthy source build resulting from a binary cache miss (1.09 s)
build program: kernel '_pt_kernel_0' was part of a lengthy source build resulting from a binary cache miss (1.09 s)
build program: kernel '_pt_kernel_1' was part of a lengthy source build resulting from a binary cache miss (1.09 s)
build program: kernel '_pt_kernel_2' was part of a lengthy source build resulting from a binary cache miss (1.09 s)
data wrapper de-duplication: 2194 encountered, 38 kept, 2156 eliminated
Unification converged after 11 iterations.
transform_dag.infer_axes_tags[pre-partition]: completed (10.11s wall 1.00x CPU)
find_partition: Split 4212 nodes into 1 parts, with [4212] nodes in each partition.
transform_dag.materialize_all_einsums_or_reduces: completed (0.63s wall 1.00x CPU)
Unification converged after 1 iterations.
transform_dag.infer_axes_tags: completed (8.67s wall 1.00x CPU)
Unification converged after 1 iterations.
Array Contraction: Contracting 0 temps
Unification converged after 1 iterations.
Array Contraction: Contracting 0 temps
build program: kernel '_pt_kernel' was part of a lengthy source build resulting from a binary cache miss (0.52 s)
Unification converged after 1 iterations.
Array Contraction: Contracting 0 temps
build program: kernel '_pt_kernel' was part of a lengthy source build resulting from a binary cache miss (0.57 s)
Unification converged after 1 iterations.
Array Contraction: Contracting 0 temps
build program: kernel '_pt_kernel' was part of a lengthy source build resulting from a binary cache miss (0.51 s)
Unification converged after 1 iterations.
Array Contraction: Contracting 0 temps
build program: kernel '_pt_kernel' was part of a lengthy source build resulting from a binary cache miss (0.52 s)
transform_dag: completed (14.81s wall 1.00x CPU)
generate_loopy: completed (28.96s wall 1.00x CPU)
fuse_same_discretization_entity_loops on '_pt_kernel': completed (79.18s wall 1.00x CPU)
Loop Fusion: completed (81.59s wall 1.00x CPU)
Array Contraction: Contracting 429 temps
contract_arrays on '_pt_kernel': completed (96.49s wall 1.00x CPU)
Array Contraction: completed (98.33s wall 1.00x CPU)
preprocess_program on '_pt_kernel': completed (9.84s wall 1.00x CPU)
_pt_kernel: check array access within bounds: completed (12.89s wall 1.00x CPU)
_pt_kernel: schedule: completed (6.33s wall 1.00x CPU)
transform_loopy_program: completed (222.78s wall 1.00x CPU)
_pt_kernel: generate code: completed (6.78s wall 1.00x CPU)
build program: kernel '_pt_kernel' was part of a lengthy source build resulting from a binary cache miss (7.45 s)
build program: kernel '_pt_kernel_0' was part of a lengthy source build resulting from a binary cache miss (7.45 s)
build program: kernel '_pt_kernel_1' was part of a lengthy source build resulting from a binary cache miss (7.45 s)
build program: kernel '_pt_kernel_2' was part of a lengthy source build resulting from a binary cache miss (7.45 s)
build program: kernel '_pt_kernel_3' was part of a lengthy source build resulting from a binary cache miss (7.45 s)
build program: kernel '_pt_kernel_4' was part of a lengthy source build resulting from a binary cache miss (7.45 s)
build program: kernel '_pt_kernel_5' was part of a lengthy source build resulting from a binary cache miss (7.45 s)
build program: kernel '_pt_kernel_6' was part of a lengthy source build resulting from a binary cache miss (7.45 s)
build program: kernel '_pt_kernel_7' was part of a lengthy source build resulting from a binary cache miss (7.45 s)
build program: kernel '_pt_kernel_8' was part of a lengthy source build resulting from a binary cache miss (7.45 s)
build program: kernel '_pt_kernel_9' was part of a lengthy source build resulting from a binary cache miss (7.45 s)
build program: kernel '_pt_kernel_10' was part of a lengthy source build resulting from a binary cache miss (7.45 s)
build program: kernel '_pt_kernel_11' was part of a lengthy source build resulting from a binary cache miss (7.45 s)
build program: kernel '_pt_kernel_12' was part of a lengthy source build resulting from a binary cache miss (7.45 s)
build program: kernel '_pt_kernel_13' was part of a lengthy source build resulting from a binary cache miss (7.45 s)
build program: kernel '_pt_kernel_14' was part of a lengthy source build resulting from a binary cache miss (7.45 s)
build program: kernel '_pt_kernel_15' was part of a lengthy source build resulting from a binary cache miss (7.45 s)
build program: kernel '_pt_kernel_16' was part of a lengthy source build resulting from a binary cache miss (7.45 s)
build program: kernel '_pt_kernel_17' was part of a lengthy source build resulting from a binary cache miss (7.45 s)
build program: kernel '_pt_kernel_18' was part of a lengthy source build resulting from a binary cache miss (7.45 s)
build program: kernel '_pt_kernel_19' was part of a lengthy source build resulting from a binary cache miss (7.45 s)
build program: kernel '_pt_kernel_20' was part of a lengthy source build resulting from a binary cache miss (7.45 s)
build program: kernel '_pt_kernel_21' was part of a lengthy source build resulting from a binary cache miss (7.45 s)
build program: kernel '_pt_kernel_22' was part of a lengthy source build resulting from a binary cache miss (7.45 s)
build program: kernel '_pt_kernel_23' was part of a lengthy source build resulting from a binary cache miss (7.45 s)
Unification converged after 1 iterations.
Array Contraction: Contracting 0 temps
Unification converged after 1 iterations.
Array Contraction: Contracting 0 temps
Reading user input from file: ./run_config/case2d_p1s64.yaml
#### Simluation control data: ####
----- run control ------
	grid_only=0,discr_only=0,inert_only=1
	single_gas_only=0,dummy_rhs_only=0
	periodic_boundary=1,adiabatic_boundary=0
	timestepping_on=1, inviscid_only=0
	av_on=1, sponge_on=1
	nspecies=0
---- timestepping ------
	current_dt = 1e-08
	t_final = 2e-07
	constant_cfl = False
	Time integration euler
---- i/o frequencies -----
	nviz = 1000
	nrestart = 10000
	nhealth = 100
	nstatus = 10000
----- domain ------
	spatial dimension: 2
	domain_xlen = 1.0
	x_scale = 1.0
	domain_ylen = 1.0
	y_scale = 1.0
	----- discretization ----
	char_len = 0.25
	order = 1
	Shock capturing parameters: alpha_sc=0.5,  s0_sc=-5.0, kappa_sc=0.5
Sponge parameters: sponge_amp=999999.9999999999, sponge_thickness=0.09, sponge_x0=0.9
	Dependent variable logging is OFF.
#### Simluation control data: ####
---- Mesh generator inputs -----
	Domain: [(0.0, 0.0), (8.0, 8.0)], periodic=(True, True)
	Npts/axis: (33, 33)
rank=0,local_nelements=2048,global_nelements=2048
----- Discretization info ----
Discr: nodes.shape=(2,), h_min=0.14644660940672283, h_max=0.14644660940672896
rank=0,local_nelements=2048,global_nelements=2048
Input state (T,P,X) = (1500.0, 101325.0, [0.06542056 0.19626168 0.         0.         0.         0.
 0.73831776]
Cantera state (rho,T,P,Y) = (0.23397065362031969, 1500.0, 101325.0, [0.06372925 0.21806609 0.         0.         0.         0.
 0.71820466]
Timestepping: current_step=0, current_t=0, t_final=2e-07, current_dt=1e-08
step = 0, sim time: 0.000000e+00 s
------- step walltime: 308.721 s, log walltime: 0.00018692 s
step = 1, sim time: 1.000000e-08 s
------- step walltime: 0.0272772 s, log walltime: 0.000173569 s
step = 2, sim time: 2.000000e-08 s
------- step walltime: 0.0284874 s, log walltime: 9.53674e-05 s
step = 3, sim time: 3.000000e-08 s
------- step walltime: 0.0262587 s, log walltime: 9.72748e-05 s
step = 4, sim time: 4.000000e-08 s
------- step walltime: 0.0262935 s, log walltime: 9.5129e-05 s
step = 5, sim time: 5.000000e-08 s
------- step walltime: 0.0265701 s, log walltime: 9.56059e-05 s
step = 6, sim time: 6.000000e-08 s
------- step walltime: 0.0262082 s, log walltime: 9.60827e-05 s
step = 7, sim time: 7.000000e-08 s
------- step walltime: 0.0268061 s, log walltime: 9.44138e-05 s
step = 8, sim time: 8.000000e-08 s
------- step walltime: 0.0261748 s, log walltime: 0.000101089 s
step = 9, sim time: 9.000000e-08 s
------- step walltime: 0.0266829 s, log walltime: 9.48906e-05 s
step = 10, sim time: 1.000000e-07 s
------- step walltime: 0.0264504 s, log walltime: 9.98974e-05 s
step = 11, sim time: 1.100000e-07 s
------- step walltime: 0.0261958 s, log walltime: 9.25064e-05 s
step = 12, sim time: 1.200000e-07 s
------- step walltime: 0.0267591 s, log walltime: 0.000101805 s
step = 13, sim time: 1.300000e-07 s
------- step walltime: 0.0261161 s, log walltime: 9.48906e-05 s
step = 14, sim time: 1.400000e-07 s
------- step walltime: 0.0272806 s, log walltime: 9.5129e-05 s
step = 15, sim time: 1.500000e-07 s
------- step walltime: 0.0265548 s, log walltime: 9.34601e-05 s
step = 16, sim time: 1.600000e-07 s
------- step walltime: 0.0261972 s, log walltime: 9.77516e-05 s
step = 17, sim time: 1.700000e-07 s
------- step walltime: 0.0267785 s, log walltime: 9.46522e-05 s
step = 18, sim time: 1.800000e-07 s
------- step walltime: 0.0260992 s, log walltime: 9.32217e-05 s
Unification converged after 1 iterations.
Array Contraction: Contracting 0 temps
Unification converged after 1 iterations.
Array Contraction: Contracting 0 temps
step = 19, sim time: 1.900000e-07 s
------- step walltime: 0.462136 s, log walltime: 9.39369e-05 s
Checkpointing final state ...
Unification converged after 1 iterations.
Array Contraction: Contracting 0 temps
Unification converged after 1 iterations.
Array Contraction: Contracting 0 temps
Unification converged after 1 iterations.
Array Contraction: Contracting 0 temps
----- cfl=0.05
P(-73537.2266662396, 101327.85686407503), T(-1094.712256010026, 1508.4202494948781)
Unification converged after 0 iterations.
rank=0: Invalid pressure data found.
rank=0: Invalid temperature data found.
Fluid solution failed health check.
Traceback (most recent call last):
  File "/p/gpfs1/mtcampbe/CEESD/AutomatedTesting/MIRGE-Timing/timing/emirge.fusion/miniforge3/envs/timing.fusion/lib/python3.9/runpy.py", line 197, in _run_module_as_main
    return _run_code(code, main_globals, None,
  File "/p/gpfs1/mtcampbe/CEESD/AutomatedTesting/MIRGE-Timing/timing/emirge.fusion/miniforge3/envs/timing.fusion/lib/python3.9/runpy.py", line 87, in _run_code
    exec(code, run_globals)
  File "/p/gpfs1/mtcampbe/CEESD/AutomatedTesting/MIRGE-Timing/timing/emirge.fusion/miniforge3/envs/timing.fusion/lib/python3.9/site-packages/mpi4py/__main__.py", line 7, in <module>
    main()
  File "/p/gpfs1/mtcampbe/CEESD/AutomatedTesting/MIRGE-Timing/timing/emirge.fusion/miniforge3/envs/timing.fusion/lib/python3.9/site-packages/mpi4py/run.py", line 198, in main
    run_command_line(args)
  File "/p/gpfs1/mtcampbe/CEESD/AutomatedTesting/MIRGE-Timing/timing/emirge.fusion/miniforge3/envs/timing.fusion/lib/python3.9/site-packages/mpi4py/run.py", line 47, in run_command_line
    run_path(sys.argv[0], run_name='__main__')
  File "/p/gpfs1/mtcampbe/CEESD/AutomatedTesting/MIRGE-Timing/timing/emirge.fusion/miniforge3/envs/timing.fusion/lib/python3.9/runpy.py", line 268, in run_path
    return _run_module_code(code, init_globals, run_name,
  File "/p/gpfs1/mtcampbe/CEESD/AutomatedTesting/MIRGE-Timing/timing/emirge.fusion/miniforge3/envs/timing.fusion/lib/python3.9/runpy.py", line 97, in _run_module_code
    _run_code(code, mod_globals, init_globals,
  File "/p/gpfs1/mtcampbe/CEESD/AutomatedTesting/MIRGE-Timing/timing/emirge.fusion/miniforge3/envs/timing.fusion/lib/python3.9/runpy.py", line 87, in _run_code
    exec(code, run_globals)
  File "./combozzle.py", line 1157, in <module>
    main(use_logmgr=args.log, use_leap=args.leap, input_file=input_file,
  File "/p/gpfs1/mtcampbe/CEESD/AutomatedTesting/MIRGE-Timing/timing/emirge.fusion/mirgecom/mirgecom/mpi.py", line 157, in wrapped_func
    func(*args, **kwargs)
  File "./combozzle.py", line 1110, in main
    raise MyRuntimeError("Failed simulation health check.")
__main__.MyRuntimeError: Failed simulation health check.
--------------------------------------------------------------------------
MPI_ABORT was invoked on rank 0 in communicator MPI_COMM_WORLD
with errorcode 1.

NOTE: invoking MPI_ABORT causes Open MPI to kill all MPI processes.
You may or may not see output from other processes, depending on
exactly when Open MPI kills them.
--------------------------------------------------------------------------
python -m mpi4py ./combozzle.py -i ./run_config/case2d_p1s8192.yaml --lazy
./combozzle.py:1133: UserWarning: Automatically turning off DV logging. MIRGE-Com Issue(578)
  warn("Automatically turning off DV logging. MIRGE-Com Issue(578)")
/p/gpfs1/mtcampbe/CEESD/AutomatedTesting/MIRGE-Timing/timing/emirge.fusion/grudge/grudge/array_context.py:59: UserWarning: Your loopy and meshmode branches are mismatched. Please make sure that you have the https://github.com/kaushikcfd/loopy/tree/pytato-array-context-transforms branch of loopy.
  warn("Your loopy and meshmode branches are mismatched. "
--------------------------------------------------------------------------
By default, for Open MPI 4.0 and later, infiniband ports on a device
are not used by default.  The intent is to use UCX for these devices.
You can override this policy by setting the btl_openib_allow_ib MCA parameter
to true.

  Local host:              lassen204
  Local adapter:           mlx5_1
  Local port:              1

--------------------------------------------------------------------------
--------------------------------------------------------------------------
WARNING: There was an error initializing an OpenFabrics device.

  Local host:   lassen204
  Local device: mlx5_1
--------------------------------------------------------------------------
[lassen204:118069] mca_base_component_repository_open: unable to open mca_pml_pami: libpami.so.3: cannot open shared object file: No such file or directory (ignored)
[lassen204:118069] mca_base_component_repository_open: unable to open mca_coll_ibm: libcollectives.so.3: cannot open shared object file: No such file or directory (ignored)
[lassen204:118069] mca_base_component_repository_open: unable to open mca_osc_pami: libpami.so.3: cannot open shared object file: No such file or directory (ignored)
[1649110005.291508] [lassen204:118069:0]         mxm.c:196  MXM  WARN  The 'ulimit -s' on the system is set to 'unlimited'. This may have negative performance implications. Please set the stack size to the default value (10240) 
rank 0: sent all mesh partitions
./combozzle.py:586: DeprecationWarning: EagerDGDiscretization is deprecated and will go away in 2022. Use the base DiscretizationCollection with grudge.op instead.
  discr = EagerDGDiscretization(
Unification converged after 1 iterations.
Array Contraction: Contracting 0 temps
Unification converged after 3 iterations.
fuse_same_discretization_entity_loops on '_pt_kernel': completed (0.36s wall 1.00x CPU)
Loop Fusion: completed (0.40s wall 1.00x CPU)
Array Contraction: Contracting 1 temps
building face restriction: start
building face restriction: done
Unification converged after 3 iterations.
Array Contraction: Contracting 2 temps
Unification converged after 1 iterations.
Array Contraction: Contracting 1 temps
_pt_kernel: generate code: completed (0.44s wall 1.00x CPU)
build program: kernel '_pt_kernel' was part of a lengthy source build resulting from a binary cache miss (1.44 s)
build program: kernel '_pt_kernel_0' was part of a lengthy source build resulting from a binary cache miss (1.44 s)
build program: kernel '_pt_kernel_1' was part of a lengthy source build resulting from a binary cache miss (1.44 s)
build program: kernel '_pt_kernel_2' was part of a lengthy source build resulting from a binary cache miss (1.44 s)
build program: kernel '_pt_kernel_3' was part of a lengthy source build resulting from a binary cache miss (1.44 s)
build program: kernel '_pt_kernel_4' was part of a lengthy source build resulting from a binary cache miss (1.44 s)
Unification converged after 1 iterations.
Array Contraction: Contracting 0 temps
Unification converged after 0 iterations.
/p/gpfs1/mtcampbe/CEESD/AutomatedTesting/MIRGE-Timing/timing/emirge.fusion/meshmode/meshmode/array_context.py:1559: UserWarning: FusionContractorArrayContext.transform_loopy_program not broad enough (yet). Falling back to a possibly slower transformation strategy.
  warn("FusionContractorArrayContext.transform_loopy_program not"
Unification converged after 0 iterations.
Unification converged after 1 iterations.
Unification converged after 1 iterations.
Unification converged after 1 iterations.
Unification converged after 1 iterations.
Unification converged after 1 iterations.
Unification converged after 1 iterations.
Unification converged after 1 iterations.
Unification converged after 1 iterations.
Unification converged after 1 iterations.
Unification converged after 1 iterations.
Unification converged after 1 iterations.
Unification converged after 1 iterations.
Unification converged after 1 iterations.
find_partition: Split 29 nodes into 1 parts, with [29] nodes in each partition.
Unification converged after 1 iterations.
fuse_same_discretization_entity_loops on '_pt_kernel': completed (0.54s wall 1.00x CPU)
Loop Fusion: completed (0.59s wall 1.00x CPU)
Array Contraction: Contracting 1 temps
_pt_kernel: schedule: completed (0.59s wall 1.00x CPU)
transform_loopy_program: completed (1.64s wall 1.00x CPU)
Unification converged after 1 iterations.
Array Contraction: Contracting 0 temps
Unification converged after 1 iterations.
Array Contraction: Contracting 0 temps
Unification converged after 1 iterations.
Array Contraction: Contracting 0 temps
Unification converged after 1 iterations.
Array Contraction: Contracting 0 temps
build program: kernel '_pt_kernel' was part of a lengthy source build resulting from a binary cache miss (0.49 s)
Unification converged after 1 iterations.
Unification converged after 1 iterations.
Unification converged after 1 iterations.
Unification converged after 1 iterations.
Unification converged after 1 iterations.
Unification converged after 1 iterations.
Unification converged after 1 iterations.
Unification converged after 1 iterations.
Unification converged after 1 iterations.
Unification converged after 1 iterations.
Unification converged after 1 iterations.
Unification converged after 1 iterations.
building face restriction: start
building face restriction: done
Unification converged after 3 iterations.
Array Contraction: Contracting 0 temps
Unification converged after 3 iterations.
Array Contraction: Contracting 0 temps
Unification converged after 1 iterations.
Array Contraction: Contracting 0 temps
Unification converged after 1 iterations.
Array Contraction: Contracting 0 temps
Unification converged after 1 iterations.
Array Contraction: Contracting 0 temps
Unification converged after 3 iterations.
fuse_same_discretization_entity_loops on '_pt_kernel': completed (2.07s wall 1.00x CPU)
Loop Fusion: completed (2.22s wall 1.00x CPU)
Array Contraction: Contracting 0 temps
preprocess_program on '_pt_kernel': completed (0.49s wall 1.00x CPU)
_pt_kernel: check array access within bounds: completed (0.66s wall 1.00x CPU)
_pt_kernel: generate code: completed (0.65s wall 1.00x CPU)
build program: kernel '_pt_kernel' was part of a lengthy source build resulting from a binary cache miss (1.09 s)
build program: kernel '_pt_kernel_0' was part of a lengthy source build resulting from a binary cache miss (1.09 s)
build program: kernel '_pt_kernel_1' was part of a lengthy source build resulting from a binary cache miss (1.09 s)
build program: kernel '_pt_kernel_2' was part of a lengthy source build resulting from a binary cache miss (1.09 s)
data wrapper de-duplication: 2194 encountered, 38 kept, 2156 eliminated
Unification converged after 11 iterations.
transform_dag.infer_axes_tags[pre-partition]: completed (10.11s wall 1.00x CPU)
find_partition: Split 4212 nodes into 1 parts, with [4212] nodes in each partition.
transform_dag.materialize_all_einsums_or_reduces: completed (0.78s wall 1.00x CPU)
Unification converged after 1 iterations.
transform_dag.infer_axes_tags: completed (8.68s wall 1.00x CPU)
Unification converged after 1 iterations.
Array Contraction: Contracting 0 temps
Unification converged after 1 iterations.
Array Contraction: Contracting 0 temps
build program: kernel '_pt_kernel' was part of a lengthy source build resulting from a binary cache miss (0.51 s)
Unification converged after 1 iterations.
Array Contraction: Contracting 0 temps
build program: kernel '_pt_kernel' was part of a lengthy source build resulting from a binary cache miss (0.57 s)
Unification converged after 1 iterations.
Array Contraction: Contracting 0 temps
build program: kernel '_pt_kernel' was part of a lengthy source build resulting from a binary cache miss (0.51 s)
Unification converged after 1 iterations.
Array Contraction: Contracting 0 temps
build program: kernel '_pt_kernel' was part of a lengthy source build resulting from a binary cache miss (0.52 s)
transform_dag: completed (14.84s wall 1.00x CPU)
generate_loopy: completed (28.94s wall 1.00x CPU)
fuse_same_discretization_entity_loops on '_pt_kernel': completed (79.03s wall 1.00x CPU)
Loop Fusion: completed (81.59s wall 1.00x CPU)
Array Contraction: Contracting 429 temps
contract_arrays on '_pt_kernel': completed (97.73s wall 1.00x CPU)
Array Contraction: completed (99.56s wall 1.00x CPU)
preprocess_program on '_pt_kernel': completed (9.88s wall 1.00x CPU)
_pt_kernel: check array access within bounds: completed (12.91s wall 1.00x CPU)
_pt_kernel: schedule: completed (6.32s wall 1.00x CPU)
transform_loopy_program: completed (223.87s wall 1.00x CPU)
_pt_kernel: generate code: completed (6.78s wall 1.00x CPU)
build program: kernel '_pt_kernel' was part of a lengthy source build resulting from a binary cache miss (7.45 s)
build program: kernel '_pt_kernel_0' was part of a lengthy source build resulting from a binary cache miss (7.45 s)
build program: kernel '_pt_kernel_1' was part of a lengthy source build resulting from a binary cache miss (7.45 s)
build program: kernel '_pt_kernel_2' was part of a lengthy source build resulting from a binary cache miss (7.45 s)
build program: kernel '_pt_kernel_3' was part of a lengthy source build resulting from a binary cache miss (7.45 s)
build program: kernel '_pt_kernel_4' was part of a lengthy source build resulting from a binary cache miss (7.45 s)
build program: kernel '_pt_kernel_5' was part of a lengthy source build resulting from a binary cache miss (7.45 s)
build program: kernel '_pt_kernel_6' was part of a lengthy source build resulting from a binary cache miss (7.45 s)
build program: kernel '_pt_kernel_7' was part of a lengthy source build resulting from a binary cache miss (7.45 s)
build program: kernel '_pt_kernel_8' was part of a lengthy source build resulting from a binary cache miss (7.45 s)
build program: kernel '_pt_kernel_9' was part of a lengthy source build resulting from a binary cache miss (7.45 s)
build program: kernel '_pt_kernel_10' was part of a lengthy source build resulting from a binary cache miss (7.45 s)
build program: kernel '_pt_kernel_11' was part of a lengthy source build resulting from a binary cache miss (7.45 s)
build program: kernel '_pt_kernel_12' was part of a lengthy source build resulting from a binary cache miss (7.45 s)
build program: kernel '_pt_kernel_13' was part of a lengthy source build resulting from a binary cache miss (7.45 s)
build program: kernel '_pt_kernel_14' was part of a lengthy source build resulting from a binary cache miss (7.45 s)
build program: kernel '_pt_kernel_15' was part of a lengthy source build resulting from a binary cache miss (7.45 s)
build program: kernel '_pt_kernel_16' was part of a lengthy source build resulting from a binary cache miss (7.45 s)
build program: kernel '_pt_kernel_17' was part of a lengthy source build resulting from a binary cache miss (7.45 s)
build program: kernel '_pt_kernel_18' was part of a lengthy source build resulting from a binary cache miss (7.45 s)
build program: kernel '_pt_kernel_19' was part of a lengthy source build resulting from a binary cache miss (7.45 s)
build program: kernel '_pt_kernel_20' was part of a lengthy source build resulting from a binary cache miss (7.45 s)
build program: kernel '_pt_kernel_21' was part of a lengthy source build resulting from a binary cache miss (7.45 s)
build program: kernel '_pt_kernel_22' was part of a lengthy source build resulting from a binary cache miss (7.45 s)
build program: kernel '_pt_kernel_23' was part of a lengthy source build resulting from a binary cache miss (7.45 s)
Unification converged after 1 iterations.
Array Contraction: Contracting 0 temps
Unification converged after 1 iterations.
Array Contraction: Contracting 0 temps
Reading user input from file: ./run_config/case2d_p1s8192.yaml
#### Simluation control data: ####
----- run control ------
	grid_only=0,discr_only=0,inert_only=1
	single_gas_only=0,dummy_rhs_only=0
	periodic_boundary=1,adiabatic_boundary=0
	timestepping_on=1, inviscid_only=0
	av_on=1, sponge_on=1
	nspecies=0
---- timestepping ------
	current_dt = 1e-08
	t_final = 2e-07
	constant_cfl = False
	Time integration euler
---- i/o frequencies -----
	nviz = 1000
	nrestart = 10000
	nhealth = 100
	nstatus = 10000
----- domain ------
	spatial dimension: 2
	domain_xlen = 1.0
	x_scale = 2.0
	domain_ylen = 1.0
	y_scale = 1.0
	----- discretization ----
	char_len = 0.25
	order = 1
	Shock capturing parameters: alpha_sc=0.5,  s0_sc=-5.0, kappa_sc=0.5
Sponge parameters: sponge_amp=999999.9999999999, sponge_thickness=0.09, sponge_x0=0.9
	Dependent variable logging is OFF.
#### Simluation control data: ####
---- Mesh generator inputs -----
	Domain: [(0.0, 0.0), (128.0, 64.0)], periodic=(True, True)
	Npts/axis: (513, 257)
rank=0,local_nelements=262144,global_nelements=262144
----- Discretization info ----
Discr: nodes.shape=(2,), h_min=0.14644660940669002, h_max=0.14644660940675824
rank=0,local_nelements=262144,global_nelements=262144
Input state (T,P,X) = (1500.0, 101325.0, [0.06542056 0.19626168 0.         0.         0.         0.
 0.73831776]
Cantera state (rho,T,P,Y) = (0.23397065362031969, 1500.0, 101325.0, [0.06372925 0.21806609 0.         0.         0.         0.
 0.71820466]
Timestepping: current_step=0, current_t=0, t_final=2e-07, current_dt=1e-08
step = 0, sim time: 0.000000e+00 s
------- step walltime: 320.091 s, log walltime: 0.000199318 s
step = 1, sim time: 1.000000e-08 s
------- step walltime: 0.064477 s, log walltime: 0.000176191 s
step = 2, sim time: 2.000000e-08 s
------- step walltime: 0.0484345 s, log walltime: 0.000100851 s
step = 3, sim time: 3.000000e-08 s
------- step walltime: 0.0466182 s, log walltime: 9.56059e-05 s
step = 4, sim time: 4.000000e-08 s
------- step walltime: 0.0724914 s, log walltime: 9.89437e-05 s
step = 5, sim time: 5.000000e-08 s
------- step walltime: 0.0467615 s, log walltime: 0.000104427 s
step = 6, sim time: 6.000000e-08 s
------- step walltime: 0.058341 s, log walltime: 0.000102043 s
step = 7, sim time: 7.000000e-08 s
------- step walltime: 0.0484025 s, log walltime: 0.000100613 s
step = 8, sim time: 8.000000e-08 s
------- step walltime: 0.0467899 s, log walltime: 0.000112057 s
step = 9, sim time: 9.000000e-08 s
------- step walltime: 0.0485861 s, log walltime: 9.9659e-05 s
step = 10, sim time: 1.000000e-07 s
------- step walltime: 0.0477726 s, log walltime: 0.000110626 s
step = 11, sim time: 1.100000e-07 s
------- step walltime: 0.058378 s, log walltime: 9.67979e-05 s
step = 12, sim time: 1.200000e-07 s
------- step walltime: 0.0475981 s, log walltime: 0.000108957 s
step = 13, sim time: 1.300000e-07 s
------- step walltime: 0.046747 s, log walltime: 9.60827e-05 s
step = 14, sim time: 1.400000e-07 s
------- step walltime: 0.0484343 s, log walltime: 9.91821e-05 s
step = 15, sim time: 1.500000e-07 s
------- step walltime: 0.0467253 s, log walltime: 0.000100136 s
step = 16, sim time: 1.600000e-07 s
------- step walltime: 0.0593808 s, log walltime: 9.87053e-05 s
step = 17, sim time: 1.700000e-07 s
------- step walltime: 0.0477829 s, log walltime: 9.67979e-05 s
step = 18, sim time: 1.800000e-07 s
------- step walltime: 0.0467224 s, log walltime: 9.5129e-05 s
Unification converged after 1 iterations.
Array Contraction: Contracting 0 temps
Unification converged after 1 iterations.
Array Contraction: Contracting 0 temps
step = 19, sim time: 1.900000e-07 s
------- step walltime: 0.482155 s, log walltime: 9.70364e-05 s
Checkpointing final state ...
Unification converged after 1 iterations.
Array Contraction: Contracting 0 temps
build program: kernel '_pt_kernel' was part of a lengthy source build resulting from a binary cache miss (0.50 s)
Unification converged after 1 iterations.
Array Contraction: Contracting 0 temps
build program: kernel '_pt_kernel' was part of a lengthy source build resulting from a binary cache miss (0.52 s)
Unification converged after 1 iterations.
Array Contraction: Contracting 0 temps
----- cfl=0.05
P(-494279.18573757826, 101327.25188875044), T(-7358.015657009136, 1508.3701876978193)
Unification converged after 0 iterations.
rank=0: Invalid pressure data found.
rank=0: Invalid temperature data found.
Fluid solution failed health check.
Traceback (most recent call last):
  File "/p/gpfs1/mtcampbe/CEESD/AutomatedTesting/MIRGE-Timing/timing/emirge.fusion/miniforge3/envs/timing.fusion/lib/python3.9/runpy.py", line 197, in _run_module_as_main
    return _run_code(code, main_globals, None,
  File "/p/gpfs1/mtcampbe/CEESD/AutomatedTesting/MIRGE-Timing/timing/emirge.fusion/miniforge3/envs/timing.fusion/lib/python3.9/runpy.py", line 87, in _run_code
    exec(code, run_globals)
  File "/p/gpfs1/mtcampbe/CEESD/AutomatedTesting/MIRGE-Timing/timing/emirge.fusion/miniforge3/envs/timing.fusion/lib/python3.9/site-packages/mpi4py/__main__.py", line 7, in <module>
    main()
  File "/p/gpfs1/mtcampbe/CEESD/AutomatedTesting/MIRGE-Timing/timing/emirge.fusion/miniforge3/envs/timing.fusion/lib/python3.9/site-packages/mpi4py/run.py", line 198, in main
    run_command_line(args)
  File "/p/gpfs1/mtcampbe/CEESD/AutomatedTesting/MIRGE-Timing/timing/emirge.fusion/miniforge3/envs/timing.fusion/lib/python3.9/site-packages/mpi4py/run.py", line 47, in run_command_line
    run_path(sys.argv[0], run_name='__main__')
  File "/p/gpfs1/mtcampbe/CEESD/AutomatedTesting/MIRGE-Timing/timing/emirge.fusion/miniforge3/envs/timing.fusion/lib/python3.9/runpy.py", line 268, in run_path
    return _run_module_code(code, init_globals, run_name,
  File "/p/gpfs1/mtcampbe/CEESD/AutomatedTesting/MIRGE-Timing/timing/emirge.fusion/miniforge3/envs/timing.fusion/lib/python3.9/runpy.py", line 97, in _run_module_code
    _run_code(code, mod_globals, init_globals,
  File "/p/gpfs1/mtcampbe/CEESD/AutomatedTesting/MIRGE-Timing/timing/emirge.fusion/miniforge3/envs/timing.fusion/lib/python3.9/runpy.py", line 87, in _run_code
    exec(code, run_globals)
  File "./combozzle.py", line 1157, in <module>
    main(use_logmgr=args.log, use_leap=args.leap, input_file=input_file,
  File "/p/gpfs1/mtcampbe/CEESD/AutomatedTesting/MIRGE-Timing/timing/emirge.fusion/mirgecom/mirgecom/mpi.py", line 157, in wrapped_func
    func(*args, **kwargs)
  File "./combozzle.py", line 1110, in main
    raise MyRuntimeError("Failed simulation health check.")
__main__.MyRuntimeError: Failed simulation health check.
--------------------------------------------------------------------------
MPI_ABORT was invoked on rank 0 in communicator MPI_COMM_WORLD
with errorcode 1.

NOTE: invoking MPI_ABORT causes Open MPI to kill all MPI processes.
You may or may not see output from other processes, depending on
exactly when Open MPI kills them.
--------------------------------------------------------------------------

------------------------------------------------------------
Sender: LSF System <lsfadmin@lassen710>
Subject: Job 3427875: <combozzle_lazy_gridscale> in cluster <lassen> Done

Job <combozzle_lazy_gridscale> was submitted from host <lassen709> by user <mtcampbe> in cluster <lassen> at Mon Apr  4 14:00:41 2022
Job was executed on host(s) <1*lassen710>, in queue <pbatch>, as user <mtcampbe> in cluster <lassen> at Mon Apr  4 14:07:56 2022
                            <40*lassen204>
</g/g17/mtcampbe> was used as the home directory.
</g/g17/mtcampbe/ceesd-timing/drivers_bozzle/grid_scale/2d> was used as the working directory.
Started at Mon Apr  4 14:07:56 2022
Terminated at Mon Apr  4 15:14:29 2022
Results reported at Mon Apr  4 15:14:29 2022

Your job looked like:

------------------------------------------------------------
# LSBATCH: User input
#!/bin/bash --login

#BSUB -nnodes 1
#BSUB -G uiuc
#BSUB -W 480
#BSUB -J combozzle_lazy_gridscale
#BSUB -q pbatch

. ./mirge_batch_env.sh
. ${EMIRGE_HOME}/config/activate_env.sh

config_files="./run_config/*.yaml"
for file in $config_files
do
    printf "python -m mpi4py ./combozzle.py -i ${file} --lazy\n"
    python -m mpi4py ./combozzle.py -i $file --lazy
done

mkdir -p run_logs
mv *sqlite run_logs


------------------------------------------------------------

Successfully completed.

Resource usage summary:

    CPU time :                                   1.50 sec.
    Max Memory :                                 59 MB
    Average Memory :                             58.94 MB
    Total Requested Memory :                     -
    Delta Memory :                               -
    Max Swap :                                   1425 MB
    Max Processes :                              4
    Max Threads :                                27
    Run time :                                   3993 sec.
    Turnaround time :                            4428 sec.

The output (if any) is above this job summary.

